[1.100s] Invoking command in '/home/othmene/Turtlesim-Catch-Them-All-project/build/turtlesim_catch_them_all': PYTHONPATH=/home/othmene/Turtlesim-Catch-Them-All-project/build/turtlesim_catch_them_all/prefix_override:/home/othmene/Turtlesim-Catch-Them-All-project/install/turtlesim_catch_them_all/lib/python3.10/site-packages:${PYTHONPATH} /usr/bin/python3 setup.py develop --uninstall --editable --build-directory /home/othmene/Turtlesim-Catch-Them-All-project/build/turtlesim_catch_them_all/build
[1.452s] running develop
[1.664s] Removing /home/othmene/Turtlesim-Catch-Them-All-project/install/turtlesim_catch_them_all/lib/python3.10/site-packages/turtlesim-catch-them-all.egg-link (link to .)
[1.714s] Invoked command in '/home/othmene/Turtlesim-Catch-Them-All-project/build/turtlesim_catch_them_all' returned '0': PYTHONPATH=/home/othmene/Turtlesim-Catch-Them-All-project/build/turtlesim_catch_them_all/prefix_override:/home/othmene/Turtlesim-Catch-Them-All-project/install/turtlesim_catch_them_all/lib/python3.10/site-packages:${PYTHONPATH} /usr/bin/python3 setup.py develop --uninstall --editable --build-directory /home/othmene/Turtlesim-Catch-Them-All-project/build/turtlesim_catch_them_all/build
[1.717s] Invoking command in '/home/othmene/Turtlesim-Catch-Them-All-project/src/turtlesim_catch_them_all': PYTHONPATH=/home/othmene/Turtlesim-Catch-Them-All-project/build/turtlesim_catch_them_all/prefix_override:/home/othmene/Turtlesim-Catch-Them-All-project/install/turtlesim_catch_them_all/lib/python3.10/site-packages:${PYTHONPATH} /usr/bin/python3 setup.py egg_info --egg-base ../../build/turtlesim_catch_them_all build --build-base /home/othmene/Turtlesim-Catch-Them-All-project/build/turtlesim_catch_them_all/build install --record /home/othmene/Turtlesim-Catch-Them-All-project/build/turtlesim_catch_them_all/install.log --single-version-externally-managed
[2.034s] running egg_info
[2.034s] writing ../../build/turtlesim_catch_them_all/turtlesim_catch_them_all.egg-info/PKG-INFO
[2.035s] writing dependency_links to ../../build/turtlesim_catch_them_all/turtlesim_catch_them_all.egg-info/dependency_links.txt
[2.035s] writing entry points to ../../build/turtlesim_catch_them_all/turtlesim_catch_them_all.egg-info/entry_points.txt
[2.035s] writing requirements to ../../build/turtlesim_catch_them_all/turtlesim_catch_them_all.egg-info/requires.txt
[2.035s] writing top-level names to ../../build/turtlesim_catch_them_all/turtlesim_catch_them_all.egg-info/top_level.txt
[2.038s] reading manifest file '../../build/turtlesim_catch_them_all/turtlesim_catch_them_all.egg-info/SOURCES.txt'
[2.041s] writing manifest file '../../build/turtlesim_catch_them_all/turtlesim_catch_them_all.egg-info/SOURCES.txt'
[2.041s] running build
[2.041s] running build_py
[2.041s] copying turtlesim_catch_them_all/turtle_spawner.py -> /home/othmene/Turtlesim-Catch-Them-All-project/build/turtlesim_catch_them_all/build/lib/turtlesim_catch_them_all
[2.042s] copying turtlesim_catch_them_all/turtle_controller.py -> /home/othmene/Turtlesim-Catch-Them-All-project/build/turtlesim_catch_them_all/build/lib/turtlesim_catch_them_all
[2.043s] running install
[2.043s] running install_lib
[2.045s] creating /home/othmene/Turtlesim-Catch-Them-All-project/install/turtlesim_catch_them_all/lib/python3.10/site-packages/turtlesim_catch_them_all
[2.045s] copying /home/othmene/Turtlesim-Catch-Them-All-project/build/turtlesim_catch_them_all/build/lib/turtlesim_catch_them_all/__init__.py -> /home/othmene/Turtlesim-Catch-Them-All-project/install/turtlesim_catch_them_all/lib/python3.10/site-packages/turtlesim_catch_them_all
[2.045s] copying /home/othmene/Turtlesim-Catch-Them-All-project/build/turtlesim_catch_them_all/build/lib/turtlesim_catch_them_all/turtle_spawner.py -> /home/othmene/Turtlesim-Catch-Them-All-project/install/turtlesim_catch_them_all/lib/python3.10/site-packages/turtlesim_catch_them_all
[2.045s] copying /home/othmene/Turtlesim-Catch-Them-All-project/build/turtlesim_catch_them_all/build/lib/turtlesim_catch_them_all/turtle_controller.py -> /home/othmene/Turtlesim-Catch-Them-All-project/install/turtlesim_catch_them_all/lib/python3.10/site-packages/turtlesim_catch_them_all
[2.046s] byte-compiling /home/othmene/Turtlesim-Catch-Them-All-project/install/turtlesim_catch_them_all/lib/python3.10/site-packages/turtlesim_catch_them_all/__init__.py to __init__.cpython-310.pyc
[2.047s] byte-compiling /home/othmene/Turtlesim-Catch-Them-All-project/install/turtlesim_catch_them_all/lib/python3.10/site-packages/turtlesim_catch_them_all/turtle_spawner.py to turtle_spawner.cpython-310.pyc
[2.048s] byte-compiling /home/othmene/Turtlesim-Catch-Them-All-project/install/turtlesim_catch_them_all/lib/python3.10/site-packages/turtlesim_catch_them_all/turtle_controller.py to turtle_controller.cpython-310.pyc
[2.049s] running install_data
[2.050s] running install_egg_info
[2.052s] Copying ../../build/turtlesim_catch_them_all/turtlesim_catch_them_all.egg-info to /home/othmene/Turtlesim-Catch-Them-All-project/install/turtlesim_catch_them_all/lib/python3.10/site-packages/turtlesim_catch_them_all-0.0.0-py3.10.egg-info
[2.056s] running install_scripts
[2.079s] Installing turtle_controller script to /home/othmene/Turtlesim-Catch-Them-All-project/install/turtlesim_catch_them_all/lib/turtlesim_catch_them_all
[2.079s] Installing turtle_spawner script to /home/othmene/Turtlesim-Catch-Them-All-project/install/turtlesim_catch_them_all/lib/turtlesim_catch_them_all
[2.079s] writing list of installed files to '/home/othmene/Turtlesim-Catch-Them-All-project/build/turtlesim_catch_them_all/install.log'
[2.120s] Invoked command in '/home/othmene/Turtlesim-Catch-Them-All-project/src/turtlesim_catch_them_all' returned '0': PYTHONPATH=/home/othmene/Turtlesim-Catch-Them-All-project/build/turtlesim_catch_them_all/prefix_override:/home/othmene/Turtlesim-Catch-Them-All-project/install/turtlesim_catch_them_all/lib/python3.10/site-packages:${PYTHONPATH} /usr/bin/python3 setup.py egg_info --egg-base ../../build/turtlesim_catch_them_all build --build-base /home/othmene/Turtlesim-Catch-Them-All-project/build/turtlesim_catch_them_all/build install --record /home/othmene/Turtlesim-Catch-Them-All-project/build/turtlesim_catch_them_all/install.log --single-version-externally-managed
