[0.181s] Invoking command in '/home/othmene/Turtlesim-Catch-Them-All-project/build/turtlesim_interfaces': CMAKE_PREFIX_PATH=${CMAKE_PREFIX_PATH}:/home/othmene/Turtlesim-Catch-Them-All-project/install/turtlesim_catch_them_all:/opt/ros/humble /usr/bin/cmake --build /home/othmene/Turtlesim-Catch-Them-All-project/build/turtlesim_interfaces -- -j4 -l4
[0.270s] [ 10%] Built target turtlesim_interfaces__rosidl_generator_c
[0.272s] [ 12%] Built target turtlesim_interfaces__cpp
[0.284s] [ 12%] Built target ament_cmake_python_symlink_turtlesim_interfaces
[0.308s] [ 23%] Built target turtlesim_interfaces__rosidl_typesupport_introspection_c
[0.321s] [ 34%] Built target turtlesim_interfaces__rosidl_typesupport_fastrtps_c
[0.324s] [ 44%] Built target turtlesim_interfaces__rosidl_typesupport_fastrtps_cpp
[0.325s] [ 55%] Built target turtlesim_interfaces__rosidl_typesupport_c
[0.376s] [ 65%] Built target turtlesim_interfaces__rosidl_typesupport_cpp
[0.376s] [ 76%] Built target turtlesim_interfaces__rosidl_typesupport_introspection_cpp
[0.399s] [ 76%] Built target turtlesim_interfaces
[0.438s] [ 78%] Built target turtlesim_interfaces__py
[0.472s] [ 87%] Built target turtlesim_interfaces__rosidl_generator_py
[0.526s] [ 91%] Built target turtlesim_interfaces__rosidl_typesupport_fastrtps_c__pyext
[0.532s] [ 95%] Built target turtlesim_interfaces__rosidl_typesupport_c__pyext
[0.541s] [100%] Built target turtlesim_interfaces__rosidl_typesupport_introspection_c__pyext
[0.749s] running egg_info
[0.750s] writing turtlesim_interfaces.egg-info/PKG-INFO
[0.751s] writing dependency_links to turtlesim_interfaces.egg-info/dependency_links.txt
[0.751s] writing top-level names to turtlesim_interfaces.egg-info/top_level.txt
[0.755s] reading manifest file 'turtlesim_interfaces.egg-info/SOURCES.txt'
[0.756s] writing manifest file 'turtlesim_interfaces.egg-info/SOURCES.txt'
[0.810s] [100%] Built target ament_cmake_python_build_turtlesim_interfaces_egg
[0.829s] Invoked command in '/home/othmene/Turtlesim-Catch-Them-All-project/build/turtlesim_interfaces' returned '0': CMAKE_PREFIX_PATH=${CMAKE_PREFIX_PATH}:/home/othmene/Turtlesim-Catch-Them-All-project/install/turtlesim_catch_them_all:/opt/ros/humble /usr/bin/cmake --build /home/othmene/Turtlesim-Catch-Them-All-project/build/turtlesim_interfaces -- -j4 -l4
[0.992s] Invoking command in '/home/othmene/Turtlesim-Catch-Them-All-project/build/turtlesim_interfaces': CMAKE_PREFIX_PATH=${CMAKE_PREFIX_PATH}:/home/othmene/Turtlesim-Catch-Them-All-project/install/turtlesim_catch_them_all:/opt/ros/humble /usr/bin/cmake --install /home/othmene/Turtlesim-Catch-Them-All-project/build/turtlesim_interfaces
[1.001s] -- Install configuration: ""
[1.002s] -- Execute custom install script
[1.002s] -- Up-to-date symlink: /home/othmene/Turtlesim-Catch-Them-All-project/install/turtlesim_interfaces/share/ament_index/resource_index/rosidl_interfaces/turtlesim_interfaces
[1.002s] -- Up-to-date symlink: /home/othmene/Turtlesim-Catch-Them-All-project/install/turtlesim_interfaces/include/turtlesim_interfaces/turtlesim_interfaces/msg/detail/turtle__functions.h
[1.003s] -- Up-to-date symlink: /home/othmene/Turtlesim-Catch-Them-All-project/install/turtlesim_interfaces/include/turtlesim_interfaces/turtlesim_interfaces/msg/detail/turtle__struct.h
[1.003s] -- Up-to-date symlink: /home/othmene/Turtlesim-Catch-Them-All-project/install/turtlesim_interfaces/include/turtlesim_interfaces/turtlesim_interfaces/msg/detail/turtle__type_support.h
[1.003s] -- Up-to-date symlink: /home/othmene/Turtlesim-Catch-Them-All-project/install/turtlesim_interfaces/include/turtlesim_interfaces/turtlesim_interfaces/msg/detail/turtle_array__functions.h
[1.003s] -- Up-to-date symlink: /home/othmene/Turtlesim-Catch-Them-All-project/install/turtlesim_interfaces/include/turtlesim_interfaces/turtlesim_interfaces/msg/detail/turtle_array__struct.h
[1.003s] -- Up-to-date symlink: /home/othmene/Turtlesim-Catch-Them-All-project/install/turtlesim_interfaces/include/turtlesim_interfaces/turtlesim_interfaces/msg/detail/turtle_array__type_support.h
[1.004s] -- Up-to-date symlink: /home/othmene/Turtlesim-Catch-Them-All-project/install/turtlesim_interfaces/include/turtlesim_interfaces/turtlesim_interfaces/msg/rosidl_generator_c__visibility_control.h
[1.004s] -- Up-to-date symlink: /home/othmene/Turtlesim-Catch-Them-All-project/install/turtlesim_interfaces/include/turtlesim_interfaces/turtlesim_interfaces/msg/turtle.h
[1.004s] -- Up-to-date symlink: /home/othmene/Turtlesim-Catch-Them-All-project/install/turtlesim_interfaces/include/turtlesim_interfaces/turtlesim_interfaces/msg/turtle_array.h
[1.004s] -- Up-to-date symlink: /home/othmene/Turtlesim-Catch-Them-All-project/install/turtlesim_interfaces/include/turtlesim_interfaces/turtlesim_interfaces/srv/catch_turtle.h
[1.005s] -- Up-to-date symlink: /home/othmene/Turtlesim-Catch-Them-All-project/install/turtlesim_interfaces/include/turtlesim_interfaces/turtlesim_interfaces/srv/detail/catch_turtle__functions.h
[1.005s] -- Up-to-date symlink: /home/othmene/Turtlesim-Catch-Them-All-project/install/turtlesim_interfaces/include/turtlesim_interfaces/turtlesim_interfaces/srv/detail/catch_turtle__struct.h
[1.005s] -- Up-to-date symlink: /home/othmene/Turtlesim-Catch-Them-All-project/install/turtlesim_interfaces/include/turtlesim_interfaces/turtlesim_interfaces/srv/detail/catch_turtle__type_support.h
[1.005s] -- Up-to-date symlink: /home/othmene/Turtlesim-Catch-Them-All-project/install/turtlesim_interfaces/share/turtlesim_interfaces/environment/library_path.sh
[1.005s] -- Up-to-date symlink: /home/othmene/Turtlesim-Catch-Them-All-project/install/turtlesim_interfaces/share/turtlesim_interfaces/environment/library_path.dsv
[1.005s] -- Up-to-date symlink: /home/othmene/Turtlesim-Catch-Them-All-project/install/turtlesim_interfaces/include/turtlesim_interfaces/turtlesim_interfaces/msg/detail/turtle__rosidl_typesupport_fastrtps_c.h
[1.006s] -- Up-to-date symlink: /home/othmene/Turtlesim-Catch-Them-All-project/install/turtlesim_interfaces/include/turtlesim_interfaces/turtlesim_interfaces/msg/detail/turtle_array__rosidl_typesupport_fastrtps_c.h
[1.006s] -- Up-to-date symlink: /home/othmene/Turtlesim-Catch-Them-All-project/install/turtlesim_interfaces/include/turtlesim_interfaces/turtlesim_interfaces/msg/rosidl_typesupport_fastrtps_c__visibility_control.h
[1.006s] -- Up-to-date symlink: /home/othmene/Turtlesim-Catch-Them-All-project/install/turtlesim_interfaces/include/turtlesim_interfaces/turtlesim_interfaces/srv/detail/catch_turtle__rosidl_typesupport_fastrtps_c.h
[1.006s] -- Up-to-date symlink: /home/othmene/Turtlesim-Catch-Them-All-project/install/turtlesim_interfaces/include/turtlesim_interfaces/turtlesim_interfaces/msg/detail/turtle__rosidl_typesupport_introspection_c.h
[1.007s] -- Up-to-date symlink: /home/othmene/Turtlesim-Catch-Them-All-project/install/turtlesim_interfaces/include/turtlesim_interfaces/turtlesim_interfaces/msg/detail/turtle_array__rosidl_typesupport_introspection_c.h
[1.007s] -- Up-to-date symlink: /home/othmene/Turtlesim-Catch-Them-All-project/install/turtlesim_interfaces/include/turtlesim_interfaces/turtlesim_interfaces/msg/rosidl_typesupport_introspection_c__visibility_control.h
[1.007s] -- Up-to-date symlink: /home/othmene/Turtlesim-Catch-Them-All-project/install/turtlesim_interfaces/include/turtlesim_interfaces/turtlesim_interfaces/srv/detail/catch_turtle__rosidl_typesupport_introspection_c.h
[1.007s] -- Up-to-date symlink: /home/othmene/Turtlesim-Catch-Them-All-project/install/turtlesim_interfaces/include/turtlesim_interfaces/turtlesim_interfaces/msg/detail/turtle__builder.hpp
[1.008s] -- Up-to-date symlink: /home/othmene/Turtlesim-Catch-Them-All-project/install/turtlesim_interfaces/include/turtlesim_interfaces/turtlesim_interfaces/msg/detail/turtle__struct.hpp
[1.008s] -- Up-to-date symlink: /home/othmene/Turtlesim-Catch-Them-All-project/install/turtlesim_interfaces/include/turtlesim_interfaces/turtlesim_interfaces/msg/detail/turtle__traits.hpp
[1.008s] -- Up-to-date symlink: /home/othmene/Turtlesim-Catch-Them-All-project/install/turtlesim_interfaces/include/turtlesim_interfaces/turtlesim_interfaces/msg/detail/turtle_array__builder.hpp
[1.008s] -- Up-to-date symlink: /home/othmene/Turtlesim-Catch-Them-All-project/install/turtlesim_interfaces/include/turtlesim_interfaces/turtlesim_interfaces/msg/detail/turtle_array__struct.hpp
[1.008s] -- Up-to-date symlink: /home/othmene/Turtlesim-Catch-Them-All-project/install/turtlesim_interfaces/include/turtlesim_interfaces/turtlesim_interfaces/msg/detail/turtle_array__traits.hpp
[1.009s] -- Up-to-date symlink: /home/othmene/Turtlesim-Catch-Them-All-project/install/turtlesim_interfaces/include/turtlesim_interfaces/turtlesim_interfaces/msg/turtle.hpp
[1.009s] -- Up-to-date symlink: /home/othmene/Turtlesim-Catch-Them-All-project/install/turtlesim_interfaces/include/turtlesim_interfaces/turtlesim_interfaces/msg/turtle_array.hpp
[1.009s] -- Up-to-date symlink: /home/othmene/Turtlesim-Catch-Them-All-project/install/turtlesim_interfaces/include/turtlesim_interfaces/turtlesim_interfaces/srv/catch_turtle.hpp
[1.009s] -- Up-to-date symlink: /home/othmene/Turtlesim-Catch-Them-All-project/install/turtlesim_interfaces/include/turtlesim_interfaces/turtlesim_interfaces/srv/detail/catch_turtle__builder.hpp
[1.009s] -- Up-to-date symlink: /home/othmene/Turtlesim-Catch-Them-All-project/install/turtlesim_interfaces/include/turtlesim_interfaces/turtlesim_interfaces/srv/detail/catch_turtle__struct.hpp
[1.009s] -- Up-to-date symlink: /home/othmene/Turtlesim-Catch-Them-All-project/install/turtlesim_interfaces/include/turtlesim_interfaces/turtlesim_interfaces/srv/detail/catch_turtle__traits.hpp
[1.010s] -- Up-to-date symlink: /home/othmene/Turtlesim-Catch-Them-All-project/install/turtlesim_interfaces/include/turtlesim_interfaces/turtlesim_interfaces/msg/detail/turtle__rosidl_typesupport_fastrtps_cpp.hpp
[1.010s] -- Up-to-date symlink: /home/othmene/Turtlesim-Catch-Them-All-project/install/turtlesim_interfaces/include/turtlesim_interfaces/turtlesim_interfaces/msg/detail/turtle_array__rosidl_typesupport_fastrtps_cpp.hpp
[1.010s] -- Up-to-date symlink: /home/othmene/Turtlesim-Catch-Them-All-project/install/turtlesim_interfaces/include/turtlesim_interfaces/turtlesim_interfaces/msg/rosidl_typesupport_fastrtps_cpp__visibility_control.h
[1.010s] -- Up-to-date symlink: /home/othmene/Turtlesim-Catch-Them-All-project/install/turtlesim_interfaces/include/turtlesim_interfaces/turtlesim_interfaces/srv/detail/catch_turtle__rosidl_typesupport_fastrtps_cpp.hpp
[1.011s] -- Up-to-date symlink: /home/othmene/Turtlesim-Catch-Them-All-project/install/turtlesim_interfaces/include/turtlesim_interfaces/turtlesim_interfaces/msg/detail/turtle__rosidl_typesupport_introspection_cpp.hpp
[1.011s] -- Up-to-date symlink: /home/othmene/Turtlesim-Catch-Them-All-project/install/turtlesim_interfaces/include/turtlesim_interfaces/turtlesim_interfaces/msg/detail/turtle_array__rosidl_typesupport_introspection_cpp.hpp
[1.011s] -- Up-to-date symlink: /home/othmene/Turtlesim-Catch-Them-All-project/install/turtlesim_interfaces/include/turtlesim_interfaces/turtlesim_interfaces/srv/detail/catch_turtle__rosidl_typesupport_introspection_cpp.hpp
[1.011s] -- Up-to-date symlink: /home/othmene/Turtlesim-Catch-Them-All-project/install/turtlesim_interfaces/share/turtlesim_interfaces/environment/pythonpath.sh
[1.012s] -- Up-to-date symlink: /home/othmene/Turtlesim-Catch-Them-All-project/install/turtlesim_interfaces/share/turtlesim_interfaces/environment/pythonpath.dsv
[1.012s] -- Up-to-date symlink: /home/othmene/Turtlesim-Catch-Them-All-project/install/turtlesim_interfaces/local/lib/python3.10/dist-packages/turtlesim_interfaces-0.0.0-py3.10.egg-info/PKG-INFO
[1.012s] -- Up-to-date symlink: /home/othmene/Turtlesim-Catch-Them-All-project/install/turtlesim_interfaces/local/lib/python3.10/dist-packages/turtlesim_interfaces-0.0.0-py3.10.egg-info/SOURCES.txt
[1.013s] -- Up-to-date symlink: /home/othmene/Turtlesim-Catch-Them-All-project/install/turtlesim_interfaces/local/lib/python3.10/dist-packages/turtlesim_interfaces-0.0.0-py3.10.egg-info/dependency_links.txt
[1.013s] -- Up-to-date symlink: /home/othmene/Turtlesim-Catch-Them-All-project/install/turtlesim_interfaces/local/lib/python3.10/dist-packages/turtlesim_interfaces-0.0.0-py3.10.egg-info/top_level.txt
[1.014s] -- Up-to-date symlink: /home/othmene/Turtlesim-Catch-Them-All-project/install/turtlesim_interfaces/local/lib/python3.10/dist-packages/turtlesim_interfaces/__init__.py
[1.014s] -- Up-to-date symlink: /home/othmene/Turtlesim-Catch-Them-All-project/install/turtlesim_interfaces/local/lib/python3.10/dist-packages/turtlesim_interfaces/_turtlesim_interfaces_s.ep.rosidl_typesupport_c.c
[1.014s] -- Up-to-date symlink: /home/othmene/Turtlesim-Catch-Them-All-project/install/turtlesim_interfaces/local/lib/python3.10/dist-packages/turtlesim_interfaces/_turtlesim_interfaces_s.ep.rosidl_typesupport_fastrtps_c.c
[1.014s] -- Up-to-date symlink: /home/othmene/Turtlesim-Catch-Them-All-project/install/turtlesim_interfaces/local/lib/python3.10/dist-packages/turtlesim_interfaces/_turtlesim_interfaces_s.ep.rosidl_typesupport_introspection_c.c
[1.015s] -- Up-to-date symlink: /home/othmene/Turtlesim-Catch-Them-All-project/install/turtlesim_interfaces/local/lib/python3.10/dist-packages/turtlesim_interfaces/libturtlesim_interfaces__rosidl_generator_py.so
[1.015s] -- Up-to-date symlink: /home/othmene/Turtlesim-Catch-Them-All-project/install/turtlesim_interfaces/local/lib/python3.10/dist-packages/turtlesim_interfaces/msg/__init__.py
[1.015s] -- Up-to-date symlink: /home/othmene/Turtlesim-Catch-Them-All-project/install/turtlesim_interfaces/local/lib/python3.10/dist-packages/turtlesim_interfaces/msg/_turtle.py
[1.015s] -- Up-to-date symlink: /home/othmene/Turtlesim-Catch-Them-All-project/install/turtlesim_interfaces/local/lib/python3.10/dist-packages/turtlesim_interfaces/msg/_turtle_array.py
[1.015s] -- Up-to-date symlink: /home/othmene/Turtlesim-Catch-Them-All-project/install/turtlesim_interfaces/local/lib/python3.10/dist-packages/turtlesim_interfaces/msg/_turtle_array_s.c
[1.016s] -- Up-to-date symlink: /home/othmene/Turtlesim-Catch-Them-All-project/install/turtlesim_interfaces/local/lib/python3.10/dist-packages/turtlesim_interfaces/msg/_turtle_s.c
[1.016s] -- Up-to-date symlink: /home/othmene/Turtlesim-Catch-Them-All-project/install/turtlesim_interfaces/local/lib/python3.10/dist-packages/turtlesim_interfaces/srv/__init__.py
[1.016s] -- Up-to-date symlink: /home/othmene/Turtlesim-Catch-Them-All-project/install/turtlesim_interfaces/local/lib/python3.10/dist-packages/turtlesim_interfaces/srv/_catch_turtle.py
[1.016s] -- Up-to-date symlink: /home/othmene/Turtlesim-Catch-Them-All-project/install/turtlesim_interfaces/local/lib/python3.10/dist-packages/turtlesim_interfaces/srv/_catch_turtle_s.c
[1.016s] -- Up-to-date symlink: /home/othmene/Turtlesim-Catch-Them-All-project/install/turtlesim_interfaces/local/lib/python3.10/dist-packages/turtlesim_interfaces/turtlesim_interfaces_s__rosidl_typesupport_c.cpython-310-x86_64-linux-gnu.so
[1.016s] -- Up-to-date symlink: /home/othmene/Turtlesim-Catch-Them-All-project/install/turtlesim_interfaces/local/lib/python3.10/dist-packages/turtlesim_interfaces/turtlesim_interfaces_s__rosidl_typesupport_fastrtps_c.cpython-310-x86_64-linux-gnu.so
[1.016s] -- Up-to-date symlink: /home/othmene/Turtlesim-Catch-Them-All-project/install/turtlesim_interfaces/local/lib/python3.10/dist-packages/turtlesim_interfaces/turtlesim_interfaces_s__rosidl_typesupport_introspection_c.cpython-310-x86_64-linux-gnu.so
[1.017s] -- Up-to-date symlink: /home/othmene/Turtlesim-Catch-Them-All-project/install/turtlesim_interfaces/local/lib/python3.10/dist-packages/turtlesim_interfaces/turtlesim_interfaces_s__rosidl_typesupport_fastrtps_c.cpython-310-x86_64-linux-gnu.so
[1.017s] -- Up-to-date symlink: /home/othmene/Turtlesim-Catch-Them-All-project/install/turtlesim_interfaces/local/lib/python3.10/dist-packages/turtlesim_interfaces/turtlesim_interfaces_s__rosidl_typesupport_introspection_c.cpython-310-x86_64-linux-gnu.so
[1.017s] -- Up-to-date symlink: /home/othmene/Turtlesim-Catch-Them-All-project/install/turtlesim_interfaces/local/lib/python3.10/dist-packages/turtlesim_interfaces/turtlesim_interfaces_s__rosidl_typesupport_c.cpython-310-x86_64-linux-gnu.so
[1.017s] -- Up-to-date symlink: /home/othmene/Turtlesim-Catch-Them-All-project/install/turtlesim_interfaces/share/turtlesim_interfaces/msg/Turtle.idl
[1.017s] -- Up-to-date symlink: /home/othmene/Turtlesim-Catch-Them-All-project/install/turtlesim_interfaces/share/turtlesim_interfaces/msg/TurtleArray.idl
[1.017s] -- Up-to-date symlink: /home/othmene/Turtlesim-Catch-Them-All-project/install/turtlesim_interfaces/share/turtlesim_interfaces/srv/CatchTurtle.idl
[1.018s] -- Up-to-date symlink: /home/othmene/Turtlesim-Catch-Them-All-project/install/turtlesim_interfaces/share/turtlesim_interfaces/msg/Turtle.msg
[1.018s] -- Up-to-date symlink: /home/othmene/Turtlesim-Catch-Them-All-project/install/turtlesim_interfaces/share/turtlesim_interfaces/msg/TurtleArray.msg
[1.018s] -- Up-to-date symlink: /home/othmene/Turtlesim-Catch-Them-All-project/install/turtlesim_interfaces/share/turtlesim_interfaces/srv/CatchTurtle.srv
[1.018s] -- Up-to-date symlink: /home/othmene/Turtlesim-Catch-Them-All-project/install/turtlesim_interfaces/share/turtlesim_interfaces/srv/CatchTurtle_Request.msg
[1.018s] -- Up-to-date symlink: /home/othmene/Turtlesim-Catch-Them-All-project/install/turtlesim_interfaces/share/turtlesim_interfaces/srv/CatchTurtle_Response.msg
[1.018s] -- Up-to-date symlink: /home/othmene/Turtlesim-Catch-Them-All-project/install/turtlesim_interfaces/share/ament_index/resource_index/package_run_dependencies/turtlesim_interfaces
[1.019s] -- Up-to-date symlink: /home/othmene/Turtlesim-Catch-Them-All-project/install/turtlesim_interfaces/share/ament_index/resource_index/parent_prefix_path/turtlesim_interfaces
[1.019s] -- Up-to-date symlink: /home/othmene/Turtlesim-Catch-Them-All-project/install/turtlesim_interfaces/share/turtlesim_interfaces/environment/ament_prefix_path.sh
[1.019s] -- Up-to-date symlink: /home/othmene/Turtlesim-Catch-Them-All-project/install/turtlesim_interfaces/share/turtlesim_interfaces/environment/ament_prefix_path.dsv
[1.019s] -- Up-to-date symlink: /home/othmene/Turtlesim-Catch-Them-All-project/install/turtlesim_interfaces/share/turtlesim_interfaces/environment/path.sh
[1.019s] -- Up-to-date symlink: /home/othmene/Turtlesim-Catch-Them-All-project/install/turtlesim_interfaces/share/turtlesim_interfaces/environment/path.dsv
[1.020s] -- Up-to-date symlink: /home/othmene/Turtlesim-Catch-Them-All-project/install/turtlesim_interfaces/share/turtlesim_interfaces/local_setup.bash
[1.020s] -- Up-to-date symlink: /home/othmene/Turtlesim-Catch-Them-All-project/install/turtlesim_interfaces/share/turtlesim_interfaces/local_setup.sh
[1.020s] -- Up-to-date symlink: /home/othmene/Turtlesim-Catch-Them-All-project/install/turtlesim_interfaces/share/turtlesim_interfaces/local_setup.zsh
[1.020s] -- Up-to-date symlink: /home/othmene/Turtlesim-Catch-Them-All-project/install/turtlesim_interfaces/share/turtlesim_interfaces/local_setup.dsv
[1.020s] -- Symlinking: /home/othmene/Turtlesim-Catch-Them-All-project/install/turtlesim_interfaces/share/turtlesim_interfaces/package.dsv
[1.032s] -- Up-to-date symlink: /home/othmene/Turtlesim-Catch-Them-All-project/install/turtlesim_interfaces/share/ament_index/resource_index/packages/turtlesim_interfaces
[1.033s] -- Up-to-date symlink: /home/othmene/Turtlesim-Catch-Them-All-project/install/turtlesim_interfaces/share/turtlesim_interfaces/cmake/rosidl_cmake-extras.cmake
[1.033s] -- Up-to-date symlink: /home/othmene/Turtlesim-Catch-Them-All-project/install/turtlesim_interfaces/share/turtlesim_interfaces/cmake/ament_cmake_export_include_directories-extras.cmake
[1.033s] -- Up-to-date symlink: /home/othmene/Turtlesim-Catch-Them-All-project/install/turtlesim_interfaces/share/turtlesim_interfaces/cmake/ament_cmake_export_libraries-extras.cmake
[1.033s] -- Up-to-date symlink: /home/othmene/Turtlesim-Catch-Them-All-project/install/turtlesim_interfaces/share/turtlesim_interfaces/cmake/ament_cmake_export_targets-extras.cmake
[1.033s] -- Up-to-date symlink: /home/othmene/Turtlesim-Catch-Them-All-project/install/turtlesim_interfaces/share/turtlesim_interfaces/cmake/rosidl_cmake_export_typesupport_targets-extras.cmake
[1.034s] -- Up-to-date symlink: /home/othmene/Turtlesim-Catch-Them-All-project/install/turtlesim_interfaces/share/turtlesim_interfaces/cmake/ament_cmake_export_dependencies-extras.cmake
[1.034s] -- Up-to-date symlink: /home/othmene/Turtlesim-Catch-Them-All-project/install/turtlesim_interfaces/share/turtlesim_interfaces/cmake/rosidl_cmake_export_typesupport_libraries-extras.cmake
[1.034s] -- Up-to-date symlink: /home/othmene/Turtlesim-Catch-Them-All-project/install/turtlesim_interfaces/share/turtlesim_interfaces/cmake/turtlesim_interfacesConfig.cmake
[1.034s] -- Up-to-date symlink: /home/othmene/Turtlesim-Catch-Them-All-project/install/turtlesim_interfaces/share/turtlesim_interfaces/cmake/turtlesim_interfacesConfig-version.cmake
[1.035s] -- Up-to-date symlink: /home/othmene/Turtlesim-Catch-Them-All-project/install/turtlesim_interfaces/share/turtlesim_interfaces/package.xml
[1.035s] -- Up-to-date: /home/othmene/Turtlesim-Catch-Them-All-project/install/turtlesim_interfaces/lib/libturtlesim_interfaces__rosidl_generator_c.so
[1.035s] -- Up-to-date: /home/othmene/Turtlesim-Catch-Them-All-project/install/turtlesim_interfaces/lib/libturtlesim_interfaces__rosidl_typesupport_fastrtps_c.so
[1.036s] -- Up-to-date: /home/othmene/Turtlesim-Catch-Them-All-project/install/turtlesim_interfaces/lib/libturtlesim_interfaces__rosidl_typesupport_introspection_c.so
[1.036s] -- Up-to-date: /home/othmene/Turtlesim-Catch-Them-All-project/install/turtlesim_interfaces/lib/libturtlesim_interfaces__rosidl_typesupport_c.so
[1.036s] -- Up-to-date: /home/othmene/Turtlesim-Catch-Them-All-project/install/turtlesim_interfaces/lib/libturtlesim_interfaces__rosidl_typesupport_fastrtps_cpp.so
[1.037s] -- Up-to-date: /home/othmene/Turtlesim-Catch-Them-All-project/install/turtlesim_interfaces/lib/libturtlesim_interfaces__rosidl_typesupport_introspection_cpp.so
[1.037s] -- Up-to-date: /home/othmene/Turtlesim-Catch-Them-All-project/install/turtlesim_interfaces/lib/libturtlesim_interfaces__rosidl_typesupport_cpp.so
[1.072s] Listing '/home/othmene/Turtlesim-Catch-Them-All-project/install/turtlesim_interfaces/local/lib/python3.10/dist-packages/turtlesim_interfaces'...
[1.072s] Listing '/home/othmene/Turtlesim-Catch-Them-All-project/install/turtlesim_interfaces/local/lib/python3.10/dist-packages/turtlesim_interfaces/msg'...
[1.072s] Listing '/home/othmene/Turtlesim-Catch-Them-All-project/install/turtlesim_interfaces/local/lib/python3.10/dist-packages/turtlesim_interfaces/srv'...
[1.080s] -- Up-to-date: /home/othmene/Turtlesim-Catch-Them-All-project/install/turtlesim_interfaces/lib/libturtlesim_interfaces__rosidl_generator_py.so
[1.081s] -- Up-to-date: /home/othmene/Turtlesim-Catch-Them-All-project/install/turtlesim_interfaces/share/turtlesim_interfaces/cmake/export_turtlesim_interfaces__rosidl_generator_cExport.cmake
[1.081s] -- Up-to-date: /home/othmene/Turtlesim-Catch-Them-All-project/install/turtlesim_interfaces/share/turtlesim_interfaces/cmake/export_turtlesim_interfaces__rosidl_generator_cExport-noconfig.cmake
[1.082s] -- Up-to-date: /home/othmene/Turtlesim-Catch-Them-All-project/install/turtlesim_interfaces/share/turtlesim_interfaces/cmake/export_turtlesim_interfaces__rosidl_typesupport_fastrtps_cExport.cmake
[1.082s] -- Up-to-date: /home/othmene/Turtlesim-Catch-Them-All-project/install/turtlesim_interfaces/share/turtlesim_interfaces/cmake/export_turtlesim_interfaces__rosidl_typesupport_fastrtps_cExport-noconfig.cmake
[1.082s] -- Up-to-date: /home/othmene/Turtlesim-Catch-Them-All-project/install/turtlesim_interfaces/share/turtlesim_interfaces/cmake/turtlesim_interfaces__rosidl_typesupport_introspection_cExport.cmake
[1.083s] -- Up-to-date: /home/othmene/Turtlesim-Catch-Them-All-project/install/turtlesim_interfaces/share/turtlesim_interfaces/cmake/turtlesim_interfaces__rosidl_typesupport_introspection_cExport-noconfig.cmake
[1.083s] -- Up-to-date: /home/othmene/Turtlesim-Catch-Them-All-project/install/turtlesim_interfaces/share/turtlesim_interfaces/cmake/turtlesim_interfaces__rosidl_typesupport_cExport.cmake
[1.083s] -- Up-to-date: /home/othmene/Turtlesim-Catch-Them-All-project/install/turtlesim_interfaces/share/turtlesim_interfaces/cmake/turtlesim_interfaces__rosidl_typesupport_cExport-noconfig.cmake
[1.083s] -- Up-to-date: /home/othmene/Turtlesim-Catch-Them-All-project/install/turtlesim_interfaces/share/turtlesim_interfaces/cmake/export_turtlesim_interfaces__rosidl_generator_cppExport.cmake
[1.083s] -- Up-to-date: /home/othmene/Turtlesim-Catch-Them-All-project/install/turtlesim_interfaces/share/turtlesim_interfaces/cmake/export_turtlesim_interfaces__rosidl_typesupport_fastrtps_cppExport.cmake
[1.083s] -- Up-to-date: /home/othmene/Turtlesim-Catch-Them-All-project/install/turtlesim_interfaces/share/turtlesim_interfaces/cmake/export_turtlesim_interfaces__rosidl_typesupport_fastrtps_cppExport-noconfig.cmake
[1.083s] -- Up-to-date: /home/othmene/Turtlesim-Catch-Them-All-project/install/turtlesim_interfaces/share/turtlesim_interfaces/cmake/turtlesim_interfaces__rosidl_typesupport_introspection_cppExport.cmake
[1.084s] -- Up-to-date: /home/othmene/Turtlesim-Catch-Them-All-project/install/turtlesim_interfaces/share/turtlesim_interfaces/cmake/turtlesim_interfaces__rosidl_typesupport_introspection_cppExport-noconfig.cmake
[1.084s] -- Up-to-date: /home/othmene/Turtlesim-Catch-Them-All-project/install/turtlesim_interfaces/share/turtlesim_interfaces/cmake/turtlesim_interfaces__rosidl_typesupport_cppExport.cmake
[1.084s] -- Up-to-date: /home/othmene/Turtlesim-Catch-Them-All-project/install/turtlesim_interfaces/share/turtlesim_interfaces/cmake/turtlesim_interfaces__rosidl_typesupport_cppExport-noconfig.cmake
[1.084s] -- Up-to-date: /home/othmene/Turtlesim-Catch-Them-All-project/install/turtlesim_interfaces/share/turtlesim_interfaces/cmake/export_turtlesim_interfaces__rosidl_generator_pyExport.cmake
[1.084s] -- Up-to-date: /home/othmene/Turtlesim-Catch-Them-All-project/install/turtlesim_interfaces/share/turtlesim_interfaces/cmake/export_turtlesim_interfaces__rosidl_generator_pyExport-noconfig.cmake
[1.086s] Invoked command in '/home/othmene/Turtlesim-Catch-Them-All-project/build/turtlesim_interfaces' returned '0': CMAKE_PREFIX_PATH=${CMAKE_PREFIX_PATH}:/home/othmene/Turtlesim-Catch-Them-All-project/install/turtlesim_catch_them_all:/opt/ros/humble /usr/bin/cmake --install /home/othmene/Turtlesim-Catch-Them-All-project/build/turtlesim_interfaces
