[0.100s] Invoking command in '/home/othmene/Turtlesim-Catch-Them-All-project/build/turtlesim_bringup': CMAKE_PREFIX_PATH=${CMAKE_PREFIX_PATH}:/home/othmene/Turtlesim-Catch-Them-All-project/install/turtlesim_catch_them_all:/opt/ros/humble /usr/bin/cmake --build /home/othmene/Turtlesim-Catch-Them-All-project/build/turtlesim_bringup -- -j4 -l4
[0.187s] Invoked command in '/home/othmene/Turtlesim-Catch-Them-All-project/build/turtlesim_bringup' returned '0': CMAKE_PREFIX_PATH=${CMAKE_PREFIX_PATH}:/home/othmene/Turtlesim-Catch-Them-All-project/install/turtlesim_catch_them_all:/opt/ros/humble /usr/bin/cmake --build /home/othmene/Turtlesim-Catch-Them-All-project/build/turtlesim_bringup -- -j4 -l4
[0.251s] Invoking command in '/home/othmene/Turtlesim-Catch-Them-All-project/build/turtlesim_bringup': CMAKE_PREFIX_PATH=${CMAKE_PREFIX_PATH}:/home/othmene/Turtlesim-Catch-Them-All-project/install/turtlesim_catch_them_all:/opt/ros/humble /usr/bin/cmake --install /home/othmene/Turtlesim-Catch-Them-All-project/build/turtlesim_bringup
[0.270s] -- Install configuration: ""
[0.271s] -- Up-to-date: /home/othmene/Turtlesim-Catch-Them-All-project/install/turtlesim_bringup/share/turtlesim_bringup/launch
[0.273s] -- Up-to-date: /home/othmene/Turtlesim-Catch-Them-All-project/install/turtlesim_bringup/share/ament_index/resource_index/package_run_dependencies/turtlesim_bringup
[0.274s] -- Up-to-date: /home/othmene/Turtlesim-Catch-Them-All-project/install/turtlesim_bringup/share/ament_index/resource_index/parent_prefix_path/turtlesim_bringup
[0.275s] -- Up-to-date: /home/othmene/Turtlesim-Catch-Them-All-project/install/turtlesim_bringup/share/turtlesim_bringup/environment/ament_prefix_path.sh
[0.275s] -- Up-to-date: /home/othmene/Turtlesim-Catch-Them-All-project/install/turtlesim_bringup/share/turtlesim_bringup/environment/ament_prefix_path.dsv
[0.276s] -- Up-to-date: /home/othmene/Turtlesim-Catch-Them-All-project/install/turtlesim_bringup/share/turtlesim_bringup/environment/path.sh
[0.276s] -- Up-to-date: /home/othmene/Turtlesim-Catch-Them-All-project/install/turtlesim_bringup/share/turtlesim_bringup/environment/path.dsv
[0.278s] -- Up-to-date: /home/othmene/Turtlesim-Catch-Them-All-project/install/turtlesim_bringup/share/turtlesim_bringup/local_setup.bash
[0.278s] -- Up-to-date: /home/othmene/Turtlesim-Catch-Them-All-project/install/turtlesim_bringup/share/turtlesim_bringup/local_setup.sh
[0.279s] -- Up-to-date: /home/othmene/Turtlesim-Catch-Them-All-project/install/turtlesim_bringup/share/turtlesim_bringup/local_setup.zsh
[0.279s] -- Up-to-date: /home/othmene/Turtlesim-Catch-Them-All-project/install/turtlesim_bringup/share/turtlesim_bringup/local_setup.dsv
[0.279s] -- Up-to-date: /home/othmene/Turtlesim-Catch-Them-All-project/install/turtlesim_bringup/share/turtlesim_bringup/package.dsv
[0.280s] -- Up-to-date: /home/othmene/Turtlesim-Catch-Them-All-project/install/turtlesim_bringup/share/ament_index/resource_index/packages/turtlesim_bringup
[0.280s] -- Up-to-date: /home/othmene/Turtlesim-Catch-Them-All-project/install/turtlesim_bringup/share/turtlesim_bringup/cmake/turtlesim_bringupConfig.cmake
[0.280s] -- Up-to-date: /home/othmene/Turtlesim-Catch-Them-All-project/install/turtlesim_bringup/share/turtlesim_bringup/cmake/turtlesim_bringupConfig-version.cmake
[0.280s] -- Up-to-date: /home/othmene/Turtlesim-Catch-Them-All-project/install/turtlesim_bringup/share/turtlesim_bringup/package.xml
[0.284s] Invoked command in '/home/othmene/Turtlesim-Catch-Them-All-project/build/turtlesim_bringup' returned '0': CMAKE_PREFIX_PATH=${CMAKE_PREFIX_PATH}:/home/othmene/Turtlesim-Catch-Them-All-project/install/turtlesim_catch_them_all:/opt/ros/humble /usr/bin/cmake --install /home/othmene/Turtlesim-Catch-Them-All-project/build/turtlesim_bringup
