[1.336s] DEBUG:colcon:Command line arguments: ['/usr/bin/colcon', 'build']
[1.336s] DEBUG:colcon:Parsed command line arguments: Namespace(log_base=None, log_level=None, verb_name='build', build_base='build', install_base='install', merge_install=False, symlink_install=False, test_result_base=None, continue_on_error=False, executor='parallel', parallel_workers=4, event_handlers=None, ignore_user_meta=False, metas=['./colcon.meta'], base_paths=['.'], packages_ignore=None, packages_ignore_regex=None, paths=None, packages_up_to=None, packages_up_to_regex=None, packages_above=None, packages_above_and_dependencies=None, packages_above_depth=None, packages_select_by_dep=None, packages_skip_by_dep=None, packages_skip_up_to=None, packages_select_build_failed=False, packages_skip_build_finished=False, packages_select_test_failures=False, packages_skip_test_passed=False, packages_select=None, packages_skip=None, packages_select_regex=None, packages_skip_regex=None, packages_start=None, packages_end=None, allow_overriding=[], cmake_args=None, cmake_target=None, cmake_target_skip_unavailable=False, cmake_clean_cache=False, cmake_clean_first=False, cmake_force_configure=False, ament_cmake_args=None, catkin_cmake_args=None, catkin_skip_building_tests=False, verb_parser=<colcon_defaults.argument_parser.defaults.DefaultArgumentsDecorator object at 0x7fad492420b0>, verb_extension=<colcon_core.verb.build.BuildVerb object at 0x7fad492427a0>, main=<bound method BuildVerb.main of <colcon_core.verb.build.BuildVerb object at 0x7fad492427a0>>)
[1.391s] Level 1:colcon.colcon_core.package_discovery:discover_packages(colcon_meta) check parameters
[1.391s] Level 1:colcon.colcon_core.package_discovery:discover_packages(recursive) check parameters
[1.391s] Level 1:colcon.colcon_core.package_discovery:discover_packages(ignore) check parameters
[1.391s] Level 1:colcon.colcon_core.package_discovery:discover_packages(path) check parameters
[1.391s] Level 1:colcon.colcon_core.package_discovery:discover_packages(colcon_meta) discover
[1.391s] Level 1:colcon.colcon_core.package_discovery:discover_packages(recursive) discover
[1.391s] INFO:colcon.colcon_core.package_discovery:Crawling recursively for packages in '/home/othmene/Turtlesim-Catch-Them-All-project'
[1.391s] Level 1:colcon.colcon_core.package_identification:_identify(.) by extensions ['ignore', 'ignore_ament_install']
[1.391s] Level 1:colcon.colcon_core.package_identification:_identify(.) by extension 'ignore'
[1.391s] Level 1:colcon.colcon_core.package_identification:_identify(.) by extension 'ignore_ament_install'
[1.391s] Level 1:colcon.colcon_core.package_identification:_identify(.) by extensions ['colcon_pkg']
[1.391s] Level 1:colcon.colcon_core.package_identification:_identify(.) by extension 'colcon_pkg'
[1.392s] Level 1:colcon.colcon_core.package_identification:_identify(.) by extensions ['colcon_meta']
[1.392s] Level 1:colcon.colcon_core.package_identification:_identify(.) by extension 'colcon_meta'
[1.392s] Level 1:colcon.colcon_core.package_identification:_identify(.) by extensions ['ros']
[1.392s] Level 1:colcon.colcon_core.package_identification:_identify(.) by extension 'ros'
[1.404s] Level 1:colcon.colcon_core.package_identification:_identify(.) by extensions ['cmake', 'python']
[1.404s] Level 1:colcon.colcon_core.package_identification:_identify(.) by extension 'cmake'
[1.404s] Level 1:colcon.colcon_core.package_identification:_identify(.) by extension 'python'
[1.404s] Level 1:colcon.colcon_core.package_identification:_identify(.) by extensions ['python_setup_py']
[1.404s] Level 1:colcon.colcon_core.package_identification:_identify(.) by extension 'python_setup_py'
[1.404s] Level 1:colcon.colcon_core.package_identification:_identify(build) by extensions ['ignore', 'ignore_ament_install']
[1.404s] Level 1:colcon.colcon_core.package_identification:_identify(build) by extension 'ignore'
[1.404s] Level 1:colcon.colcon_core.package_identification:_identify(build) ignored
[1.404s] Level 1:colcon.colcon_core.package_identification:_identify(install) by extensions ['ignore', 'ignore_ament_install']
[1.405s] Level 1:colcon.colcon_core.package_identification:_identify(install) by extension 'ignore'
[1.405s] Level 1:colcon.colcon_core.package_identification:_identify(install) ignored
[1.405s] Level 1:colcon.colcon_core.package_identification:_identify(log) by extensions ['ignore', 'ignore_ament_install']
[1.405s] Level 1:colcon.colcon_core.package_identification:_identify(log) by extension 'ignore'
[1.405s] Level 1:colcon.colcon_core.package_identification:_identify(log) ignored
[1.405s] Level 1:colcon.colcon_core.package_identification:_identify(src) by extensions ['ignore', 'ignore_ament_install']
[1.405s] Level 1:colcon.colcon_core.package_identification:_identify(src) by extension 'ignore'
[1.405s] Level 1:colcon.colcon_core.package_identification:_identify(src) by extension 'ignore_ament_install'
[1.405s] Level 1:colcon.colcon_core.package_identification:_identify(src) by extensions ['colcon_pkg']
[1.405s] Level 1:colcon.colcon_core.package_identification:_identify(src) by extension 'colcon_pkg'
[1.405s] Level 1:colcon.colcon_core.package_identification:_identify(src) by extensions ['colcon_meta']
[1.405s] Level 1:colcon.colcon_core.package_identification:_identify(src) by extension 'colcon_meta'
[1.405s] Level 1:colcon.colcon_core.package_identification:_identify(src) by extensions ['ros']
[1.405s] Level 1:colcon.colcon_core.package_identification:_identify(src) by extension 'ros'
[1.406s] Level 1:colcon.colcon_core.package_identification:_identify(src) by extensions ['cmake', 'python']
[1.406s] Level 1:colcon.colcon_core.package_identification:_identify(src) by extension 'cmake'
[1.406s] Level 1:colcon.colcon_core.package_identification:_identify(src) by extension 'python'
[1.406s] Level 1:colcon.colcon_core.package_identification:_identify(src) by extensions ['python_setup_py']
[1.406s] Level 1:colcon.colcon_core.package_identification:_identify(src) by extension 'python_setup_py'
[1.406s] Level 1:colcon.colcon_core.package_identification:_identify(src/turtlesim_bringup) by extensions ['ignore', 'ignore_ament_install']
[1.406s] Level 1:colcon.colcon_core.package_identification:_identify(src/turtlesim_bringup) by extension 'ignore'
[1.406s] Level 1:colcon.colcon_core.package_identification:_identify(src/turtlesim_bringup) by extension 'ignore_ament_install'
[1.406s] Level 1:colcon.colcon_core.package_identification:_identify(src/turtlesim_bringup) by extensions ['colcon_pkg']
[1.406s] Level 1:colcon.colcon_core.package_identification:_identify(src/turtlesim_bringup) by extension 'colcon_pkg'
[1.406s] Level 1:colcon.colcon_core.package_identification:_identify(src/turtlesim_bringup) by extensions ['colcon_meta']
[1.406s] Level 1:colcon.colcon_core.package_identification:_identify(src/turtlesim_bringup) by extension 'colcon_meta'
[1.406s] Level 1:colcon.colcon_core.package_identification:_identify(src/turtlesim_bringup) by extensions ['ros']
[1.406s] Level 1:colcon.colcon_core.package_identification:_identify(src/turtlesim_bringup) by extension 'ros'
[1.409s] DEBUG:colcon.colcon_core.package_identification:Package 'src/turtlesim_bringup' with type 'ros.ament_cmake' and name 'turtlesim_bringup'
[1.409s] Level 1:colcon.colcon_core.package_identification:_identify(src/turtlesim_catch_them_all) by extensions ['ignore', 'ignore_ament_install']
[1.409s] Level 1:colcon.colcon_core.package_identification:_identify(src/turtlesim_catch_them_all) by extension 'ignore'
[1.409s] Level 1:colcon.colcon_core.package_identification:_identify(src/turtlesim_catch_them_all) by extension 'ignore_ament_install'
[1.409s] Level 1:colcon.colcon_core.package_identification:_identify(src/turtlesim_catch_them_all) by extensions ['colcon_pkg']
[1.409s] Level 1:colcon.colcon_core.package_identification:_identify(src/turtlesim_catch_them_all) by extension 'colcon_pkg'
[1.409s] Level 1:colcon.colcon_core.package_identification:_identify(src/turtlesim_catch_them_all) by extensions ['colcon_meta']
[1.409s] Level 1:colcon.colcon_core.package_identification:_identify(src/turtlesim_catch_them_all) by extension 'colcon_meta'
[1.409s] Level 1:colcon.colcon_core.package_identification:_identify(src/turtlesim_catch_them_all) by extensions ['ros']
[1.409s] Level 1:colcon.colcon_core.package_identification:_identify(src/turtlesim_catch_them_all) by extension 'ros'
[1.410s] DEBUG:colcon.colcon_core.package_identification:Package 'src/turtlesim_catch_them_all' with type 'ros.ament_python' and name 'turtlesim_catch_them_all'
[1.410s] Level 1:colcon.colcon_core.package_identification:_identify(src/turtlesim_interfaces) by extensions ['ignore', 'ignore_ament_install']
[1.410s] Level 1:colcon.colcon_core.package_identification:_identify(src/turtlesim_interfaces) by extension 'ignore'
[1.411s] Level 1:colcon.colcon_core.package_identification:_identify(src/turtlesim_interfaces) by extension 'ignore_ament_install'
[1.411s] Level 1:colcon.colcon_core.package_identification:_identify(src/turtlesim_interfaces) by extensions ['colcon_pkg']
[1.411s] Level 1:colcon.colcon_core.package_identification:_identify(src/turtlesim_interfaces) by extension 'colcon_pkg'
[1.411s] Level 1:colcon.colcon_core.package_identification:_identify(src/turtlesim_interfaces) by extensions ['colcon_meta']
[1.411s] Level 1:colcon.colcon_core.package_identification:_identify(src/turtlesim_interfaces) by extension 'colcon_meta'
[1.411s] Level 1:colcon.colcon_core.package_identification:_identify(src/turtlesim_interfaces) by extensions ['ros']
[1.411s] Level 1:colcon.colcon_core.package_identification:_identify(src/turtlesim_interfaces) by extension 'ros'
[1.411s] DEBUG:colcon.colcon_core.package_identification:Package 'src/turtlesim_interfaces' with type 'ros.ament_cmake' and name 'turtlesim_interfaces'
[1.411s] Level 1:colcon.colcon_core.package_discovery:discover_packages(recursive) using defaults
[1.411s] Level 1:colcon.colcon_core.package_discovery:discover_packages(ignore) discover
[1.411s] Level 1:colcon.colcon_core.package_discovery:discover_packages(ignore) using defaults
[1.411s] Level 1:colcon.colcon_core.package_discovery:discover_packages(path) discover
[1.411s] Level 1:colcon.colcon_core.package_discovery:discover_packages(path) using defaults
[1.517s] Level 1:colcon.colcon_core.package_discovery:discover_packages(prefix_path) check parameters
[1.517s] Level 1:colcon.colcon_core.package_discovery:discover_packages(prefix_path) discover
[1.558s] DEBUG:colcon.colcon_installed_package_information.package_discovery:Found 3 installed packages in /home/othmene/Turtlesim-Catch-Them-All-project/install
[1.576s] DEBUG:colcon.colcon_installed_package_information.package_discovery:Found 328 installed packages in /opt/ros/humble
[1.578s] Level 1:colcon.colcon_core.package_discovery:discover_packages(prefix_path) using defaults
[1.701s] Level 5:colcon.colcon_core.verb:set package 'turtlesim_interfaces' build argument 'cmake_args' from command line to 'None'
[1.702s] Level 5:colcon.colcon_core.verb:set package 'turtlesim_interfaces' build argument 'cmake_target' from command line to 'None'
[1.702s] Level 5:colcon.colcon_core.verb:set package 'turtlesim_interfaces' build argument 'cmake_target_skip_unavailable' from command line to 'False'
[1.702s] Level 5:colcon.colcon_core.verb:set package 'turtlesim_interfaces' build argument 'cmake_clean_cache' from command line to 'False'
[1.702s] Level 5:colcon.colcon_core.verb:set package 'turtlesim_interfaces' build argument 'cmake_clean_first' from command line to 'False'
[1.702s] Level 5:colcon.colcon_core.verb:set package 'turtlesim_interfaces' build argument 'cmake_force_configure' from command line to 'False'
[1.702s] Level 5:colcon.colcon_core.verb:set package 'turtlesim_interfaces' build argument 'ament_cmake_args' from command line to 'None'
[1.702s] Level 5:colcon.colcon_core.verb:set package 'turtlesim_interfaces' build argument 'catkin_cmake_args' from command line to 'None'
[1.702s] Level 5:colcon.colcon_core.verb:set package 'turtlesim_interfaces' build argument 'catkin_skip_building_tests' from command line to 'False'
[1.702s] DEBUG:colcon.colcon_core.verb:Building package 'turtlesim_interfaces' with the following arguments: {'ament_cmake_args': None, 'build_base': '/home/othmene/Turtlesim-Catch-Them-All-project/build/turtlesim_interfaces', 'catkin_cmake_args': None, 'catkin_skip_building_tests': False, 'cmake_args': None, 'cmake_clean_cache': False, 'cmake_clean_first': False, 'cmake_force_configure': False, 'cmake_target': None, 'cmake_target_skip_unavailable': False, 'install_base': '/home/othmene/Turtlesim-Catch-Them-All-project/install/turtlesim_interfaces', 'merge_install': False, 'path': '/home/othmene/Turtlesim-Catch-Them-All-project/src/turtlesim_interfaces', 'symlink_install': False, 'test_result_base': None}
[1.721s] Level 5:colcon.colcon_core.verb:set package 'turtlesim_catch_them_all' build argument 'cmake_args' from command line to 'None'
[1.721s] Level 5:colcon.colcon_core.verb:set package 'turtlesim_catch_them_all' build argument 'cmake_target' from command line to 'None'
[1.721s] Level 5:colcon.colcon_core.verb:set package 'turtlesim_catch_them_all' build argument 'cmake_target_skip_unavailable' from command line to 'False'
[1.721s] Level 5:colcon.colcon_core.verb:set package 'turtlesim_catch_them_all' build argument 'cmake_clean_cache' from command line to 'False'
[1.722s] Level 5:colcon.colcon_core.verb:set package 'turtlesim_catch_them_all' build argument 'cmake_clean_first' from command line to 'False'
[1.722s] Level 5:colcon.colcon_core.verb:set package 'turtlesim_catch_them_all' build argument 'cmake_force_configure' from command line to 'False'
[1.722s] Level 5:colcon.colcon_core.verb:set package 'turtlesim_catch_them_all' build argument 'ament_cmake_args' from command line to 'None'
[1.722s] Level 5:colcon.colcon_core.verb:set package 'turtlesim_catch_them_all' build argument 'catkin_cmake_args' from command line to 'None'
[1.722s] Level 5:colcon.colcon_core.verb:set package 'turtlesim_catch_them_all' build argument 'catkin_skip_building_tests' from command line to 'False'
[1.722s] DEBUG:colcon.colcon_core.verb:Building package 'turtlesim_catch_them_all' with the following arguments: {'ament_cmake_args': None, 'build_base': '/home/othmene/Turtlesim-Catch-Them-All-project/build/turtlesim_catch_them_all', 'catkin_cmake_args': None, 'catkin_skip_building_tests': False, 'cmake_args': None, 'cmake_clean_cache': False, 'cmake_clean_first': False, 'cmake_force_configure': False, 'cmake_target': None, 'cmake_target_skip_unavailable': False, 'install_base': '/home/othmene/Turtlesim-Catch-Them-All-project/install/turtlesim_catch_them_all', 'merge_install': False, 'path': '/home/othmene/Turtlesim-Catch-Them-All-project/src/turtlesim_catch_them_all', 'symlink_install': False, 'test_result_base': None}
[1.738s] Level 5:colcon.colcon_core.verb:set package 'turtlesim_bringup' build argument 'cmake_args' from command line to 'None'
[1.738s] Level 5:colcon.colcon_core.verb:set package 'turtlesim_bringup' build argument 'cmake_target' from command line to 'None'
[1.738s] Level 5:colcon.colcon_core.verb:set package 'turtlesim_bringup' build argument 'cmake_target_skip_unavailable' from command line to 'False'
[1.738s] Level 5:colcon.colcon_core.verb:set package 'turtlesim_bringup' build argument 'cmake_clean_cache' from command line to 'False'
[1.738s] Level 5:colcon.colcon_core.verb:set package 'turtlesim_bringup' build argument 'cmake_clean_first' from command line to 'False'
[1.738s] Level 5:colcon.colcon_core.verb:set package 'turtlesim_bringup' build argument 'cmake_force_configure' from command line to 'False'
[1.738s] Level 5:colcon.colcon_core.verb:set package 'turtlesim_bringup' build argument 'ament_cmake_args' from command line to 'None'
[1.738s] Level 5:colcon.colcon_core.verb:set package 'turtlesim_bringup' build argument 'catkin_cmake_args' from command line to 'None'
[1.738s] Level 5:colcon.colcon_core.verb:set package 'turtlesim_bringup' build argument 'catkin_skip_building_tests' from command line to 'False'
[1.739s] DEBUG:colcon.colcon_core.verb:Building package 'turtlesim_bringup' with the following arguments: {'ament_cmake_args': None, 'build_base': '/home/othmene/Turtlesim-Catch-Them-All-project/build/turtlesim_bringup', 'catkin_cmake_args': None, 'catkin_skip_building_tests': False, 'cmake_args': None, 'cmake_clean_cache': False, 'cmake_clean_first': False, 'cmake_force_configure': False, 'cmake_target': None, 'cmake_target_skip_unavailable': False, 'install_base': '/home/othmene/Turtlesim-Catch-Them-All-project/install/turtlesim_bringup', 'merge_install': False, 'path': '/home/othmene/Turtlesim-Catch-Them-All-project/src/turtlesim_bringup', 'symlink_install': False, 'test_result_base': None}
[1.755s] INFO:colcon.colcon_core.executor:Executing jobs using 'parallel' executor
[1.773s] DEBUG:colcon.colcon_parallel_executor.executor.parallel:run_until_complete
[1.774s] INFO:colcon.colcon_ros.task.ament_cmake.build:Building ROS package in '/home/othmene/Turtlesim-Catch-Them-All-project/src/turtlesim_interfaces' with build type 'ament_cmake'
[1.775s] INFO:colcon.colcon_cmake.task.cmake.build:Building CMake package in '/home/othmene/Turtlesim-Catch-Them-All-project/src/turtlesim_interfaces'
[1.800s] INFO:colcon.colcon_core.plugin_system:Skipping extension 'colcon_core.shell.bat': Not used on non-Windows systems
[1.800s] INFO:colcon.colcon_core.shell:Skip shell extension 'powershell' for command environment: Not usable outside of PowerShell
[1.800s] DEBUG:colcon.colcon_core.shell:Skip shell extension 'dsv' for command environment
[1.878s] DEBUG:colcon.colcon_core.event_handler.log_command:Invoking command in '/home/othmene/Turtlesim-Catch-Them-All-project/build/turtlesim_interfaces': CMAKE_PREFIX_PATH=${CMAKE_PREFIX_PATH}:/home/othmene/Turtlesim-Catch-Them-All-project/install/turtlesim_catch_them_all:/opt/ros/humble /usr/bin/cmake --build /home/othmene/Turtlesim-Catch-Them-All-project/build/turtlesim_interfaces -- -j4 -l4
[2.426s] DEBUG:colcon.colcon_core.event_handler.log_command:Invoked command in '/home/othmene/Turtlesim-Catch-Them-All-project/build/turtlesim_interfaces' returned '0': CMAKE_PREFIX_PATH=${CMAKE_PREFIX_PATH}:/home/othmene/Turtlesim-Catch-Them-All-project/install/turtlesim_catch_them_all:/opt/ros/humble /usr/bin/cmake --build /home/othmene/Turtlesim-Catch-Them-All-project/build/turtlesim_interfaces -- -j4 -l4
[2.600s] DEBUG:colcon.colcon_core.event_handler.log_command:Invoking command in '/home/othmene/Turtlesim-Catch-Them-All-project/build/turtlesim_interfaces': CMAKE_PREFIX_PATH=${CMAKE_PREFIX_PATH}:/home/othmene/Turtlesim-Catch-Them-All-project/install/turtlesim_catch_them_all:/opt/ros/humble /usr/bin/cmake --install /home/othmene/Turtlesim-Catch-Them-All-project/build/turtlesim_interfaces
[2.708s] Level 1:colcon.colcon_core.environment:create_environment_scripts_only(turtlesim_interfaces)
[2.709s] DEBUG:colcon.colcon_core.event_handler.log_command:Invoked command in '/home/othmene/Turtlesim-Catch-Them-All-project/build/turtlesim_interfaces' returned '0': CMAKE_PREFIX_PATH=${CMAKE_PREFIX_PATH}:/home/othmene/Turtlesim-Catch-Them-All-project/install/turtlesim_catch_them_all:/opt/ros/humble /usr/bin/cmake --install /home/othmene/Turtlesim-Catch-Them-All-project/build/turtlesim_interfaces
[2.731s] Level 1:colcon.colcon_core.environment:checking '/home/othmene/Turtlesim-Catch-Them-All-project/install/turtlesim_interfaces' for CMake module files
[2.732s] Level 1:colcon.colcon_core.environment:checking '/home/othmene/Turtlesim-Catch-Them-All-project/install/turtlesim_interfaces' for CMake config files
[2.733s] Level 1:colcon.colcon_core.shell:create_environment_hook('turtlesim_interfaces', 'cmake_prefix_path')
[2.750s] INFO:colcon.colcon_core.shell:Creating environment hook '/home/othmene/Turtlesim-Catch-Them-All-project/install/turtlesim_interfaces/share/turtlesim_interfaces/hook/cmake_prefix_path.ps1'
[2.751s] INFO:colcon.colcon_core.shell:Creating environment descriptor '/home/othmene/Turtlesim-Catch-Them-All-project/install/turtlesim_interfaces/share/turtlesim_interfaces/hook/cmake_prefix_path.dsv'
[2.752s] INFO:colcon.colcon_core.shell:Creating environment hook '/home/othmene/Turtlesim-Catch-Them-All-project/install/turtlesim_interfaces/share/turtlesim_interfaces/hook/cmake_prefix_path.sh'
[2.753s] Level 1:colcon.colcon_core.environment:checking '/home/othmene/Turtlesim-Catch-Them-All-project/install/turtlesim_interfaces/lib'
[2.753s] Level 1:colcon.colcon_core.shell:create_environment_hook('turtlesim_interfaces', 'ld_library_path_lib')
[2.773s] INFO:colcon.colcon_core.shell:Creating environment hook '/home/othmene/Turtlesim-Catch-Them-All-project/install/turtlesim_interfaces/share/turtlesim_interfaces/hook/ld_library_path_lib.ps1'
[2.774s] INFO:colcon.colcon_core.shell:Creating environment descriptor '/home/othmene/Turtlesim-Catch-Them-All-project/install/turtlesim_interfaces/share/turtlesim_interfaces/hook/ld_library_path_lib.dsv'
[2.774s] INFO:colcon.colcon_core.shell:Creating environment hook '/home/othmene/Turtlesim-Catch-Them-All-project/install/turtlesim_interfaces/share/turtlesim_interfaces/hook/ld_library_path_lib.sh'
[2.775s] Level 1:colcon.colcon_core.environment:checking '/home/othmene/Turtlesim-Catch-Them-All-project/install/turtlesim_interfaces/bin'
[2.775s] Level 1:colcon.colcon_core.environment:checking '/home/othmene/Turtlesim-Catch-Them-All-project/install/turtlesim_interfaces/lib/pkgconfig/turtlesim_interfaces.pc'
[2.775s] Level 1:colcon.colcon_core.environment:checking '/home/othmene/Turtlesim-Catch-Them-All-project/install/turtlesim_interfaces/lib/python3.10/site-packages'
[2.775s] Level 1:colcon.colcon_core.environment:checking '/home/othmene/Turtlesim-Catch-Them-All-project/install/turtlesim_interfaces/bin'
[2.793s] INFO:colcon.colcon_core.shell:Creating package script '/home/othmene/Turtlesim-Catch-Them-All-project/install/turtlesim_interfaces/share/turtlesim_interfaces/package.ps1'
[2.795s] INFO:colcon.colcon_core.shell:Creating package descriptor '/home/othmene/Turtlesim-Catch-Them-All-project/install/turtlesim_interfaces/share/turtlesim_interfaces/package.dsv'
[2.795s] INFO:colcon.colcon_core.shell:Creating package script '/home/othmene/Turtlesim-Catch-Them-All-project/install/turtlesim_interfaces/share/turtlesim_interfaces/package.sh'
[2.797s] INFO:colcon.colcon_core.shell:Creating package script '/home/othmene/Turtlesim-Catch-Them-All-project/install/turtlesim_interfaces/share/turtlesim_interfaces/package.bash'
[2.798s] INFO:colcon.colcon_core.shell:Creating package script '/home/othmene/Turtlesim-Catch-Them-All-project/install/turtlesim_interfaces/share/turtlesim_interfaces/package.zsh'
[2.798s] Level 1:colcon.colcon_core.environment:create_file_with_runtime_dependencies(/home/othmene/Turtlesim-Catch-Them-All-project/install/turtlesim_interfaces/share/colcon-core/packages/turtlesim_interfaces)
[2.975s] Level 1:colcon.colcon_core.environment:create_environment_scripts_only(turtlesim_interfaces)
[2.993s] Level 1:colcon.colcon_core.environment:checking '/home/othmene/Turtlesim-Catch-Them-All-project/install/turtlesim_interfaces' for CMake module files
[2.993s] Level 1:colcon.colcon_core.environment:checking '/home/othmene/Turtlesim-Catch-Them-All-project/install/turtlesim_interfaces' for CMake config files
[2.994s] Level 1:colcon.colcon_core.shell:create_environment_hook('turtlesim_interfaces', 'cmake_prefix_path')
[3.012s] INFO:colcon.colcon_core.shell:Creating environment hook '/home/othmene/Turtlesim-Catch-Them-All-project/install/turtlesim_interfaces/share/turtlesim_interfaces/hook/cmake_prefix_path.ps1'
[3.012s] INFO:colcon.colcon_core.shell:Creating environment descriptor '/home/othmene/Turtlesim-Catch-Them-All-project/install/turtlesim_interfaces/share/turtlesim_interfaces/hook/cmake_prefix_path.dsv'
[3.013s] INFO:colcon.colcon_core.shell:Creating environment hook '/home/othmene/Turtlesim-Catch-Them-All-project/install/turtlesim_interfaces/share/turtlesim_interfaces/hook/cmake_prefix_path.sh'
[3.013s] Level 1:colcon.colcon_core.environment:checking '/home/othmene/Turtlesim-Catch-Them-All-project/install/turtlesim_interfaces/lib'
[3.013s] Level 1:colcon.colcon_core.shell:create_environment_hook('turtlesim_interfaces', 'ld_library_path_lib')
[3.033s] INFO:colcon.colcon_core.shell:Creating environment hook '/home/othmene/Turtlesim-Catch-Them-All-project/install/turtlesim_interfaces/share/turtlesim_interfaces/hook/ld_library_path_lib.ps1'
[3.033s] INFO:colcon.colcon_core.shell:Creating environment descriptor '/home/othmene/Turtlesim-Catch-Them-All-project/install/turtlesim_interfaces/share/turtlesim_interfaces/hook/ld_library_path_lib.dsv'
[3.034s] INFO:colcon.colcon_core.shell:Creating environment hook '/home/othmene/Turtlesim-Catch-Them-All-project/install/turtlesim_interfaces/share/turtlesim_interfaces/hook/ld_library_path_lib.sh'
[3.034s] Level 1:colcon.colcon_core.environment:checking '/home/othmene/Turtlesim-Catch-Them-All-project/install/turtlesim_interfaces/bin'
[3.034s] Level 1:colcon.colcon_core.environment:checking '/home/othmene/Turtlesim-Catch-Them-All-project/install/turtlesim_interfaces/lib/pkgconfig/turtlesim_interfaces.pc'
[3.035s] Level 1:colcon.colcon_core.environment:checking '/home/othmene/Turtlesim-Catch-Them-All-project/install/turtlesim_interfaces/lib/python3.10/site-packages'
[3.035s] Level 1:colcon.colcon_core.environment:checking '/home/othmene/Turtlesim-Catch-Them-All-project/install/turtlesim_interfaces/bin'
[3.052s] INFO:colcon.colcon_core.shell:Creating package script '/home/othmene/Turtlesim-Catch-Them-All-project/install/turtlesim_interfaces/share/turtlesim_interfaces/package.ps1'
[3.053s] INFO:colcon.colcon_core.shell:Creating package descriptor '/home/othmene/Turtlesim-Catch-Them-All-project/install/turtlesim_interfaces/share/turtlesim_interfaces/package.dsv'
[3.054s] INFO:colcon.colcon_core.shell:Creating package script '/home/othmene/Turtlesim-Catch-Them-All-project/install/turtlesim_interfaces/share/turtlesim_interfaces/package.sh'
[3.054s] INFO:colcon.colcon_core.shell:Creating package script '/home/othmene/Turtlesim-Catch-Them-All-project/install/turtlesim_interfaces/share/turtlesim_interfaces/package.bash'
[3.055s] INFO:colcon.colcon_core.shell:Creating package script '/home/othmene/Turtlesim-Catch-Them-All-project/install/turtlesim_interfaces/share/turtlesim_interfaces/package.zsh'
[3.055s] Level 1:colcon.colcon_core.environment:create_file_with_runtime_dependencies(/home/othmene/Turtlesim-Catch-Them-All-project/install/turtlesim_interfaces/share/colcon-core/packages/turtlesim_interfaces)
[3.056s] INFO:colcon.colcon_ros.task.ament_python.build:Building ROS package in '/home/othmene/Turtlesim-Catch-Them-All-project/src/turtlesim_catch_them_all' with build type 'ament_python'
[3.056s] Level 1:colcon.colcon_core.shell:create_environment_hook('turtlesim_catch_them_all', 'ament_prefix_path')
[3.074s] INFO:colcon.colcon_core.shell:Creating environment hook '/home/othmene/Turtlesim-Catch-Them-All-project/install/turtlesim_catch_them_all/share/turtlesim_catch_them_all/hook/ament_prefix_path.ps1'
[3.075s] INFO:colcon.colcon_core.shell:Creating environment descriptor '/home/othmene/Turtlesim-Catch-Them-All-project/install/turtlesim_catch_them_all/share/turtlesim_catch_them_all/hook/ament_prefix_path.dsv'
[3.076s] INFO:colcon.colcon_core.shell:Creating environment hook '/home/othmene/Turtlesim-Catch-Them-All-project/install/turtlesim_catch_them_all/share/turtlesim_catch_them_all/hook/ament_prefix_path.sh'
[3.096s] INFO:colcon.colcon_core.shell:Skip shell extension 'powershell' for command environment: Not usable outside of PowerShell
[3.096s] DEBUG:colcon.colcon_core.shell:Skip shell extension 'dsv' for command environment
[3.486s] INFO:colcon.colcon_core.task.python.build:Building Python package in '/home/othmene/Turtlesim-Catch-Them-All-project/src/turtlesim_catch_them_all'
[3.506s] INFO:colcon.colcon_core.shell:Skip shell extension 'powershell' for command environment: Not usable outside of PowerShell
[3.506s] DEBUG:colcon.colcon_core.shell:Skip shell extension 'dsv' for command environment
[4.121s] DEBUG:colcon.colcon_core.event_handler.log_command:Invoking command in '/home/othmene/Turtlesim-Catch-Them-All-project/src/turtlesim_catch_them_all': PYTHONPATH=/home/othmene/Turtlesim-Catch-Them-All-project/build/turtlesim_catch_them_all/prefix_override:/home/othmene/Turtlesim-Catch-Them-All-project/install/turtlesim_catch_them_all/lib/python3.10/site-packages:${PYTHONPATH} /usr/bin/python3 setup.py egg_info --egg-base ../../build/turtlesim_catch_them_all build --build-base /home/othmene/Turtlesim-Catch-Them-All-project/build/turtlesim_catch_them_all/build install --record /home/othmene/Turtlesim-Catch-Them-All-project/build/turtlesim_catch_them_all/install.log --single-version-externally-managed
[4.534s] DEBUG:colcon.colcon_core.event_handler.log_command:Invoked command in '/home/othmene/Turtlesim-Catch-Them-All-project/src/turtlesim_catch_them_all' returned '0': PYTHONPATH=/home/othmene/Turtlesim-Catch-Them-All-project/build/turtlesim_catch_them_all/prefix_override:/home/othmene/Turtlesim-Catch-Them-All-project/install/turtlesim_catch_them_all/lib/python3.10/site-packages:${PYTHONPATH} /usr/bin/python3 setup.py egg_info --egg-base ../../build/turtlesim_catch_them_all build --build-base /home/othmene/Turtlesim-Catch-Them-All-project/build/turtlesim_catch_them_all/build install --record /home/othmene/Turtlesim-Catch-Them-All-project/build/turtlesim_catch_them_all/install.log --single-version-externally-managed
[4.555s] Level 1:colcon.colcon_core.environment:checking '/home/othmene/Turtlesim-Catch-Them-All-project/install/turtlesim_catch_them_all' for CMake module files
[4.555s] Level 1:colcon.colcon_core.environment:checking '/home/othmene/Turtlesim-Catch-Them-All-project/install/turtlesim_catch_them_all' for CMake config files
[4.556s] Level 1:colcon.colcon_core.environment:checking '/home/othmene/Turtlesim-Catch-Them-All-project/install/turtlesim_catch_them_all/lib'
[4.556s] Level 1:colcon.colcon_core.environment:checking '/home/othmene/Turtlesim-Catch-Them-All-project/install/turtlesim_catch_them_all/bin'
[4.556s] Level 1:colcon.colcon_core.environment:checking '/home/othmene/Turtlesim-Catch-Them-All-project/install/turtlesim_catch_them_all/lib/pkgconfig/turtlesim_catch_them_all.pc'
[4.557s] Level 1:colcon.colcon_core.environment:checking '/home/othmene/Turtlesim-Catch-Them-All-project/install/turtlesim_catch_them_all/lib/python3.10/site-packages'
[4.557s] Level 1:colcon.colcon_core.shell:create_environment_hook('turtlesim_catch_them_all', 'pythonpath')
[4.577s] INFO:colcon.colcon_core.shell:Creating environment hook '/home/othmene/Turtlesim-Catch-Them-All-project/install/turtlesim_catch_them_all/share/turtlesim_catch_them_all/hook/pythonpath.ps1'
[4.578s] INFO:colcon.colcon_core.shell:Creating environment descriptor '/home/othmene/Turtlesim-Catch-Them-All-project/install/turtlesim_catch_them_all/share/turtlesim_catch_them_all/hook/pythonpath.dsv'
[4.579s] INFO:colcon.colcon_core.shell:Creating environment hook '/home/othmene/Turtlesim-Catch-Them-All-project/install/turtlesim_catch_them_all/share/turtlesim_catch_them_all/hook/pythonpath.sh'
[4.580s] Level 1:colcon.colcon_core.environment:checking '/home/othmene/Turtlesim-Catch-Them-All-project/install/turtlesim_catch_them_all/bin'
[4.580s] Level 1:colcon.colcon_core.environment:create_environment_scripts_only(turtlesim_catch_them_all)
[4.604s] INFO:colcon.colcon_core.shell:Creating package script '/home/othmene/Turtlesim-Catch-Them-All-project/install/turtlesim_catch_them_all/share/turtlesim_catch_them_all/package.ps1'
[4.605s] INFO:colcon.colcon_core.shell:Creating package descriptor '/home/othmene/Turtlesim-Catch-Them-All-project/install/turtlesim_catch_them_all/share/turtlesim_catch_them_all/package.dsv'
[4.605s] INFO:colcon.colcon_core.shell:Creating package script '/home/othmene/Turtlesim-Catch-Them-All-project/install/turtlesim_catch_them_all/share/turtlesim_catch_them_all/package.sh'
[4.606s] INFO:colcon.colcon_core.shell:Creating package script '/home/othmene/Turtlesim-Catch-Them-All-project/install/turtlesim_catch_them_all/share/turtlesim_catch_them_all/package.bash'
[4.606s] INFO:colcon.colcon_core.shell:Creating package script '/home/othmene/Turtlesim-Catch-Them-All-project/install/turtlesim_catch_them_all/share/turtlesim_catch_them_all/package.zsh'
[4.607s] Level 1:colcon.colcon_core.environment:create_file_with_runtime_dependencies(/home/othmene/Turtlesim-Catch-Them-All-project/install/turtlesim_catch_them_all/share/colcon-core/packages/turtlesim_catch_them_all)
[4.607s] INFO:colcon.colcon_ros.task.ament_cmake.build:Building ROS package in '/home/othmene/Turtlesim-Catch-Them-All-project/src/turtlesim_bringup' with build type 'ament_cmake'
[4.607s] INFO:colcon.colcon_cmake.task.cmake.build:Building CMake package in '/home/othmene/Turtlesim-Catch-Them-All-project/src/turtlesim_bringup'
[4.631s] INFO:colcon.colcon_core.shell:Skip shell extension 'powershell' for command environment: Not usable outside of PowerShell
[4.631s] DEBUG:colcon.colcon_core.shell:Skip shell extension 'dsv' for command environment
[4.712s] DEBUG:colcon.colcon_core.event_handler.log_command:Invoking command in '/home/othmene/Turtlesim-Catch-Them-All-project/build/turtlesim_bringup': CMAKE_PREFIX_PATH=${CMAKE_PREFIX_PATH}:/home/othmene/Turtlesim-Catch-Them-All-project/install/turtlesim_catch_them_all:/opt/ros/humble PYTHONPATH=/home/othmene/Turtlesim-Catch-Them-All-project/install/turtlesim_catch_them_all/lib/python3.10/site-packages:/home/othmene/Turtlesim-Catch-Them-All-project/build/turtlesim_catch_them_all:/home/othmene/Turtlesim-Catch-Them-All-project/install/turtlesim_interfaces/local/lib/python3.10/dist-packages:/opt/ros/humble/lib/python3.10/site-packages:/opt/ros/humble/local/lib/python3.10/dist-packages /usr/bin/cmake --build /home/othmene/Turtlesim-Catch-Them-All-project/build/turtlesim_bringup -- -j4 -l4
[4.767s] DEBUG:colcon.colcon_core.event_handler.log_command:Invoked command in '/home/othmene/Turtlesim-Catch-Them-All-project/build/turtlesim_bringup' returned '0': CMAKE_PREFIX_PATH=${CMAKE_PREFIX_PATH}:/home/othmene/Turtlesim-Catch-Them-All-project/install/turtlesim_catch_them_all:/opt/ros/humble PYTHONPATH=/home/othmene/Turtlesim-Catch-Them-All-project/install/turtlesim_catch_them_all/lib/python3.10/site-packages:/home/othmene/Turtlesim-Catch-Them-All-project/build/turtlesim_catch_them_all:/home/othmene/Turtlesim-Catch-Them-All-project/install/turtlesim_interfaces/local/lib/python3.10/dist-packages:/opt/ros/humble/lib/python3.10/site-packages:/opt/ros/humble/local/lib/python3.10/dist-packages /usr/bin/cmake --build /home/othmene/Turtlesim-Catch-Them-All-project/build/turtlesim_bringup -- -j4 -l4
[4.804s] DEBUG:colcon.colcon_core.event_handler.log_command:Invoking command in '/home/othmene/Turtlesim-Catch-Them-All-project/build/turtlesim_bringup': CMAKE_PREFIX_PATH=${CMAKE_PREFIX_PATH}:/home/othmene/Turtlesim-Catch-Them-All-project/install/turtlesim_catch_them_all:/opt/ros/humble PYTHONPATH=/home/othmene/Turtlesim-Catch-Them-All-project/install/turtlesim_catch_them_all/lib/python3.10/site-packages:/home/othmene/Turtlesim-Catch-Them-All-project/build/turtlesim_catch_them_all:/home/othmene/Turtlesim-Catch-Them-All-project/install/turtlesim_interfaces/local/lib/python3.10/dist-packages:/opt/ros/humble/lib/python3.10/site-packages:/opt/ros/humble/local/lib/python3.10/dist-packages /usr/bin/cmake --install /home/othmene/Turtlesim-Catch-Them-All-project/build/turtlesim_bringup
[4.816s] Level 1:colcon.colcon_core.environment:create_environment_scripts_only(turtlesim_bringup)
[4.817s] DEBUG:colcon.colcon_core.event_handler.log_command:Invoked command in '/home/othmene/Turtlesim-Catch-Them-All-project/build/turtlesim_bringup' returned '0': CMAKE_PREFIX_PATH=${CMAKE_PREFIX_PATH}:/home/othmene/Turtlesim-Catch-Them-All-project/install/turtlesim_catch_them_all:/opt/ros/humble PYTHONPATH=/home/othmene/Turtlesim-Catch-Them-All-project/install/turtlesim_catch_them_all/lib/python3.10/site-packages:/home/othmene/Turtlesim-Catch-Them-All-project/build/turtlesim_catch_them_all:/home/othmene/Turtlesim-Catch-Them-All-project/install/turtlesim_interfaces/local/lib/python3.10/dist-packages:/opt/ros/humble/lib/python3.10/site-packages:/opt/ros/humble/local/lib/python3.10/dist-packages /usr/bin/cmake --install /home/othmene/Turtlesim-Catch-Them-All-project/build/turtlesim_bringup
[4.837s] Level 1:colcon.colcon_core.environment:checking '/home/othmene/Turtlesim-Catch-Them-All-project/install/turtlesim_bringup' for CMake module files
[4.838s] Level 1:colcon.colcon_core.environment:checking '/home/othmene/Turtlesim-Catch-Them-All-project/install/turtlesim_bringup' for CMake config files
[4.838s] Level 1:colcon.colcon_core.shell:create_environment_hook('turtlesim_bringup', 'cmake_prefix_path')
[4.856s] INFO:colcon.colcon_core.shell:Creating environment hook '/home/othmene/Turtlesim-Catch-Them-All-project/install/turtlesim_bringup/share/turtlesim_bringup/hook/cmake_prefix_path.ps1'
[4.857s] INFO:colcon.colcon_core.shell:Creating environment descriptor '/home/othmene/Turtlesim-Catch-Them-All-project/install/turtlesim_bringup/share/turtlesim_bringup/hook/cmake_prefix_path.dsv'
[4.857s] INFO:colcon.colcon_core.shell:Creating environment hook '/home/othmene/Turtlesim-Catch-Them-All-project/install/turtlesim_bringup/share/turtlesim_bringup/hook/cmake_prefix_path.sh'
[4.858s] Level 1:colcon.colcon_core.environment:checking '/home/othmene/Turtlesim-Catch-Them-All-project/install/turtlesim_bringup/bin'
[4.858s] Level 1:colcon.colcon_core.environment:checking '/home/othmene/Turtlesim-Catch-Them-All-project/install/turtlesim_bringup/lib/pkgconfig/turtlesim_bringup.pc'
[4.858s] Level 1:colcon.colcon_core.environment:checking '/home/othmene/Turtlesim-Catch-Them-All-project/install/turtlesim_bringup/lib/python3.10/site-packages'
[4.858s] Level 1:colcon.colcon_core.environment:checking '/home/othmene/Turtlesim-Catch-Them-All-project/install/turtlesim_bringup/bin'
[4.876s] INFO:colcon.colcon_core.shell:Creating package script '/home/othmene/Turtlesim-Catch-Them-All-project/install/turtlesim_bringup/share/turtlesim_bringup/package.ps1'
[4.877s] INFO:colcon.colcon_core.shell:Creating package descriptor '/home/othmene/Turtlesim-Catch-Them-All-project/install/turtlesim_bringup/share/turtlesim_bringup/package.dsv'
[4.878s] INFO:colcon.colcon_core.shell:Creating package script '/home/othmene/Turtlesim-Catch-Them-All-project/install/turtlesim_bringup/share/turtlesim_bringup/package.sh'
[4.879s] INFO:colcon.colcon_core.shell:Creating package script '/home/othmene/Turtlesim-Catch-Them-All-project/install/turtlesim_bringup/share/turtlesim_bringup/package.bash'
[4.880s] INFO:colcon.colcon_core.shell:Creating package script '/home/othmene/Turtlesim-Catch-Them-All-project/install/turtlesim_bringup/share/turtlesim_bringup/package.zsh'
[4.880s] Level 1:colcon.colcon_core.environment:create_file_with_runtime_dependencies(/home/othmene/Turtlesim-Catch-Them-All-project/install/turtlesim_bringup/share/colcon-core/packages/turtlesim_bringup)
[4.932s] Level 1:colcon.colcon_core.environment:create_environment_scripts_only(turtlesim_bringup)
[4.949s] Level 1:colcon.colcon_core.environment:checking '/home/othmene/Turtlesim-Catch-Them-All-project/install/turtlesim_bringup' for CMake module files
[4.949s] Level 1:colcon.colcon_core.environment:checking '/home/othmene/Turtlesim-Catch-Them-All-project/install/turtlesim_bringup' for CMake config files
[4.949s] Level 1:colcon.colcon_core.shell:create_environment_hook('turtlesim_bringup', 'cmake_prefix_path')
[4.967s] INFO:colcon.colcon_core.shell:Creating environment hook '/home/othmene/Turtlesim-Catch-Them-All-project/install/turtlesim_bringup/share/turtlesim_bringup/hook/cmake_prefix_path.ps1'
[4.968s] INFO:colcon.colcon_core.shell:Creating environment descriptor '/home/othmene/Turtlesim-Catch-Them-All-project/install/turtlesim_bringup/share/turtlesim_bringup/hook/cmake_prefix_path.dsv'
[4.969s] INFO:colcon.colcon_core.shell:Creating environment hook '/home/othmene/Turtlesim-Catch-Them-All-project/install/turtlesim_bringup/share/turtlesim_bringup/hook/cmake_prefix_path.sh'
[4.969s] Level 1:colcon.colcon_core.environment:checking '/home/othmene/Turtlesim-Catch-Them-All-project/install/turtlesim_bringup/bin'
[4.969s] Level 1:colcon.colcon_core.environment:checking '/home/othmene/Turtlesim-Catch-Them-All-project/install/turtlesim_bringup/lib/pkgconfig/turtlesim_bringup.pc'
[4.970s] Level 1:colcon.colcon_core.environment:checking '/home/othmene/Turtlesim-Catch-Them-All-project/install/turtlesim_bringup/lib/python3.10/site-packages'
[4.970s] Level 1:colcon.colcon_core.environment:checking '/home/othmene/Turtlesim-Catch-Them-All-project/install/turtlesim_bringup/bin'
[4.989s] INFO:colcon.colcon_core.shell:Creating package script '/home/othmene/Turtlesim-Catch-Them-All-project/install/turtlesim_bringup/share/turtlesim_bringup/package.ps1'
[4.989s] INFO:colcon.colcon_core.shell:Creating package descriptor '/home/othmene/Turtlesim-Catch-Them-All-project/install/turtlesim_bringup/share/turtlesim_bringup/package.dsv'
[4.990s] INFO:colcon.colcon_core.shell:Creating package script '/home/othmene/Turtlesim-Catch-Them-All-project/install/turtlesim_bringup/share/turtlesim_bringup/package.sh'
[4.991s] INFO:colcon.colcon_core.shell:Creating package script '/home/othmene/Turtlesim-Catch-Them-All-project/install/turtlesim_bringup/share/turtlesim_bringup/package.bash'
[4.991s] INFO:colcon.colcon_core.shell:Creating package script '/home/othmene/Turtlesim-Catch-Them-All-project/install/turtlesim_bringup/share/turtlesim_bringup/package.zsh'
[4.992s] Level 1:colcon.colcon_core.environment:create_file_with_runtime_dependencies(/home/othmene/Turtlesim-Catch-Them-All-project/install/turtlesim_bringup/share/colcon-core/packages/turtlesim_bringup)
[4.993s] DEBUG:colcon.colcon_parallel_executor.executor.parallel:closing loop
[4.994s] DEBUG:colcon.colcon_parallel_executor.executor.parallel:loop closed
[4.995s] DEBUG:colcon.colcon_parallel_executor.executor.parallel:run_until_complete finished with '0'
[4.995s] DEBUG:colcon.colcon_core.event_reactor:joining thread
[5.019s] INFO:colcon.colcon_core.plugin_system:Skipping extension 'colcon_notification.desktop_notification.terminal_notifier': Not used on non-Darwin systems
[5.019s] INFO:colcon.colcon_core.plugin_system:Skipping extension 'colcon_notification.desktop_notification.win32': Not used on non-Windows systems
[5.019s] INFO:colcon.colcon_notification.desktop_notification:Sending desktop notification using 'notify2'
[5.034s] DEBUG:colcon.colcon_core.event_reactor:joined thread
[5.055s] INFO:colcon.colcon_core.shell:Creating prefix script '/home/othmene/Turtlesim-Catch-Them-All-project/install/local_setup.ps1'
[5.056s] INFO:colcon.colcon_core.shell:Creating prefix util module '/home/othmene/Turtlesim-Catch-Them-All-project/install/_local_setup_util_ps1.py'
[5.058s] INFO:colcon.colcon_core.shell:Creating prefix chain script '/home/othmene/Turtlesim-Catch-Them-All-project/install/setup.ps1'
[5.080s] INFO:colcon.colcon_core.shell:Creating prefix script '/home/othmene/Turtlesim-Catch-Them-All-project/install/local_setup.sh'
[5.081s] INFO:colcon.colcon_core.shell:Creating prefix util module '/home/othmene/Turtlesim-Catch-Them-All-project/install/_local_setup_util_sh.py'
[5.082s] INFO:colcon.colcon_core.shell:Creating prefix chain script '/home/othmene/Turtlesim-Catch-Them-All-project/install/setup.sh'
[5.104s] INFO:colcon.colcon_core.shell:Creating prefix script '/home/othmene/Turtlesim-Catch-Them-All-project/install/local_setup.bash'
[5.105s] INFO:colcon.colcon_core.shell:Creating prefix chain script '/home/othmene/Turtlesim-Catch-Them-All-project/install/setup.bash'
[5.124s] INFO:colcon.colcon_core.shell:Creating prefix script '/home/othmene/Turtlesim-Catch-Them-All-project/install/local_setup.zsh'
[5.124s] INFO:colcon.colcon_core.shell:Creating prefix chain script '/home/othmene/Turtlesim-Catch-Them-All-project/install/setup.zsh'
