[1.127s] Invoking command in '/home/othmene/Turtlesim-Catch-Them-All-project/src/turtlesim_catch_them_all': PYTHONPATH=/home/othmene/Turtlesim-Catch-Them-All-project/build/turtlesim_catch_them_all/prefix_override:/home/othmene/Turtlesim-Catch-Them-All-project/install/turtlesim_catch_them_all/lib/python3.10/site-packages:${PYTHONPATH} /usr/bin/python3 setup.py egg_info --egg-base ../../build/turtlesim_catch_them_all build --build-base /home/othmene/Turtlesim-Catch-Them-All-project/build/turtlesim_catch_them_all/build install --record /home/othmene/Turtlesim-Catch-Them-All-project/build/turtlesim_catch_them_all/install.log --single-version-externally-managed
[1.483s] running egg_info
[1.484s] writing ../../build/turtlesim_catch_them_all/turtlesim_catch_them_all.egg-info/PKG-INFO
[1.484s] writing dependency_links to ../../build/turtlesim_catch_them_all/turtlesim_catch_them_all.egg-info/dependency_links.txt
[1.484s] writing entry points to ../../build/turtlesim_catch_them_all/turtlesim_catch_them_all.egg-info/entry_points.txt
[1.485s] writing requirements to ../../build/turtlesim_catch_them_all/turtlesim_catch_them_all.egg-info/requires.txt
[1.485s] writing top-level names to ../../build/turtlesim_catch_them_all/turtlesim_catch_them_all.egg-info/top_level.txt
[1.487s] reading manifest file '../../build/turtlesim_catch_them_all/turtlesim_catch_them_all.egg-info/SOURCES.txt'
[1.488s] writing manifest file '../../build/turtlesim_catch_them_all/turtlesim_catch_them_all.egg-info/SOURCES.txt'
[1.489s] running build
[1.489s] running build_py
[1.489s] copying turtlesim_catch_them_all/turtle_controller.py -> /home/othmene/Turtlesim-Catch-Them-All-project/build/turtlesim_catch_them_all/build/lib/turtlesim_catch_them_all
[1.489s] running install
[1.490s] running install_lib
[1.491s] copying /home/othmene/Turtlesim-Catch-Them-All-project/build/turtlesim_catch_them_all/build/lib/turtlesim_catch_them_all/turtle_controller.py -> /home/othmene/Turtlesim-Catch-Them-All-project/install/turtlesim_catch_them_all/lib/python3.10/site-packages/turtlesim_catch_them_all
[1.493s] byte-compiling /home/othmene/Turtlesim-Catch-Them-All-project/install/turtlesim_catch_them_all/lib/python3.10/site-packages/turtlesim_catch_them_all/turtle_controller.py to turtle_controller.cpython-310.pyc
[1.494s] running install_data
[1.495s] running install_egg_info
[1.497s] removing '/home/othmene/Turtlesim-Catch-Them-All-project/install/turtlesim_catch_them_all/lib/python3.10/site-packages/turtlesim_catch_them_all-0.0.0-py3.10.egg-info' (and everything under it)
[1.498s] Copying ../../build/turtlesim_catch_them_all/turtlesim_catch_them_all.egg-info to /home/othmene/Turtlesim-Catch-Them-All-project/install/turtlesim_catch_them_all/lib/python3.10/site-packages/turtlesim_catch_them_all-0.0.0-py3.10.egg-info
[1.499s] running install_scripts
[1.528s] Installing turtle_controller script to /home/othmene/Turtlesim-Catch-Them-All-project/install/turtlesim_catch_them_all/lib/turtlesim_catch_them_all
[1.528s] Installing turtle_spawner script to /home/othmene/Turtlesim-Catch-Them-All-project/install/turtlesim_catch_them_all/lib/turtlesim_catch_them_all
[1.529s] writing list of installed files to '/home/othmene/Turtlesim-Catch-Them-All-project/build/turtlesim_catch_them_all/install.log'
[1.577s] Invoked command in '/home/othmene/Turtlesim-Catch-Them-All-project/src/turtlesim_catch_them_all' returned '0': PYTHONPATH=/home/othmene/Turtlesim-Catch-Them-All-project/build/turtlesim_catch_them_all/prefix_override:/home/othmene/Turtlesim-Catch-Them-All-project/install/turtlesim_catch_them_all/lib/python3.10/site-packages:${PYTHONPATH} /usr/bin/python3 setup.py egg_info --egg-base ../../build/turtlesim_catch_them_all build --build-base /home/othmene/Turtlesim-Catch-Them-All-project/build/turtlesim_catch_them_all/build install --record /home/othmene/Turtlesim-Catch-Them-All-project/build/turtlesim_catch_them_all/install.log --single-version-externally-managed
