[1.536s] DEBUG:colcon:Command line arguments: ['/usr/bin/colcon', 'build']
[1.536s] DEBUG:colcon:Parsed command line arguments: Namespace(log_base=None, log_level=None, verb_name='build', build_base='build', install_base='install', merge_install=False, symlink_install=False, test_result_base=None, continue_on_error=False, executor='parallel', parallel_workers=4, event_handlers=None, ignore_user_meta=False, metas=['./colcon.meta'], base_paths=['.'], packages_ignore=None, packages_ignore_regex=None, paths=None, packages_up_to=None, packages_up_to_regex=None, packages_above=None, packages_above_and_dependencies=None, packages_above_depth=None, packages_select_by_dep=None, packages_skip_by_dep=None, packages_skip_up_to=None, packages_select_build_failed=False, packages_skip_build_finished=False, packages_select_test_failures=False, packages_skip_test_passed=False, packages_select=None, packages_skip=None, packages_select_regex=None, packages_skip_regex=None, packages_start=None, packages_end=None, allow_overriding=[], cmake_args=None, cmake_target=None, cmake_target_skip_unavailable=False, cmake_clean_cache=False, cmake_clean_first=False, cmake_force_configure=False, ament_cmake_args=None, catkin_cmake_args=None, catkin_skip_building_tests=False, verb_parser=<colcon_defaults.argument_parser.defaults.DefaultArgumentsDecorator object at 0x7f67273f2e30>, verb_extension=<colcon_core.verb.build.BuildVerb object at 0x7f67273f3220>, main=<bound method BuildVerb.main of <colcon_core.verb.build.BuildVerb object at 0x7f67273f3220>>)
[1.603s] Level 1:colcon.colcon_core.package_discovery:discover_packages(colcon_meta) check parameters
[1.603s] Level 1:colcon.colcon_core.package_discovery:discover_packages(recursive) check parameters
[1.604s] Level 1:colcon.colcon_core.package_discovery:discover_packages(ignore) check parameters
[1.604s] Level 1:colcon.colcon_core.package_discovery:discover_packages(path) check parameters
[1.604s] Level 1:colcon.colcon_core.package_discovery:discover_packages(colcon_meta) discover
[1.604s] Level 1:colcon.colcon_core.package_discovery:discover_packages(recursive) discover
[1.604s] INFO:colcon.colcon_core.package_discovery:Crawling recursively for packages in '/home/othmene/Turtlesim-Catch-Them-All-project'
[1.604s] Level 1:colcon.colcon_core.package_identification:_identify(.) by extensions ['ignore', 'ignore_ament_install']
[1.604s] Level 1:colcon.colcon_core.package_identification:_identify(.) by extension 'ignore'
[1.604s] Level 1:colcon.colcon_core.package_identification:_identify(.) by extension 'ignore_ament_install'
[1.604s] Level 1:colcon.colcon_core.package_identification:_identify(.) by extensions ['colcon_pkg']
[1.604s] Level 1:colcon.colcon_core.package_identification:_identify(.) by extension 'colcon_pkg'
[1.604s] Level 1:colcon.colcon_core.package_identification:_identify(.) by extensions ['colcon_meta']
[1.604s] Level 1:colcon.colcon_core.package_identification:_identify(.) by extension 'colcon_meta'
[1.604s] Level 1:colcon.colcon_core.package_identification:_identify(.) by extensions ['ros']
[1.605s] Level 1:colcon.colcon_core.package_identification:_identify(.) by extension 'ros'
[1.621s] Level 1:colcon.colcon_core.package_identification:_identify(.) by extensions ['cmake', 'python']
[1.621s] Level 1:colcon.colcon_core.package_identification:_identify(.) by extension 'cmake'
[1.621s] Level 1:colcon.colcon_core.package_identification:_identify(.) by extension 'python'
[1.621s] Level 1:colcon.colcon_core.package_identification:_identify(.) by extensions ['python_setup_py']
[1.621s] Level 1:colcon.colcon_core.package_identification:_identify(.) by extension 'python_setup_py'
[1.621s] Level 1:colcon.colcon_core.package_identification:_identify(build) by extensions ['ignore', 'ignore_ament_install']
[1.622s] Level 1:colcon.colcon_core.package_identification:_identify(build) by extension 'ignore'
[1.622s] Level 1:colcon.colcon_core.package_identification:_identify(build) ignored
[1.622s] Level 1:colcon.colcon_core.package_identification:_identify(install) by extensions ['ignore', 'ignore_ament_install']
[1.622s] Level 1:colcon.colcon_core.package_identification:_identify(install) by extension 'ignore'
[1.622s] Level 1:colcon.colcon_core.package_identification:_identify(install) ignored
[1.622s] Level 1:colcon.colcon_core.package_identification:_identify(log) by extensions ['ignore', 'ignore_ament_install']
[1.622s] Level 1:colcon.colcon_core.package_identification:_identify(log) by extension 'ignore'
[1.622s] Level 1:colcon.colcon_core.package_identification:_identify(log) ignored
[1.622s] Level 1:colcon.colcon_core.package_identification:_identify(src) by extensions ['ignore', 'ignore_ament_install']
[1.622s] Level 1:colcon.colcon_core.package_identification:_identify(src) by extension 'ignore'
[1.622s] Level 1:colcon.colcon_core.package_identification:_identify(src) by extension 'ignore_ament_install'
[1.622s] Level 1:colcon.colcon_core.package_identification:_identify(src) by extensions ['colcon_pkg']
[1.623s] Level 1:colcon.colcon_core.package_identification:_identify(src) by extension 'colcon_pkg'
[1.623s] Level 1:colcon.colcon_core.package_identification:_identify(src) by extensions ['colcon_meta']
[1.623s] Level 1:colcon.colcon_core.package_identification:_identify(src) by extension 'colcon_meta'
[1.623s] Level 1:colcon.colcon_core.package_identification:_identify(src) by extensions ['ros']
[1.623s] Level 1:colcon.colcon_core.package_identification:_identify(src) by extension 'ros'
[1.623s] Level 1:colcon.colcon_core.package_identification:_identify(src) by extensions ['cmake', 'python']
[1.623s] Level 1:colcon.colcon_core.package_identification:_identify(src) by extension 'cmake'
[1.623s] Level 1:colcon.colcon_core.package_identification:_identify(src) by extension 'python'
[1.623s] Level 1:colcon.colcon_core.package_identification:_identify(src) by extensions ['python_setup_py']
[1.623s] Level 1:colcon.colcon_core.package_identification:_identify(src) by extension 'python_setup_py'
[1.623s] Level 1:colcon.colcon_core.package_identification:_identify(src/turtlesim_bringup) by extensions ['ignore', 'ignore_ament_install']
[1.623s] Level 1:colcon.colcon_core.package_identification:_identify(src/turtlesim_bringup) by extension 'ignore'
[1.624s] Level 1:colcon.colcon_core.package_identification:_identify(src/turtlesim_bringup) by extension 'ignore_ament_install'
[1.624s] Level 1:colcon.colcon_core.package_identification:_identify(src/turtlesim_bringup) by extensions ['colcon_pkg']
[1.624s] Level 1:colcon.colcon_core.package_identification:_identify(src/turtlesim_bringup) by extension 'colcon_pkg'
[1.624s] Level 1:colcon.colcon_core.package_identification:_identify(src/turtlesim_bringup) by extensions ['colcon_meta']
[1.624s] Level 1:colcon.colcon_core.package_identification:_identify(src/turtlesim_bringup) by extension 'colcon_meta'
[1.624s] Level 1:colcon.colcon_core.package_identification:_identify(src/turtlesim_bringup) by extensions ['ros']
[1.624s] Level 1:colcon.colcon_core.package_identification:_identify(src/turtlesim_bringup) by extension 'ros'
[1.627s] DEBUG:colcon.colcon_core.package_identification:Package 'src/turtlesim_bringup' with type 'ros.ament_cmake' and name 'turtlesim_bringup'
[1.627s] Level 1:colcon.colcon_core.package_identification:_identify(src/turtlesim_catch_them_all) by extensions ['ignore', 'ignore_ament_install']
[1.627s] Level 1:colcon.colcon_core.package_identification:_identify(src/turtlesim_catch_them_all) by extension 'ignore'
[1.627s] Level 1:colcon.colcon_core.package_identification:_identify(src/turtlesim_catch_them_all) by extension 'ignore_ament_install'
[1.628s] Level 1:colcon.colcon_core.package_identification:_identify(src/turtlesim_catch_them_all) by extensions ['colcon_pkg']
[1.628s] Level 1:colcon.colcon_core.package_identification:_identify(src/turtlesim_catch_them_all) by extension 'colcon_pkg'
[1.628s] Level 1:colcon.colcon_core.package_identification:_identify(src/turtlesim_catch_them_all) by extensions ['colcon_meta']
[1.628s] Level 1:colcon.colcon_core.package_identification:_identify(src/turtlesim_catch_them_all) by extension 'colcon_meta'
[1.628s] Level 1:colcon.colcon_core.package_identification:_identify(src/turtlesim_catch_them_all) by extensions ['ros']
[1.628s] Level 1:colcon.colcon_core.package_identification:_identify(src/turtlesim_catch_them_all) by extension 'ros'
[1.629s] DEBUG:colcon.colcon_core.package_identification:Package 'src/turtlesim_catch_them_all' with type 'ros.ament_python' and name 'turtlesim_catch_them_all'
[1.629s] Level 1:colcon.colcon_core.package_identification:_identify(src/turtlesim_interfaces) by extensions ['ignore', 'ignore_ament_install']
[1.629s] Level 1:colcon.colcon_core.package_identification:_identify(src/turtlesim_interfaces) by extension 'ignore'
[1.629s] Level 1:colcon.colcon_core.package_identification:_identify(src/turtlesim_interfaces) by extension 'ignore_ament_install'
[1.629s] Level 1:colcon.colcon_core.package_identification:_identify(src/turtlesim_interfaces) by extensions ['colcon_pkg']
[1.629s] Level 1:colcon.colcon_core.package_identification:_identify(src/turtlesim_interfaces) by extension 'colcon_pkg'
[1.629s] Level 1:colcon.colcon_core.package_identification:_identify(src/turtlesim_interfaces) by extensions ['colcon_meta']
[1.629s] Level 1:colcon.colcon_core.package_identification:_identify(src/turtlesim_interfaces) by extension 'colcon_meta'
[1.630s] Level 1:colcon.colcon_core.package_identification:_identify(src/turtlesim_interfaces) by extensions ['ros']
[1.630s] Level 1:colcon.colcon_core.package_identification:_identify(src/turtlesim_interfaces) by extension 'ros'
[1.630s] DEBUG:colcon.colcon_core.package_identification:Package 'src/turtlesim_interfaces' with type 'ros.ament_cmake' and name 'turtlesim_interfaces'
[1.630s] Level 1:colcon.colcon_core.package_discovery:discover_packages(recursive) using defaults
[1.630s] Level 1:colcon.colcon_core.package_discovery:discover_packages(ignore) discover
[1.630s] Level 1:colcon.colcon_core.package_discovery:discover_packages(ignore) using defaults
[1.630s] Level 1:colcon.colcon_core.package_discovery:discover_packages(path) discover
[1.631s] Level 1:colcon.colcon_core.package_discovery:discover_packages(path) using defaults
[1.776s] Level 1:colcon.colcon_core.package_discovery:discover_packages(prefix_path) check parameters
[1.776s] Level 1:colcon.colcon_core.package_discovery:discover_packages(prefix_path) discover
[1.820s] DEBUG:colcon.colcon_installed_package_information.package_discovery:Found 1 installed packages in /home/othmene/Turtlesim-Catch-Them-All-project/install
[1.842s] DEBUG:colcon.colcon_installed_package_information.package_discovery:Found 328 installed packages in /opt/ros/humble
[1.845s] Level 1:colcon.colcon_core.package_discovery:discover_packages(prefix_path) using defaults
[2.016s] Level 5:colcon.colcon_core.verb:set package 'turtlesim_bringup' build argument 'cmake_args' from command line to 'None'
[2.016s] Level 5:colcon.colcon_core.verb:set package 'turtlesim_bringup' build argument 'cmake_target' from command line to 'None'
[2.016s] Level 5:colcon.colcon_core.verb:set package 'turtlesim_bringup' build argument 'cmake_target_skip_unavailable' from command line to 'False'
[2.016s] Level 5:colcon.colcon_core.verb:set package 'turtlesim_bringup' build argument 'cmake_clean_cache' from command line to 'False'
[2.016s] Level 5:colcon.colcon_core.verb:set package 'turtlesim_bringup' build argument 'cmake_clean_first' from command line to 'False'
[2.016s] Level 5:colcon.colcon_core.verb:set package 'turtlesim_bringup' build argument 'cmake_force_configure' from command line to 'False'
[2.016s] Level 5:colcon.colcon_core.verb:set package 'turtlesim_bringup' build argument 'ament_cmake_args' from command line to 'None'
[2.016s] Level 5:colcon.colcon_core.verb:set package 'turtlesim_bringup' build argument 'catkin_cmake_args' from command line to 'None'
[2.016s] Level 5:colcon.colcon_core.verb:set package 'turtlesim_bringup' build argument 'catkin_skip_building_tests' from command line to 'False'
[2.016s] DEBUG:colcon.colcon_core.verb:Building package 'turtlesim_bringup' with the following arguments: {'ament_cmake_args': None, 'build_base': '/home/othmene/Turtlesim-Catch-Them-All-project/build/turtlesim_bringup', 'catkin_cmake_args': None, 'catkin_skip_building_tests': False, 'cmake_args': None, 'cmake_clean_cache': False, 'cmake_clean_first': False, 'cmake_force_configure': False, 'cmake_target': None, 'cmake_target_skip_unavailable': False, 'install_base': '/home/othmene/Turtlesim-Catch-Them-All-project/install/turtlesim_bringup', 'merge_install': False, 'path': '/home/othmene/Turtlesim-Catch-Them-All-project/src/turtlesim_bringup', 'symlink_install': False, 'test_result_base': None}
[2.041s] Level 5:colcon.colcon_core.verb:set package 'turtlesim_catch_them_all' build argument 'cmake_args' from command line to 'None'
[2.042s] Level 5:colcon.colcon_core.verb:set package 'turtlesim_catch_them_all' build argument 'cmake_target' from command line to 'None'
[2.042s] Level 5:colcon.colcon_core.verb:set package 'turtlesim_catch_them_all' build argument 'cmake_target_skip_unavailable' from command line to 'False'
[2.042s] Level 5:colcon.colcon_core.verb:set package 'turtlesim_catch_them_all' build argument 'cmake_clean_cache' from command line to 'False'
[2.042s] Level 5:colcon.colcon_core.verb:set package 'turtlesim_catch_them_all' build argument 'cmake_clean_first' from command line to 'False'
[2.042s] Level 5:colcon.colcon_core.verb:set package 'turtlesim_catch_them_all' build argument 'cmake_force_configure' from command line to 'False'
[2.042s] Level 5:colcon.colcon_core.verb:set package 'turtlesim_catch_them_all' build argument 'ament_cmake_args' from command line to 'None'
[2.042s] Level 5:colcon.colcon_core.verb:set package 'turtlesim_catch_them_all' build argument 'catkin_cmake_args' from command line to 'None'
[2.042s] Level 5:colcon.colcon_core.verb:set package 'turtlesim_catch_them_all' build argument 'catkin_skip_building_tests' from command line to 'False'
[2.042s] DEBUG:colcon.colcon_core.verb:Building package 'turtlesim_catch_them_all' with the following arguments: {'ament_cmake_args': None, 'build_base': '/home/othmene/Turtlesim-Catch-Them-All-project/build/turtlesim_catch_them_all', 'catkin_cmake_args': None, 'catkin_skip_building_tests': False, 'cmake_args': None, 'cmake_clean_cache': False, 'cmake_clean_first': False, 'cmake_force_configure': False, 'cmake_target': None, 'cmake_target_skip_unavailable': False, 'install_base': '/home/othmene/Turtlesim-Catch-Them-All-project/install/turtlesim_catch_them_all', 'merge_install': False, 'path': '/home/othmene/Turtlesim-Catch-Them-All-project/src/turtlesim_catch_them_all', 'symlink_install': False, 'test_result_base': None}
[2.069s] Level 5:colcon.colcon_core.verb:set package 'turtlesim_interfaces' build argument 'cmake_args' from command line to 'None'
[2.069s] Level 5:colcon.colcon_core.verb:set package 'turtlesim_interfaces' build argument 'cmake_target' from command line to 'None'
[2.069s] Level 5:colcon.colcon_core.verb:set package 'turtlesim_interfaces' build argument 'cmake_target_skip_unavailable' from command line to 'False'
[2.069s] Level 5:colcon.colcon_core.verb:set package 'turtlesim_interfaces' build argument 'cmake_clean_cache' from command line to 'False'
[2.069s] Level 5:colcon.colcon_core.verb:set package 'turtlesim_interfaces' build argument 'cmake_clean_first' from command line to 'False'
[2.069s] Level 5:colcon.colcon_core.verb:set package 'turtlesim_interfaces' build argument 'cmake_force_configure' from command line to 'False'
[2.069s] Level 5:colcon.colcon_core.verb:set package 'turtlesim_interfaces' build argument 'ament_cmake_args' from command line to 'None'
[2.069s] Level 5:colcon.colcon_core.verb:set package 'turtlesim_interfaces' build argument 'catkin_cmake_args' from command line to 'None'
[2.070s] Level 5:colcon.colcon_core.verb:set package 'turtlesim_interfaces' build argument 'catkin_skip_building_tests' from command line to 'False'
[2.070s] DEBUG:colcon.colcon_core.verb:Building package 'turtlesim_interfaces' with the following arguments: {'ament_cmake_args': None, 'build_base': '/home/othmene/Turtlesim-Catch-Them-All-project/build/turtlesim_interfaces', 'catkin_cmake_args': None, 'catkin_skip_building_tests': False, 'cmake_args': None, 'cmake_clean_cache': False, 'cmake_clean_first': False, 'cmake_force_configure': False, 'cmake_target': None, 'cmake_target_skip_unavailable': False, 'install_base': '/home/othmene/Turtlesim-Catch-Them-All-project/install/turtlesim_interfaces', 'merge_install': False, 'path': '/home/othmene/Turtlesim-Catch-Them-All-project/src/turtlesim_interfaces', 'symlink_install': False, 'test_result_base': None}
[2.094s] INFO:colcon.colcon_core.executor:Executing jobs using 'parallel' executor
[2.116s] DEBUG:colcon.colcon_parallel_executor.executor.parallel:run_until_complete
[2.116s] INFO:colcon.colcon_ros.task.ament_cmake.build:Building ROS package in '/home/othmene/Turtlesim-Catch-Them-All-project/src/turtlesim_bringup' with build type 'ament_cmake'
[2.116s] INFO:colcon.colcon_cmake.task.cmake.build:Building CMake package in '/home/othmene/Turtlesim-Catch-Them-All-project/src/turtlesim_bringup'
[2.146s] INFO:colcon.colcon_core.plugin_system:Skipping extension 'colcon_core.shell.bat': Not used on non-Windows systems
[2.146s] INFO:colcon.colcon_core.shell:Skip shell extension 'powershell' for command environment: Not usable outside of PowerShell
[2.146s] DEBUG:colcon.colcon_core.shell:Skip shell extension 'dsv' for command environment
[2.217s] INFO:colcon.colcon_ros.task.ament_python.build:Building ROS package in '/home/othmene/Turtlesim-Catch-Them-All-project/src/turtlesim_catch_them_all' with build type 'ament_python'
[2.218s] Level 1:colcon.colcon_core.shell:create_environment_hook('turtlesim_catch_them_all', 'ament_prefix_path')
[2.241s] INFO:colcon.colcon_core.shell:Creating environment hook '/home/othmene/Turtlesim-Catch-Them-All-project/install/turtlesim_catch_them_all/share/turtlesim_catch_them_all/hook/ament_prefix_path.ps1'
[2.242s] INFO:colcon.colcon_core.shell:Creating environment descriptor '/home/othmene/Turtlesim-Catch-Them-All-project/install/turtlesim_catch_them_all/share/turtlesim_catch_them_all/hook/ament_prefix_path.dsv'
[2.243s] INFO:colcon.colcon_core.shell:Creating environment hook '/home/othmene/Turtlesim-Catch-Them-All-project/install/turtlesim_catch_them_all/share/turtlesim_catch_them_all/hook/ament_prefix_path.sh'
[2.271s] INFO:colcon.colcon_core.shell:Skip shell extension 'powershell' for command environment: Not usable outside of PowerShell
[2.271s] DEBUG:colcon.colcon_core.shell:Skip shell extension 'dsv' for command environment
[2.345s] INFO:colcon.colcon_ros.task.ament_cmake.build:Building ROS package in '/home/othmene/Turtlesim-Catch-Them-All-project/src/turtlesim_interfaces' with build type 'ament_cmake'
[2.345s] INFO:colcon.colcon_cmake.task.cmake.build:Building CMake package in '/home/othmene/Turtlesim-Catch-Them-All-project/src/turtlesim_interfaces'
[2.371s] INFO:colcon.colcon_core.shell:Skip shell extension 'powershell' for command environment: Not usable outside of PowerShell
[2.371s] DEBUG:colcon.colcon_core.shell:Skip shell extension 'dsv' for command environment
[2.461s] DEBUG:colcon.colcon_core.event_handler.log_command:Invoking command in '/home/othmene/Turtlesim-Catch-Them-All-project/build/turtlesim_bringup': CMAKE_PREFIX_PATH=/home/othmene/Turtlesim-Catch-Them-All-project/install/turtlesim_catch_them_all:/opt/ros/humble /usr/bin/cmake /home/othmene/Turtlesim-Catch-Them-All-project/src/turtlesim_bringup -DCMAKE_INSTALL_PREFIX=/home/othmene/Turtlesim-Catch-Them-All-project/install/turtlesim_bringup
[2.900s] INFO:colcon.colcon_core.task.python.build:Building Python package in '/home/othmene/Turtlesim-Catch-Them-All-project/src/turtlesim_catch_them_all'
[2.920s] INFO:colcon.colcon_core.shell:Skip shell extension 'powershell' for command environment: Not usable outside of PowerShell
[2.920s] DEBUG:colcon.colcon_core.shell:Skip shell extension 'dsv' for command environment
[3.016s] DEBUG:colcon.colcon_core.event_handler.log_command:Invoking command in '/home/othmene/Turtlesim-Catch-Them-All-project/build/turtlesim_interfaces': CMAKE_PREFIX_PATH=/home/othmene/Turtlesim-Catch-Them-All-project/install/turtlesim_catch_them_all:/opt/ros/humble /usr/bin/cmake /home/othmene/Turtlesim-Catch-Them-All-project/src/turtlesim_interfaces -DCMAKE_INSTALL_PREFIX=/home/othmene/Turtlesim-Catch-Them-All-project/install/turtlesim_interfaces
[3.653s] DEBUG:colcon.colcon_core.event_handler.log_command:Invoking command in '/home/othmene/Turtlesim-Catch-Them-All-project/build/turtlesim_catch_them_all': PYTHONPATH=/home/othmene/Turtlesim-Catch-Them-All-project/build/turtlesim_catch_them_all/prefix_override:/home/othmene/Turtlesim-Catch-Them-All-project/install/turtlesim_catch_them_all/lib/python3.10/site-packages:${PYTHONPATH} /usr/bin/python3 setup.py develop --uninstall --editable --build-directory /home/othmene/Turtlesim-Catch-Them-All-project/build/turtlesim_catch_them_all/build
[3.659s] DEBUG:colcon.colcon_core.event_handler.log_command:Invoked command in '/home/othmene/Turtlesim-Catch-Them-All-project/build/turtlesim_bringup' returned '0': CMAKE_PREFIX_PATH=/home/othmene/Turtlesim-Catch-Them-All-project/install/turtlesim_catch_them_all:/opt/ros/humble /usr/bin/cmake /home/othmene/Turtlesim-Catch-Them-All-project/src/turtlesim_bringup -DCMAKE_INSTALL_PREFIX=/home/othmene/Turtlesim-Catch-Them-All-project/install/turtlesim_bringup
[3.659s] DEBUG:colcon.colcon_core.event_handler.log_command:Invoking command in '/home/othmene/Turtlesim-Catch-Them-All-project/build/turtlesim_bringup': CMAKE_PREFIX_PATH=/home/othmene/Turtlesim-Catch-Them-All-project/install/turtlesim_catch_them_all:/opt/ros/humble /usr/bin/cmake --build /home/othmene/Turtlesim-Catch-Them-All-project/build/turtlesim_bringup -- -j4 -l4
[3.727s] DEBUG:colcon.colcon_core.event_handler.log_command:Invoked command in '/home/othmene/Turtlesim-Catch-Them-All-project/build/turtlesim_bringup' returned '0': CMAKE_PREFIX_PATH=/home/othmene/Turtlesim-Catch-Them-All-project/install/turtlesim_catch_them_all:/opt/ros/humble /usr/bin/cmake --build /home/othmene/Turtlesim-Catch-Them-All-project/build/turtlesim_bringup -- -j4 -l4
[3.819s] DEBUG:colcon.colcon_core.event_handler.log_command:Invoking command in '/home/othmene/Turtlesim-Catch-Them-All-project/build/turtlesim_bringup': CMAKE_PREFIX_PATH=/home/othmene/Turtlesim-Catch-Them-All-project/install/turtlesim_catch_them_all:/opt/ros/humble /usr/bin/cmake --install /home/othmene/Turtlesim-Catch-Them-All-project/build/turtlesim_bringup
[3.847s] Level 1:colcon.colcon_core.environment:create_environment_scripts_only(turtlesim_bringup)
[3.847s] DEBUG:colcon.colcon_core.event_handler.log_command:Invoked command in '/home/othmene/Turtlesim-Catch-Them-All-project/build/turtlesim_bringup' returned '0': CMAKE_PREFIX_PATH=/home/othmene/Turtlesim-Catch-Them-All-project/install/turtlesim_catch_them_all:/opt/ros/humble /usr/bin/cmake --install /home/othmene/Turtlesim-Catch-Them-All-project/build/turtlesim_bringup
[3.897s] Level 1:colcon.colcon_core.environment:checking '/home/othmene/Turtlesim-Catch-Them-All-project/install/turtlesim_bringup' for CMake module files
[3.898s] Level 1:colcon.colcon_core.environment:checking '/home/othmene/Turtlesim-Catch-Them-All-project/install/turtlesim_bringup' for CMake config files
[3.899s] Level 1:colcon.colcon_core.shell:create_environment_hook('turtlesim_bringup', 'cmake_prefix_path')
[3.931s] INFO:colcon.colcon_core.shell:Creating environment hook '/home/othmene/Turtlesim-Catch-Them-All-project/install/turtlesim_bringup/share/turtlesim_bringup/hook/cmake_prefix_path.ps1'
[3.932s] INFO:colcon.colcon_core.shell:Creating environment descriptor '/home/othmene/Turtlesim-Catch-Them-All-project/install/turtlesim_bringup/share/turtlesim_bringup/hook/cmake_prefix_path.dsv'
[3.933s] INFO:colcon.colcon_core.shell:Creating environment hook '/home/othmene/Turtlesim-Catch-Them-All-project/install/turtlesim_bringup/share/turtlesim_bringup/hook/cmake_prefix_path.sh'
[3.934s] Level 1:colcon.colcon_core.environment:checking '/home/othmene/Turtlesim-Catch-Them-All-project/install/turtlesim_bringup/bin'
[3.935s] Level 1:colcon.colcon_core.environment:checking '/home/othmene/Turtlesim-Catch-Them-All-project/install/turtlesim_bringup/lib/pkgconfig/turtlesim_bringup.pc'
[3.935s] Level 1:colcon.colcon_core.environment:checking '/home/othmene/Turtlesim-Catch-Them-All-project/install/turtlesim_bringup/lib/python3.10/site-packages'
[3.936s] Level 1:colcon.colcon_core.environment:checking '/home/othmene/Turtlesim-Catch-Them-All-project/install/turtlesim_bringup/bin'
[3.964s] INFO:colcon.colcon_core.shell:Creating package script '/home/othmene/Turtlesim-Catch-Them-All-project/install/turtlesim_bringup/share/turtlesim_bringup/package.ps1'
[3.966s] INFO:colcon.colcon_core.shell:Creating package descriptor '/home/othmene/Turtlesim-Catch-Them-All-project/install/turtlesim_bringup/share/turtlesim_bringup/package.dsv'
[3.968s] INFO:colcon.colcon_core.shell:Creating package script '/home/othmene/Turtlesim-Catch-Them-All-project/install/turtlesim_bringup/share/turtlesim_bringup/package.sh'
[3.971s] INFO:colcon.colcon_core.shell:Creating package script '/home/othmene/Turtlesim-Catch-Them-All-project/install/turtlesim_bringup/share/turtlesim_bringup/package.bash'
[3.972s] INFO:colcon.colcon_core.shell:Creating package script '/home/othmene/Turtlesim-Catch-Them-All-project/install/turtlesim_bringup/share/turtlesim_bringup/package.zsh'
[3.973s] Level 1:colcon.colcon_core.environment:create_file_with_runtime_dependencies(/home/othmene/Turtlesim-Catch-Them-All-project/install/turtlesim_bringup/share/colcon-core/packages/turtlesim_bringup)
[4.049s] Level 1:colcon.colcon_core.environment:create_environment_scripts_only(turtlesim_bringup)
[4.088s] Level 1:colcon.colcon_core.environment:checking '/home/othmene/Turtlesim-Catch-Them-All-project/install/turtlesim_bringup' for CMake module files
[4.089s] Level 1:colcon.colcon_core.environment:checking '/home/othmene/Turtlesim-Catch-Them-All-project/install/turtlesim_bringup' for CMake config files
[4.090s] Level 1:colcon.colcon_core.shell:create_environment_hook('turtlesim_bringup', 'cmake_prefix_path')
[4.125s] INFO:colcon.colcon_core.shell:Creating environment hook '/home/othmene/Turtlesim-Catch-Them-All-project/install/turtlesim_bringup/share/turtlesim_bringup/hook/cmake_prefix_path.ps1'
[4.126s] INFO:colcon.colcon_core.shell:Creating environment descriptor '/home/othmene/Turtlesim-Catch-Them-All-project/install/turtlesim_bringup/share/turtlesim_bringup/hook/cmake_prefix_path.dsv'
[4.127s] INFO:colcon.colcon_core.shell:Creating environment hook '/home/othmene/Turtlesim-Catch-Them-All-project/install/turtlesim_bringup/share/turtlesim_bringup/hook/cmake_prefix_path.sh'
[4.128s] Level 1:colcon.colcon_core.environment:checking '/home/othmene/Turtlesim-Catch-Them-All-project/install/turtlesim_bringup/bin'
[4.128s] Level 1:colcon.colcon_core.environment:checking '/home/othmene/Turtlesim-Catch-Them-All-project/install/turtlesim_bringup/lib/pkgconfig/turtlesim_bringup.pc'
[4.129s] Level 1:colcon.colcon_core.environment:checking '/home/othmene/Turtlesim-Catch-Them-All-project/install/turtlesim_bringup/lib/python3.10/site-packages'
[4.129s] Level 1:colcon.colcon_core.environment:checking '/home/othmene/Turtlesim-Catch-Them-All-project/install/turtlesim_bringup/bin'
[4.162s] INFO:colcon.colcon_core.shell:Creating package script '/home/othmene/Turtlesim-Catch-Them-All-project/install/turtlesim_bringup/share/turtlesim_bringup/package.ps1'
[4.164s] INFO:colcon.colcon_core.shell:Creating package descriptor '/home/othmene/Turtlesim-Catch-Them-All-project/install/turtlesim_bringup/share/turtlesim_bringup/package.dsv'
[4.165s] INFO:colcon.colcon_core.shell:Creating package script '/home/othmene/Turtlesim-Catch-Them-All-project/install/turtlesim_bringup/share/turtlesim_bringup/package.sh'
[4.166s] INFO:colcon.colcon_core.shell:Creating package script '/home/othmene/Turtlesim-Catch-Them-All-project/install/turtlesim_bringup/share/turtlesim_bringup/package.bash'
[4.166s] INFO:colcon.colcon_core.shell:Creating package script '/home/othmene/Turtlesim-Catch-Them-All-project/install/turtlesim_bringup/share/turtlesim_bringup/package.zsh'
[4.167s] Level 1:colcon.colcon_core.environment:create_file_with_runtime_dependencies(/home/othmene/Turtlesim-Catch-Them-All-project/install/turtlesim_bringup/share/colcon-core/packages/turtlesim_bringup)
[4.344s] DEBUG:colcon.colcon_core.event_handler.log_command:Invoked command in '/home/othmene/Turtlesim-Catch-Them-All-project/build/turtlesim_interfaces' returned '1': CMAKE_PREFIX_PATH=/home/othmene/Turtlesim-Catch-Them-All-project/install/turtlesim_catch_them_all:/opt/ros/humble /usr/bin/cmake /home/othmene/Turtlesim-Catch-Them-All-project/src/turtlesim_interfaces -DCMAKE_INSTALL_PREFIX=/home/othmene/Turtlesim-Catch-Them-All-project/install/turtlesim_interfaces
[4.361s] Level 1:colcon.colcon_core.environment:create_environment_scripts_only(turtlesim_interfaces)
[4.396s] Level 1:colcon.colcon_core.environment:checking '/home/othmene/Turtlesim-Catch-Them-All-project/install/turtlesim_interfaces' for CMake module files
[4.397s] Level 1:colcon.colcon_core.environment:checking '/home/othmene/Turtlesim-Catch-Them-All-project/install/turtlesim_interfaces' for CMake config files
[4.398s] Level 1:colcon.colcon_core.environment:checking '/home/othmene/Turtlesim-Catch-Them-All-project/install/turtlesim_interfaces/bin'
[4.398s] Level 1:colcon.colcon_core.environment:checking '/home/othmene/Turtlesim-Catch-Them-All-project/install/turtlesim_interfaces/lib/pkgconfig/turtlesim_interfaces.pc'
[4.398s] Level 1:colcon.colcon_core.environment:checking '/home/othmene/Turtlesim-Catch-Them-All-project/install/turtlesim_interfaces/lib/python3.10/site-packages'
[4.398s] Level 1:colcon.colcon_core.environment:checking '/home/othmene/Turtlesim-Catch-Them-All-project/install/turtlesim_interfaces/bin'
[4.435s] INFO:colcon.colcon_core.shell:Creating package script '/home/othmene/Turtlesim-Catch-Them-All-project/install/turtlesim_interfaces/share/turtlesim_interfaces/package.ps1'
[4.436s] INFO:colcon.colcon_core.shell:Creating package descriptor '/home/othmene/Turtlesim-Catch-Them-All-project/install/turtlesim_interfaces/share/turtlesim_interfaces/package.dsv'
[4.436s] INFO:colcon.colcon_core.shell:Creating package script '/home/othmene/Turtlesim-Catch-Them-All-project/install/turtlesim_interfaces/share/turtlesim_interfaces/package.sh'
[4.437s] INFO:colcon.colcon_core.shell:Creating package script '/home/othmene/Turtlesim-Catch-Them-All-project/install/turtlesim_interfaces/share/turtlesim_interfaces/package.bash'
[4.437s] INFO:colcon.colcon_core.shell:Creating package script '/home/othmene/Turtlesim-Catch-Them-All-project/install/turtlesim_interfaces/share/turtlesim_interfaces/package.zsh'
[4.438s] Level 1:colcon.colcon_core.environment:create_file_with_runtime_dependencies(/home/othmene/Turtlesim-Catch-Them-All-project/install/turtlesim_interfaces/share/colcon-core/packages/turtlesim_interfaces)
[4.560s] DEBUG:colcon.colcon_parallel_executor.executor.parallel:closing loop
[4.561s] DEBUG:colcon.colcon_parallel_executor.executor.parallel:loop closed
[4.561s] DEBUG:colcon.colcon_parallel_executor.executor.parallel:run_until_complete finished with '1'
[4.561s] DEBUG:colcon.colcon_core.event_reactor:joining thread
[4.589s] INFO:colcon.colcon_core.plugin_system:Skipping extension 'colcon_notification.desktop_notification.terminal_notifier': Not used on non-Darwin systems
[4.590s] INFO:colcon.colcon_core.plugin_system:Skipping extension 'colcon_notification.desktop_notification.win32': Not used on non-Windows systems
[4.590s] INFO:colcon.colcon_notification.desktop_notification:Sending desktop notification using 'notify2'
[4.605s] DEBUG:colcon.colcon_core.event_reactor:joined thread
[4.625s] INFO:colcon.colcon_core.shell:Creating prefix script '/home/othmene/Turtlesim-Catch-Them-All-project/install/local_setup.ps1'
[4.627s] INFO:colcon.colcon_core.shell:Creating prefix util module '/home/othmene/Turtlesim-Catch-Them-All-project/install/_local_setup_util_ps1.py'
[4.630s] INFO:colcon.colcon_core.shell:Creating prefix chain script '/home/othmene/Turtlesim-Catch-Them-All-project/install/setup.ps1'
[4.653s] INFO:colcon.colcon_core.shell:Creating prefix script '/home/othmene/Turtlesim-Catch-Them-All-project/install/local_setup.sh'
[4.655s] INFO:colcon.colcon_core.shell:Creating prefix util module '/home/othmene/Turtlesim-Catch-Them-All-project/install/_local_setup_util_sh.py'
[4.656s] INFO:colcon.colcon_core.shell:Creating prefix chain script '/home/othmene/Turtlesim-Catch-Them-All-project/install/setup.sh'
[4.687s] INFO:colcon.colcon_core.shell:Creating prefix script '/home/othmene/Turtlesim-Catch-Them-All-project/install/local_setup.bash'
[4.688s] INFO:colcon.colcon_core.shell:Creating prefix chain script '/home/othmene/Turtlesim-Catch-Them-All-project/install/setup.bash'
[4.712s] INFO:colcon.colcon_core.shell:Creating prefix script '/home/othmene/Turtlesim-Catch-Them-All-project/install/local_setup.zsh'
[4.713s] INFO:colcon.colcon_core.shell:Creating prefix chain script '/home/othmene/Turtlesim-Catch-Them-All-project/install/setup.zsh'
