[1.230s] Invoking command in '/home/othmene/Turtlesim-Catch-Them-All-project/src/turtlesim_catch_them_all': PYTHONPATH=/home/othmene/Turtlesim-Catch-Them-All-project/build/turtlesim_catch_them_all/prefix_override:/home/othmene/Turtlesim-Catch-Them-All-project/install/turtlesim_catch_them_all/lib/python3.10/site-packages:${PYTHONPATH} /usr/bin/python3 setup.py egg_info --egg-base ../../build/turtlesim_catch_them_all build --build-base /home/othmene/Turtlesim-Catch-Them-All-project/build/turtlesim_catch_them_all/build install --record /home/othmene/Turtlesim-Catch-Them-All-project/build/turtlesim_catch_them_all/install.log --single-version-externally-managed
[1.623s] running egg_info
[1.624s] writing ../../build/turtlesim_catch_them_all/turtlesim_catch_them_all.egg-info/PKG-INFO
[1.624s] writing dependency_links to ../../build/turtlesim_catch_them_all/turtlesim_catch_them_all.egg-info/dependency_links.txt
[1.625s] writing entry points to ../../build/turtlesim_catch_them_all/turtlesim_catch_them_all.egg-info/entry_points.txt
[1.625s] writing requirements to ../../build/turtlesim_catch_them_all/turtlesim_catch_them_all.egg-info/requires.txt
[1.625s] writing top-level names to ../../build/turtlesim_catch_them_all/turtlesim_catch_them_all.egg-info/top_level.txt
[1.628s] reading manifest file '../../build/turtlesim_catch_them_all/turtlesim_catch_them_all.egg-info/SOURCES.txt'
[1.629s] writing manifest file '../../build/turtlesim_catch_them_all/turtlesim_catch_them_all.egg-info/SOURCES.txt'
[1.630s] running build
[1.630s] running build_py
[1.630s] copying turtlesim_catch_them_all/turtle_spawner.py -> /home/othmene/Turtlesim-Catch-Them-All-project/build/turtlesim_catch_them_all/build/lib/turtlesim_catch_them_all
[1.630s] running install
[1.631s] running install_lib
[1.632s] copying /home/othmene/Turtlesim-Catch-Them-All-project/build/turtlesim_catch_them_all/build/lib/turtlesim_catch_them_all/turtle_spawner.py -> /home/othmene/Turtlesim-Catch-Them-All-project/install/turtlesim_catch_them_all/lib/python3.10/site-packages/turtlesim_catch_them_all
[1.633s] byte-compiling /home/othmene/Turtlesim-Catch-Them-All-project/install/turtlesim_catch_them_all/lib/python3.10/site-packages/turtlesim_catch_them_all/turtle_spawner.py to turtle_spawner.cpython-310.pyc
[1.635s] running install_data
[1.636s] running install_egg_info
[1.639s] removing '/home/othmene/Turtlesim-Catch-Them-All-project/install/turtlesim_catch_them_all/lib/python3.10/site-packages/turtlesim_catch_them_all-0.0.0-py3.10.egg-info' (and everything under it)
[1.639s] Copying ../../build/turtlesim_catch_them_all/turtlesim_catch_them_all.egg-info to /home/othmene/Turtlesim-Catch-Them-All-project/install/turtlesim_catch_them_all/lib/python3.10/site-packages/turtlesim_catch_them_all-0.0.0-py3.10.egg-info
[1.641s] running install_scripts
[1.668s] Installing turtle_controller script to /home/othmene/Turtlesim-Catch-Them-All-project/install/turtlesim_catch_them_all/lib/turtlesim_catch_them_all
[1.669s] Installing turtle_spawner script to /home/othmene/Turtlesim-Catch-Them-All-project/install/turtlesim_catch_them_all/lib/turtlesim_catch_them_all
[1.670s] writing list of installed files to '/home/othmene/Turtlesim-Catch-Them-All-project/build/turtlesim_catch_them_all/install.log'
[1.733s] Invoked command in '/home/othmene/Turtlesim-Catch-Them-All-project/src/turtlesim_catch_them_all' returned '0': PYTHONPATH=/home/othmene/Turtlesim-Catch-Them-All-project/build/turtlesim_catch_them_all/prefix_override:/home/othmene/Turtlesim-Catch-Them-All-project/install/turtlesim_catch_them_all/lib/python3.10/site-packages:${PYTHONPATH} /usr/bin/python3 setup.py egg_info --egg-base ../../build/turtlesim_catch_them_all build --build-base /home/othmene/Turtlesim-Catch-Them-All-project/build/turtlesim_catch_them_all/build install --record /home/othmene/Turtlesim-Catch-Them-All-project/build/turtlesim_catch_them_all/install.log --single-version-externally-managed
