[1.605s] DEBUG:colcon:Command line arguments: ['/usr/bin/colcon', 'build', '--packages-select', 'turtlesim_catch_them_all', '--symlink-install']
[1.605s] DEBUG:colcon:Parsed command line arguments: Namespace(log_base=None, log_level=None, verb_name='build', build_base='build', install_base='install', merge_install=False, symlink_install=True, test_result_base=None, continue_on_error=False, executor='parallel', parallel_workers=4, event_handlers=None, ignore_user_meta=False, metas=['./colcon.meta'], base_paths=['.'], packages_ignore=None, packages_ignore_regex=None, paths=None, packages_up_to=None, packages_up_to_regex=None, packages_above=None, packages_above_and_dependencies=None, packages_above_depth=None, packages_select_by_dep=None, packages_skip_by_dep=None, packages_skip_up_to=None, packages_select_build_failed=False, packages_skip_build_finished=False, packages_select_test_failures=False, packages_skip_test_passed=False, packages_select=['turtlesim_catch_them_all'], packages_skip=None, packages_select_regex=None, packages_skip_regex=None, packages_start=None, packages_end=None, allow_overriding=[], cmake_args=None, cmake_target=None, cmake_target_skip_unavailable=False, cmake_clean_cache=False, cmake_clean_first=False, cmake_force_configure=False, ament_cmake_args=None, catkin_cmake_args=None, catkin_skip_building_tests=False, verb_parser=<colcon_defaults.argument_parser.defaults.DefaultArgumentsDecorator object at 0x7f073a2e0ac0>, verb_extension=<colcon_core.verb.build.BuildVerb object at 0x7f073a289930>, main=<bound method BuildVerb.main of <colcon_core.verb.build.BuildVerb object at 0x7f073a289930>>)
[1.669s] Level 1:colcon.colcon_core.package_discovery:discover_packages(colcon_meta) check parameters
[1.669s] Level 1:colcon.colcon_core.package_discovery:discover_packages(recursive) check parameters
[1.669s] Level 1:colcon.colcon_core.package_discovery:discover_packages(ignore) check parameters
[1.670s] Level 1:colcon.colcon_core.package_discovery:discover_packages(path) check parameters
[1.670s] Level 1:colcon.colcon_core.package_discovery:discover_packages(colcon_meta) discover
[1.670s] Level 1:colcon.colcon_core.package_discovery:discover_packages(recursive) discover
[1.670s] INFO:colcon.colcon_core.package_discovery:Crawling recursively for packages in '/home/othmene/Turtlesim-Catch-Them-All-project'
[1.670s] Level 1:colcon.colcon_core.package_identification:_identify(.) by extensions ['ignore', 'ignore_ament_install']
[1.670s] Level 1:colcon.colcon_core.package_identification:_identify(.) by extension 'ignore'
[1.670s] Level 1:colcon.colcon_core.package_identification:_identify(.) by extension 'ignore_ament_install'
[1.671s] Level 1:colcon.colcon_core.package_identification:_identify(.) by extensions ['colcon_pkg']
[1.671s] Level 1:colcon.colcon_core.package_identification:_identify(.) by extension 'colcon_pkg'
[1.671s] Level 1:colcon.colcon_core.package_identification:_identify(.) by extensions ['colcon_meta']
[1.671s] Level 1:colcon.colcon_core.package_identification:_identify(.) by extension 'colcon_meta'
[1.671s] Level 1:colcon.colcon_core.package_identification:_identify(.) by extensions ['ros']
[1.671s] Level 1:colcon.colcon_core.package_identification:_identify(.) by extension 'ros'
[1.688s] Level 1:colcon.colcon_core.package_identification:_identify(.) by extensions ['cmake', 'python']
[1.689s] Level 1:colcon.colcon_core.package_identification:_identify(.) by extension 'cmake'
[1.689s] Level 1:colcon.colcon_core.package_identification:_identify(.) by extension 'python'
[1.689s] Level 1:colcon.colcon_core.package_identification:_identify(.) by extensions ['python_setup_py']
[1.689s] Level 1:colcon.colcon_core.package_identification:_identify(.) by extension 'python_setup_py'
[1.689s] Level 1:colcon.colcon_core.package_identification:_identify(build) by extensions ['ignore', 'ignore_ament_install']
[1.689s] Level 1:colcon.colcon_core.package_identification:_identify(build) by extension 'ignore'
[1.689s] Level 1:colcon.colcon_core.package_identification:_identify(build) ignored
[1.689s] Level 1:colcon.colcon_core.package_identification:_identify(install) by extensions ['ignore', 'ignore_ament_install']
[1.690s] Level 1:colcon.colcon_core.package_identification:_identify(install) by extension 'ignore'
[1.690s] Level 1:colcon.colcon_core.package_identification:_identify(install) ignored
[1.690s] Level 1:colcon.colcon_core.package_identification:_identify(log) by extensions ['ignore', 'ignore_ament_install']
[1.690s] Level 1:colcon.colcon_core.package_identification:_identify(log) by extension 'ignore'
[1.690s] Level 1:colcon.colcon_core.package_identification:_identify(log) ignored
[1.690s] Level 1:colcon.colcon_core.package_identification:_identify(src) by extensions ['ignore', 'ignore_ament_install']
[1.690s] Level 1:colcon.colcon_core.package_identification:_identify(src) by extension 'ignore'
[1.690s] Level 1:colcon.colcon_core.package_identification:_identify(src) by extension 'ignore_ament_install'
[1.690s] Level 1:colcon.colcon_core.package_identification:_identify(src) by extensions ['colcon_pkg']
[1.690s] Level 1:colcon.colcon_core.package_identification:_identify(src) by extension 'colcon_pkg'
[1.690s] Level 1:colcon.colcon_core.package_identification:_identify(src) by extensions ['colcon_meta']
[1.691s] Level 1:colcon.colcon_core.package_identification:_identify(src) by extension 'colcon_meta'
[1.691s] Level 1:colcon.colcon_core.package_identification:_identify(src) by extensions ['ros']
[1.691s] Level 1:colcon.colcon_core.package_identification:_identify(src) by extension 'ros'
[1.691s] Level 1:colcon.colcon_core.package_identification:_identify(src) by extensions ['cmake', 'python']
[1.691s] Level 1:colcon.colcon_core.package_identification:_identify(src) by extension 'cmake'
[1.691s] Level 1:colcon.colcon_core.package_identification:_identify(src) by extension 'python'
[1.691s] Level 1:colcon.colcon_core.package_identification:_identify(src) by extensions ['python_setup_py']
[1.691s] Level 1:colcon.colcon_core.package_identification:_identify(src) by extension 'python_setup_py'
[1.691s] Level 1:colcon.colcon_core.package_identification:_identify(src/turtlesim_bringup) by extensions ['ignore', 'ignore_ament_install']
[1.691s] Level 1:colcon.colcon_core.package_identification:_identify(src/turtlesim_bringup) by extension 'ignore'
[1.691s] Level 1:colcon.colcon_core.package_identification:_identify(src/turtlesim_bringup) by extension 'ignore_ament_install'
[1.691s] Level 1:colcon.colcon_core.package_identification:_identify(src/turtlesim_bringup) by extensions ['colcon_pkg']
[1.691s] Level 1:colcon.colcon_core.package_identification:_identify(src/turtlesim_bringup) by extension 'colcon_pkg'
[1.691s] Level 1:colcon.colcon_core.package_identification:_identify(src/turtlesim_bringup) by extensions ['colcon_meta']
[1.691s] Level 1:colcon.colcon_core.package_identification:_identify(src/turtlesim_bringup) by extension 'colcon_meta'
[1.691s] Level 1:colcon.colcon_core.package_identification:_identify(src/turtlesim_bringup) by extensions ['ros']
[1.691s] Level 1:colcon.colcon_core.package_identification:_identify(src/turtlesim_bringup) by extension 'ros'
[1.696s] DEBUG:colcon.colcon_core.package_identification:Package 'src/turtlesim_bringup' with type 'ros.ament_cmake' and name 'turtlesim_bringup'
[1.696s] Level 1:colcon.colcon_core.package_identification:_identify(src/turtlesim_catch_them_all) by extensions ['ignore', 'ignore_ament_install']
[1.697s] Level 1:colcon.colcon_core.package_identification:_identify(src/turtlesim_catch_them_all) by extension 'ignore'
[1.697s] Level 1:colcon.colcon_core.package_identification:_identify(src/turtlesim_catch_them_all) by extension 'ignore_ament_install'
[1.697s] Level 1:colcon.colcon_core.package_identification:_identify(src/turtlesim_catch_them_all) by extensions ['colcon_pkg']
[1.697s] Level 1:colcon.colcon_core.package_identification:_identify(src/turtlesim_catch_them_all) by extension 'colcon_pkg'
[1.697s] Level 1:colcon.colcon_core.package_identification:_identify(src/turtlesim_catch_them_all) by extensions ['colcon_meta']
[1.697s] Level 1:colcon.colcon_core.package_identification:_identify(src/turtlesim_catch_them_all) by extension 'colcon_meta'
[1.697s] Level 1:colcon.colcon_core.package_identification:_identify(src/turtlesim_catch_them_all) by extensions ['ros']
[1.697s] Level 1:colcon.colcon_core.package_identification:_identify(src/turtlesim_catch_them_all) by extension 'ros'
[1.698s] DEBUG:colcon.colcon_core.package_identification:Package 'src/turtlesim_catch_them_all' with type 'ros.ament_python' and name 'turtlesim_catch_them_all'
[1.698s] Level 1:colcon.colcon_core.package_identification:_identify(src/turtlesim_interfaces) by extensions ['ignore', 'ignore_ament_install']
[1.698s] Level 1:colcon.colcon_core.package_identification:_identify(src/turtlesim_interfaces) by extension 'ignore'
[1.698s] Level 1:colcon.colcon_core.package_identification:_identify(src/turtlesim_interfaces) by extension 'ignore_ament_install'
[1.699s] Level 1:colcon.colcon_core.package_identification:_identify(src/turtlesim_interfaces) by extensions ['colcon_pkg']
[1.699s] Level 1:colcon.colcon_core.package_identification:_identify(src/turtlesim_interfaces) by extension 'colcon_pkg'
[1.699s] Level 1:colcon.colcon_core.package_identification:_identify(src/turtlesim_interfaces) by extensions ['colcon_meta']
[1.699s] Level 1:colcon.colcon_core.package_identification:_identify(src/turtlesim_interfaces) by extension 'colcon_meta'
[1.699s] Level 1:colcon.colcon_core.package_identification:_identify(src/turtlesim_interfaces) by extensions ['ros']
[1.699s] Level 1:colcon.colcon_core.package_identification:_identify(src/turtlesim_interfaces) by extension 'ros'
[1.700s] DEBUG:colcon.colcon_core.package_identification:Package 'src/turtlesim_interfaces' with type 'ros.ament_cmake' and name 'turtlesim_interfaces'
[1.700s] Level 1:colcon.colcon_core.package_discovery:discover_packages(recursive) using defaults
[1.700s] Level 1:colcon.colcon_core.package_discovery:discover_packages(ignore) discover
[1.700s] Level 1:colcon.colcon_core.package_discovery:discover_packages(ignore) using defaults
[1.700s] Level 1:colcon.colcon_core.package_discovery:discover_packages(path) discover
[1.700s] Level 1:colcon.colcon_core.package_discovery:discover_packages(path) using defaults
[1.804s] INFO:colcon.colcon_core.package_selection:Skipping not selected package 'turtlesim_bringup' in 'src/turtlesim_bringup'
[1.804s] INFO:colcon.colcon_core.package_selection:Skipping not selected package 'turtlesim_interfaces' in 'src/turtlesim_interfaces'
[1.849s] Level 1:colcon.colcon_core.package_discovery:discover_packages(prefix_path) check parameters
[1.850s] Level 1:colcon.colcon_core.package_discovery:discover_packages(prefix_path) discover
[1.892s] DEBUG:colcon.colcon_installed_package_information.package_discovery:Found 1 installed packages in /home/othmene/Turtlesim-Catch-Them-All-project/install
[1.916s] DEBUG:colcon.colcon_installed_package_information.package_discovery:Found 328 installed packages in /opt/ros/humble
[1.919s] Level 1:colcon.colcon_core.package_discovery:discover_packages(prefix_path) using defaults
[2.084s] Level 5:colcon.colcon_core.verb:set package 'turtlesim_catch_them_all' build argument 'cmake_args' from command line to 'None'
[2.084s] Level 5:colcon.colcon_core.verb:set package 'turtlesim_catch_them_all' build argument 'cmake_target' from command line to 'None'
[2.084s] Level 5:colcon.colcon_core.verb:set package 'turtlesim_catch_them_all' build argument 'cmake_target_skip_unavailable' from command line to 'False'
[2.084s] Level 5:colcon.colcon_core.verb:set package 'turtlesim_catch_them_all' build argument 'cmake_clean_cache' from command line to 'False'
[2.084s] Level 5:colcon.colcon_core.verb:set package 'turtlesim_catch_them_all' build argument 'cmake_clean_first' from command line to 'False'
[2.084s] Level 5:colcon.colcon_core.verb:set package 'turtlesim_catch_them_all' build argument 'cmake_force_configure' from command line to 'False'
[2.084s] Level 5:colcon.colcon_core.verb:set package 'turtlesim_catch_them_all' build argument 'ament_cmake_args' from command line to 'None'
[2.085s] Level 5:colcon.colcon_core.verb:set package 'turtlesim_catch_them_all' build argument 'catkin_cmake_args' from command line to 'None'
[2.085s] Level 5:colcon.colcon_core.verb:set package 'turtlesim_catch_them_all' build argument 'catkin_skip_building_tests' from command line to 'False'
[2.085s] DEBUG:colcon.colcon_core.verb:Building package 'turtlesim_catch_them_all' with the following arguments: {'ament_cmake_args': None, 'build_base': '/home/othmene/Turtlesim-Catch-Them-All-project/build/turtlesim_catch_them_all', 'catkin_cmake_args': None, 'catkin_skip_building_tests': False, 'cmake_args': None, 'cmake_clean_cache': False, 'cmake_clean_first': False, 'cmake_force_configure': False, 'cmake_target': None, 'cmake_target_skip_unavailable': False, 'install_base': '/home/othmene/Turtlesim-Catch-Them-All-project/install/turtlesim_catch_them_all', 'merge_install': False, 'path': '/home/othmene/Turtlesim-Catch-Them-All-project/src/turtlesim_catch_them_all', 'symlink_install': True, 'test_result_base': None}
[2.108s] INFO:colcon.colcon_core.executor:Executing jobs using 'parallel' executor
[2.131s] DEBUG:colcon.colcon_parallel_executor.executor.parallel:run_until_complete
[2.132s] INFO:colcon.colcon_ros.task.ament_python.build:Building ROS package in '/home/othmene/Turtlesim-Catch-Them-All-project/src/turtlesim_catch_them_all' with build type 'ament_python'
[2.132s] Level 1:colcon.colcon_core.shell:create_environment_hook('turtlesim_catch_them_all', 'ament_prefix_path')
[2.158s] INFO:colcon.colcon_core.plugin_system:Skipping extension 'colcon_core.shell.bat': Not used on non-Windows systems
[2.158s] INFO:colcon.colcon_core.shell:Creating environment hook '/home/othmene/Turtlesim-Catch-Them-All-project/install/turtlesim_catch_them_all/share/turtlesim_catch_them_all/hook/ament_prefix_path.ps1'
[2.159s] INFO:colcon.colcon_core.shell:Creating environment descriptor '/home/othmene/Turtlesim-Catch-Them-All-project/install/turtlesim_catch_them_all/share/turtlesim_catch_them_all/hook/ament_prefix_path.dsv'
[2.160s] INFO:colcon.colcon_core.shell:Creating environment hook '/home/othmene/Turtlesim-Catch-Them-All-project/install/turtlesim_catch_them_all/share/turtlesim_catch_them_all/hook/ament_prefix_path.sh'
[2.183s] INFO:colcon.colcon_core.shell:Skip shell extension 'powershell' for command environment: Not usable outside of PowerShell
[2.183s] DEBUG:colcon.colcon_core.shell:Skip shell extension 'dsv' for command environment
[2.663s] INFO:colcon.colcon_core.task.python.build:Building Python package in '/home/othmene/Turtlesim-Catch-Them-All-project/src/turtlesim_catch_them_all'
[2.682s] INFO:colcon.colcon_core.shell:Skip shell extension 'powershell' for command environment: Not usable outside of PowerShell
[2.682s] DEBUG:colcon.colcon_core.shell:Skip shell extension 'dsv' for command environment
[3.310s] DEBUG:colcon.colcon_core.task.python.build:While undoing a previous installation files outside the Python library path are being ignored: /home/othmene/Turtlesim-Catch-Them-All-project/install/turtlesim_catch_them_all/share/ament_index/resource_index/packages/turtlesim_catch_them_all
[3.311s] DEBUG:colcon.colcon_core.task.python.build:While undoing a previous installation files outside the Python library path are being ignored: /home/othmene/Turtlesim-Catch-Them-All-project/install/turtlesim_catch_them_all/share/turtlesim_catch_them_all/package.xml
[3.311s] DEBUG:colcon.colcon_core.task.python.build:While undoing a previous installation files outside the Python library path are being ignored: /home/othmene/Turtlesim-Catch-Them-All-project/install/turtlesim_catch_them_all/lib/turtlesim_catch_them_all/turtle_controller
[3.311s] DEBUG:colcon.colcon_core.task.python.build:While undoing a previous installation files outside the Python library path are being ignored: /home/othmene/Turtlesim-Catch-Them-All-project/install/turtlesim_catch_them_all/lib/turtlesim_catch_them_all/turtle_spawner
[3.317s] DEBUG:colcon.colcon_core.event_handler.log_command:Invoking command in '/home/othmene/Turtlesim-Catch-Them-All-project/build/turtlesim_catch_them_all': PYTHONPATH=/home/othmene/Turtlesim-Catch-Them-All-project/build/turtlesim_catch_them_all/prefix_override:/home/othmene/Turtlesim-Catch-Them-All-project/install/turtlesim_catch_them_all/lib/python3.10/site-packages:${PYTHONPATH} /usr/bin/python3 setup.py develop --editable --build-directory /home/othmene/Turtlesim-Catch-Them-All-project/build/turtlesim_catch_them_all/build --no-deps install_data
[4.033s] Level 1:colcon.colcon_core.shell:create_environment_hook('turtlesim_catch_them_all', 'pythonpath_develop')
[4.034s] DEBUG:colcon.colcon_core.event_handler.log_command:Invoked command in '/home/othmene/Turtlesim-Catch-Them-All-project/build/turtlesim_catch_them_all' returned '0': PYTHONPATH=/home/othmene/Turtlesim-Catch-Them-All-project/build/turtlesim_catch_them_all/prefix_override:/home/othmene/Turtlesim-Catch-Them-All-project/install/turtlesim_catch_them_all/lib/python3.10/site-packages:${PYTHONPATH} /usr/bin/python3 setup.py develop --editable --build-directory /home/othmene/Turtlesim-Catch-Them-All-project/build/turtlesim_catch_them_all/build --no-deps install_data
[4.051s] INFO:colcon.colcon_core.shell:Creating environment hook '/home/othmene/Turtlesim-Catch-Them-All-project/build/turtlesim_catch_them_all/share/turtlesim_catch_them_all/hook/pythonpath_develop.ps1'
[4.052s] INFO:colcon.colcon_core.shell:Creating environment descriptor '/home/othmene/Turtlesim-Catch-Them-All-project/build/turtlesim_catch_them_all/share/turtlesim_catch_them_all/hook/pythonpath_develop.dsv'
[4.052s] INFO:colcon.colcon_core.shell:Creating environment hook '/home/othmene/Turtlesim-Catch-Them-All-project/build/turtlesim_catch_them_all/share/turtlesim_catch_them_all/hook/pythonpath_develop.sh'
[4.074s] Level 1:colcon.colcon_core.environment:checking '/home/othmene/Turtlesim-Catch-Them-All-project/install/turtlesim_catch_them_all' for CMake module files
[4.074s] Level 1:colcon.colcon_core.environment:checking '/home/othmene/Turtlesim-Catch-Them-All-project/install/turtlesim_catch_them_all' for CMake config files
[4.075s] Level 1:colcon.colcon_core.environment:checking '/home/othmene/Turtlesim-Catch-Them-All-project/install/turtlesim_catch_them_all/lib'
[4.075s] Level 1:colcon.colcon_core.environment:checking '/home/othmene/Turtlesim-Catch-Them-All-project/install/turtlesim_catch_them_all/bin'
[4.075s] Level 1:colcon.colcon_core.environment:checking '/home/othmene/Turtlesim-Catch-Them-All-project/install/turtlesim_catch_them_all/lib/pkgconfig/turtlesim_catch_them_all.pc'
[4.076s] Level 1:colcon.colcon_core.environment:checking '/home/othmene/Turtlesim-Catch-Them-All-project/install/turtlesim_catch_them_all/lib/python3.10/site-packages'
[4.076s] Level 1:colcon.colcon_core.shell:create_environment_hook('turtlesim_catch_them_all', 'pythonpath')
[4.093s] INFO:colcon.colcon_core.shell:Creating environment hook '/home/othmene/Turtlesim-Catch-Them-All-project/install/turtlesim_catch_them_all/share/turtlesim_catch_them_all/hook/pythonpath.ps1'
[4.094s] INFO:colcon.colcon_core.shell:Creating environment descriptor '/home/othmene/Turtlesim-Catch-Them-All-project/install/turtlesim_catch_them_all/share/turtlesim_catch_them_all/hook/pythonpath.dsv'
[4.096s] INFO:colcon.colcon_core.shell:Creating environment hook '/home/othmene/Turtlesim-Catch-Them-All-project/install/turtlesim_catch_them_all/share/turtlesim_catch_them_all/hook/pythonpath.sh'
[4.096s] Level 1:colcon.colcon_core.environment:checking '/home/othmene/Turtlesim-Catch-Them-All-project/install/turtlesim_catch_them_all/bin'
[4.097s] Level 1:colcon.colcon_core.environment:create_environment_scripts_only(turtlesim_catch_them_all)
[4.116s] INFO:colcon.colcon_core.shell:Creating package script '/home/othmene/Turtlesim-Catch-Them-All-project/install/turtlesim_catch_them_all/share/turtlesim_catch_them_all/package.ps1'
[4.118s] INFO:colcon.colcon_core.shell:Creating package descriptor '/home/othmene/Turtlesim-Catch-Them-All-project/install/turtlesim_catch_them_all/share/turtlesim_catch_them_all/package.dsv'
[4.119s] INFO:colcon.colcon_core.shell:Creating package script '/home/othmene/Turtlesim-Catch-Them-All-project/install/turtlesim_catch_them_all/share/turtlesim_catch_them_all/package.sh'
[4.121s] INFO:colcon.colcon_core.shell:Creating package script '/home/othmene/Turtlesim-Catch-Them-All-project/install/turtlesim_catch_them_all/share/turtlesim_catch_them_all/package.bash'
[4.122s] INFO:colcon.colcon_core.shell:Creating package script '/home/othmene/Turtlesim-Catch-Them-All-project/install/turtlesim_catch_them_all/share/turtlesim_catch_them_all/package.zsh'
[4.124s] Level 1:colcon.colcon_core.environment:create_file_with_runtime_dependencies(/home/othmene/Turtlesim-Catch-Them-All-project/install/turtlesim_catch_them_all/share/colcon-core/packages/turtlesim_catch_them_all)
[4.125s] DEBUG:colcon.colcon_parallel_executor.executor.parallel:closing loop
[4.126s] DEBUG:colcon.colcon_parallel_executor.executor.parallel:loop closed
[4.127s] DEBUG:colcon.colcon_parallel_executor.executor.parallel:run_until_complete finished with '0'
[4.127s] DEBUG:colcon.colcon_core.event_reactor:joining thread
[4.156s] INFO:colcon.colcon_core.plugin_system:Skipping extension 'colcon_notification.desktop_notification.terminal_notifier': Not used on non-Darwin systems
[4.156s] INFO:colcon.colcon_core.plugin_system:Skipping extension 'colcon_notification.desktop_notification.win32': Not used on non-Windows systems
[4.156s] INFO:colcon.colcon_notification.desktop_notification:Sending desktop notification using 'notify2'
[4.173s] DEBUG:colcon.colcon_core.event_reactor:joined thread
[4.196s] INFO:colcon.colcon_core.shell:Creating prefix script '/home/othmene/Turtlesim-Catch-Them-All-project/install/local_setup.ps1'
[4.199s] INFO:colcon.colcon_core.shell:Creating prefix util module '/home/othmene/Turtlesim-Catch-Them-All-project/install/_local_setup_util_ps1.py'
[4.202s] INFO:colcon.colcon_core.shell:Creating prefix chain script '/home/othmene/Turtlesim-Catch-Them-All-project/install/setup.ps1'
[4.228s] INFO:colcon.colcon_core.shell:Creating prefix script '/home/othmene/Turtlesim-Catch-Them-All-project/install/local_setup.sh'
[4.230s] INFO:colcon.colcon_core.shell:Creating prefix util module '/home/othmene/Turtlesim-Catch-Them-All-project/install/_local_setup_util_sh.py'
[4.231s] INFO:colcon.colcon_core.shell:Creating prefix chain script '/home/othmene/Turtlesim-Catch-Them-All-project/install/setup.sh'
[4.260s] INFO:colcon.colcon_core.shell:Creating prefix script '/home/othmene/Turtlesim-Catch-Them-All-project/install/local_setup.bash'
[4.261s] INFO:colcon.colcon_core.shell:Creating prefix chain script '/home/othmene/Turtlesim-Catch-Them-All-project/install/setup.bash'
[4.289s] INFO:colcon.colcon_core.shell:Creating prefix script '/home/othmene/Turtlesim-Catch-Them-All-project/install/local_setup.zsh'
[4.290s] INFO:colcon.colcon_core.shell:Creating prefix chain script '/home/othmene/Turtlesim-Catch-Them-All-project/install/setup.zsh'
