[1.276s] DEBUG:colcon:Command line arguments: ['/usr/bin/colcon', 'build']
[1.276s] DEBUG:colcon:Parsed command line arguments: Namespace(log_base=None, log_level=None, verb_name='build', build_base='build', install_base='install', merge_install=False, symlink_install=False, test_result_base=None, continue_on_error=False, executor='parallel', parallel_workers=4, event_handlers=None, ignore_user_meta=False, metas=['./colcon.meta'], base_paths=['.'], packages_ignore=None, packages_ignore_regex=None, paths=None, packages_up_to=None, packages_up_to_regex=None, packages_above=None, packages_above_and_dependencies=None, packages_above_depth=None, packages_select_by_dep=None, packages_skip_by_dep=None, packages_skip_up_to=None, packages_select_build_failed=False, packages_skip_build_finished=False, packages_select_test_failures=False, packages_skip_test_passed=False, packages_select=None, packages_skip=None, packages_select_regex=None, packages_skip_regex=None, packages_start=None, packages_end=None, allow_overriding=[], cmake_args=None, cmake_target=None, cmake_target_skip_unavailable=False, cmake_clean_cache=False, cmake_clean_first=False, cmake_force_configure=False, ament_cmake_args=None, catkin_cmake_args=None, catkin_skip_building_tests=False, verb_parser=<colcon_defaults.argument_parser.defaults.DefaultArgumentsDecorator object at 0x7e3cbca7f5b0>, verb_extension=<colcon_core.verb.build.BuildVerb object at 0x7e3cbca7d240>, main=<bound method BuildVerb.main of <colcon_core.verb.build.BuildVerb object at 0x7e3cbca7d240>>)
[1.331s] Level 1:colcon.colcon_core.package_discovery:discover_packages(colcon_meta) check parameters
[1.331s] Level 1:colcon.colcon_core.package_discovery:discover_packages(recursive) check parameters
[1.331s] Level 1:colcon.colcon_core.package_discovery:discover_packages(ignore) check parameters
[1.331s] Level 1:colcon.colcon_core.package_discovery:discover_packages(path) check parameters
[1.331s] Level 1:colcon.colcon_core.package_discovery:discover_packages(colcon_meta) discover
[1.332s] Level 1:colcon.colcon_core.package_discovery:discover_packages(recursive) discover
[1.332s] INFO:colcon.colcon_core.package_discovery:Crawling recursively for packages in '/home/othmene/Turtlesim-Catch-Them-All-project'
[1.332s] Level 1:colcon.colcon_core.package_identification:_identify(.) by extensions ['ignore', 'ignore_ament_install']
[1.332s] Level 1:colcon.colcon_core.package_identification:_identify(.) by extension 'ignore'
[1.332s] Level 1:colcon.colcon_core.package_identification:_identify(.) by extension 'ignore_ament_install'
[1.332s] Level 1:colcon.colcon_core.package_identification:_identify(.) by extensions ['colcon_pkg']
[1.332s] Level 1:colcon.colcon_core.package_identification:_identify(.) by extension 'colcon_pkg'
[1.332s] Level 1:colcon.colcon_core.package_identification:_identify(.) by extensions ['colcon_meta']
[1.332s] Level 1:colcon.colcon_core.package_identification:_identify(.) by extension 'colcon_meta'
[1.332s] Level 1:colcon.colcon_core.package_identification:_identify(.) by extensions ['ros']
[1.332s] Level 1:colcon.colcon_core.package_identification:_identify(.) by extension 'ros'
[1.345s] Level 1:colcon.colcon_core.package_identification:_identify(.) by extensions ['cmake', 'python']
[1.345s] Level 1:colcon.colcon_core.package_identification:_identify(.) by extension 'cmake'
[1.345s] Level 1:colcon.colcon_core.package_identification:_identify(.) by extension 'python'
[1.345s] Level 1:colcon.colcon_core.package_identification:_identify(.) by extensions ['python_setup_py']
[1.345s] Level 1:colcon.colcon_core.package_identification:_identify(.) by extension 'python_setup_py'
[1.345s] Level 1:colcon.colcon_core.package_identification:_identify(build) by extensions ['ignore', 'ignore_ament_install']
[1.345s] Level 1:colcon.colcon_core.package_identification:_identify(build) by extension 'ignore'
[1.345s] Level 1:colcon.colcon_core.package_identification:_identify(build) ignored
[1.346s] Level 1:colcon.colcon_core.package_identification:_identify(install) by extensions ['ignore', 'ignore_ament_install']
[1.346s] Level 1:colcon.colcon_core.package_identification:_identify(install) by extension 'ignore'
[1.346s] Level 1:colcon.colcon_core.package_identification:_identify(install) ignored
[1.346s] Level 1:colcon.colcon_core.package_identification:_identify(log) by extensions ['ignore', 'ignore_ament_install']
[1.346s] Level 1:colcon.colcon_core.package_identification:_identify(log) by extension 'ignore'
[1.346s] Level 1:colcon.colcon_core.package_identification:_identify(log) ignored
[1.346s] Level 1:colcon.colcon_core.package_identification:_identify(src) by extensions ['ignore', 'ignore_ament_install']
[1.346s] Level 1:colcon.colcon_core.package_identification:_identify(src) by extension 'ignore'
[1.346s] Level 1:colcon.colcon_core.package_identification:_identify(src) by extension 'ignore_ament_install'
[1.346s] Level 1:colcon.colcon_core.package_identification:_identify(src) by extensions ['colcon_pkg']
[1.346s] Level 1:colcon.colcon_core.package_identification:_identify(src) by extension 'colcon_pkg'
[1.346s] Level 1:colcon.colcon_core.package_identification:_identify(src) by extensions ['colcon_meta']
[1.346s] Level 1:colcon.colcon_core.package_identification:_identify(src) by extension 'colcon_meta'
[1.346s] Level 1:colcon.colcon_core.package_identification:_identify(src) by extensions ['ros']
[1.346s] Level 1:colcon.colcon_core.package_identification:_identify(src) by extension 'ros'
[1.346s] Level 1:colcon.colcon_core.package_identification:_identify(src) by extensions ['cmake', 'python']
[1.347s] Level 1:colcon.colcon_core.package_identification:_identify(src) by extension 'cmake'
[1.347s] Level 1:colcon.colcon_core.package_identification:_identify(src) by extension 'python'
[1.347s] Level 1:colcon.colcon_core.package_identification:_identify(src) by extensions ['python_setup_py']
[1.347s] Level 1:colcon.colcon_core.package_identification:_identify(src) by extension 'python_setup_py'
[1.347s] Level 1:colcon.colcon_core.package_identification:_identify(src/build) by extensions ['ignore', 'ignore_ament_install']
[1.347s] Level 1:colcon.colcon_core.package_identification:_identify(src/build) by extension 'ignore'
[1.347s] Level 1:colcon.colcon_core.package_identification:_identify(src/build) ignored
[1.347s] Level 1:colcon.colcon_core.package_identification:_identify(src/install) by extensions ['ignore', 'ignore_ament_install']
[1.347s] Level 1:colcon.colcon_core.package_identification:_identify(src/install) by extension 'ignore'
[1.347s] Level 1:colcon.colcon_core.package_identification:_identify(src/install) ignored
[1.347s] Level 1:colcon.colcon_core.package_identification:_identify(src/log) by extensions ['ignore', 'ignore_ament_install']
[1.347s] Level 1:colcon.colcon_core.package_identification:_identify(src/log) by extension 'ignore'
[1.347s] Level 1:colcon.colcon_core.package_identification:_identify(src/log) ignored
[1.347s] Level 1:colcon.colcon_core.package_identification:_identify(src/turtlesim_bringup) by extensions ['ignore', 'ignore_ament_install']
[1.348s] Level 1:colcon.colcon_core.package_identification:_identify(src/turtlesim_bringup) by extension 'ignore'
[1.348s] Level 1:colcon.colcon_core.package_identification:_identify(src/turtlesim_bringup) by extension 'ignore_ament_install'
[1.348s] Level 1:colcon.colcon_core.package_identification:_identify(src/turtlesim_bringup) by extensions ['colcon_pkg']
[1.348s] Level 1:colcon.colcon_core.package_identification:_identify(src/turtlesim_bringup) by extension 'colcon_pkg'
[1.348s] Level 1:colcon.colcon_core.package_identification:_identify(src/turtlesim_bringup) by extensions ['colcon_meta']
[1.348s] Level 1:colcon.colcon_core.package_identification:_identify(src/turtlesim_bringup) by extension 'colcon_meta'
[1.348s] Level 1:colcon.colcon_core.package_identification:_identify(src/turtlesim_bringup) by extensions ['ros']
[1.348s] Level 1:colcon.colcon_core.package_identification:_identify(src/turtlesim_bringup) by extension 'ros'
[1.350s] DEBUG:colcon.colcon_core.package_identification:Package 'src/turtlesim_bringup' with type 'ros.ament_cmake' and name 'turtlesim_bringup'
[1.351s] Level 1:colcon.colcon_core.package_identification:_identify(src/turtlesim_catch_them_all) by extensions ['ignore', 'ignore_ament_install']
[1.351s] Level 1:colcon.colcon_core.package_identification:_identify(src/turtlesim_catch_them_all) by extension 'ignore'
[1.351s] Level 1:colcon.colcon_core.package_identification:_identify(src/turtlesim_catch_them_all) by extension 'ignore_ament_install'
[1.351s] Level 1:colcon.colcon_core.package_identification:_identify(src/turtlesim_catch_them_all) by extensions ['colcon_pkg']
[1.351s] Level 1:colcon.colcon_core.package_identification:_identify(src/turtlesim_catch_them_all) by extension 'colcon_pkg'
[1.351s] Level 1:colcon.colcon_core.package_identification:_identify(src/turtlesim_catch_them_all) by extensions ['colcon_meta']
[1.351s] Level 1:colcon.colcon_core.package_identification:_identify(src/turtlesim_catch_them_all) by extension 'colcon_meta'
[1.351s] Level 1:colcon.colcon_core.package_identification:_identify(src/turtlesim_catch_them_all) by extensions ['ros']
[1.351s] Level 1:colcon.colcon_core.package_identification:_identify(src/turtlesim_catch_them_all) by extension 'ros'
[1.352s] DEBUG:colcon.colcon_core.package_identification:Package 'src/turtlesim_catch_them_all' with type 'ros.ament_python' and name 'turtlesim_catch_them_all'
[1.352s] Level 1:colcon.colcon_core.package_identification:_identify(src/turtlesim_interfaces) by extensions ['ignore', 'ignore_ament_install']
[1.352s] Level 1:colcon.colcon_core.package_identification:_identify(src/turtlesim_interfaces) by extension 'ignore'
[1.352s] Level 1:colcon.colcon_core.package_identification:_identify(src/turtlesim_interfaces) by extension 'ignore_ament_install'
[1.353s] Level 1:colcon.colcon_core.package_identification:_identify(src/turtlesim_interfaces) by extensions ['colcon_pkg']
[1.353s] Level 1:colcon.colcon_core.package_identification:_identify(src/turtlesim_interfaces) by extension 'colcon_pkg'
[1.353s] Level 1:colcon.colcon_core.package_identification:_identify(src/turtlesim_interfaces) by extensions ['colcon_meta']
[1.353s] Level 1:colcon.colcon_core.package_identification:_identify(src/turtlesim_interfaces) by extension 'colcon_meta'
[1.353s] Level 1:colcon.colcon_core.package_identification:_identify(src/turtlesim_interfaces) by extensions ['ros']
[1.353s] Level 1:colcon.colcon_core.package_identification:_identify(src/turtlesim_interfaces) by extension 'ros'
[1.353s] DEBUG:colcon.colcon_core.package_identification:Package 'src/turtlesim_interfaces' with type 'ros.ament_cmake' and name 'turtlesim_interfaces'
[1.353s] Level 1:colcon.colcon_core.package_discovery:discover_packages(recursive) using defaults
[1.353s] Level 1:colcon.colcon_core.package_discovery:discover_packages(ignore) discover
[1.353s] Level 1:colcon.colcon_core.package_discovery:discover_packages(ignore) using defaults
[1.353s] Level 1:colcon.colcon_core.package_discovery:discover_packages(path) discover
[1.353s] Level 1:colcon.colcon_core.package_discovery:discover_packages(path) using defaults
[1.464s] Level 1:colcon.colcon_core.package_discovery:discover_packages(prefix_path) check parameters
[1.464s] Level 1:colcon.colcon_core.package_discovery:discover_packages(prefix_path) discover
[1.501s] DEBUG:colcon.colcon_installed_package_information.package_discovery:Found 3 installed packages in /home/othmene/Turtlesim-Catch-Them-All-project/install
[1.521s] DEBUG:colcon.colcon_installed_package_information.package_discovery:Found 328 installed packages in /opt/ros/humble
[1.523s] Level 1:colcon.colcon_core.package_discovery:discover_packages(prefix_path) using defaults
[1.650s] Level 5:colcon.colcon_core.verb:set package 'turtlesim_bringup' build argument 'cmake_args' from command line to 'None'
[1.650s] Level 5:colcon.colcon_core.verb:set package 'turtlesim_bringup' build argument 'cmake_target' from command line to 'None'
[1.650s] Level 5:colcon.colcon_core.verb:set package 'turtlesim_bringup' build argument 'cmake_target_skip_unavailable' from command line to 'False'
[1.650s] Level 5:colcon.colcon_core.verb:set package 'turtlesim_bringup' build argument 'cmake_clean_cache' from command line to 'False'
[1.650s] Level 5:colcon.colcon_core.verb:set package 'turtlesim_bringup' build argument 'cmake_clean_first' from command line to 'False'
[1.651s] Level 5:colcon.colcon_core.verb:set package 'turtlesim_bringup' build argument 'cmake_force_configure' from command line to 'False'
[1.651s] Level 5:colcon.colcon_core.verb:set package 'turtlesim_bringup' build argument 'ament_cmake_args' from command line to 'None'
[1.651s] Level 5:colcon.colcon_core.verb:set package 'turtlesim_bringup' build argument 'catkin_cmake_args' from command line to 'None'
[1.651s] Level 5:colcon.colcon_core.verb:set package 'turtlesim_bringup' build argument 'catkin_skip_building_tests' from command line to 'False'
[1.651s] DEBUG:colcon.colcon_core.verb:Building package 'turtlesim_bringup' with the following arguments: {'ament_cmake_args': None, 'build_base': '/home/othmene/Turtlesim-Catch-Them-All-project/build/turtlesim_bringup', 'catkin_cmake_args': None, 'catkin_skip_building_tests': False, 'cmake_args': None, 'cmake_clean_cache': False, 'cmake_clean_first': False, 'cmake_force_configure': False, 'cmake_target': None, 'cmake_target_skip_unavailable': False, 'install_base': '/home/othmene/Turtlesim-Catch-Them-All-project/install/turtlesim_bringup', 'merge_install': False, 'path': '/home/othmene/Turtlesim-Catch-Them-All-project/src/turtlesim_bringup', 'symlink_install': False, 'test_result_base': None}
[1.672s] Level 5:colcon.colcon_core.verb:set package 'turtlesim_interfaces' build argument 'cmake_args' from command line to 'None'
[1.673s] Level 5:colcon.colcon_core.verb:set package 'turtlesim_interfaces' build argument 'cmake_target' from command line to 'None'
[1.673s] Level 5:colcon.colcon_core.verb:set package 'turtlesim_interfaces' build argument 'cmake_target_skip_unavailable' from command line to 'False'
[1.673s] Level 5:colcon.colcon_core.verb:set package 'turtlesim_interfaces' build argument 'cmake_clean_cache' from command line to 'False'
[1.673s] Level 5:colcon.colcon_core.verb:set package 'turtlesim_interfaces' build argument 'cmake_clean_first' from command line to 'False'
[1.673s] Level 5:colcon.colcon_core.verb:set package 'turtlesim_interfaces' build argument 'cmake_force_configure' from command line to 'False'
[1.673s] Level 5:colcon.colcon_core.verb:set package 'turtlesim_interfaces' build argument 'ament_cmake_args' from command line to 'None'
[1.673s] Level 5:colcon.colcon_core.verb:set package 'turtlesim_interfaces' build argument 'catkin_cmake_args' from command line to 'None'
[1.673s] Level 5:colcon.colcon_core.verb:set package 'turtlesim_interfaces' build argument 'catkin_skip_building_tests' from command line to 'False'
[1.673s] DEBUG:colcon.colcon_core.verb:Building package 'turtlesim_interfaces' with the following arguments: {'ament_cmake_args': None, 'build_base': '/home/othmene/Turtlesim-Catch-Them-All-project/build/turtlesim_interfaces', 'catkin_cmake_args': None, 'catkin_skip_building_tests': False, 'cmake_args': None, 'cmake_clean_cache': False, 'cmake_clean_first': False, 'cmake_force_configure': False, 'cmake_target': None, 'cmake_target_skip_unavailable': False, 'install_base': '/home/othmene/Turtlesim-Catch-Them-All-project/install/turtlesim_interfaces', 'merge_install': False, 'path': '/home/othmene/Turtlesim-Catch-Them-All-project/src/turtlesim_interfaces', 'symlink_install': False, 'test_result_base': None}
[1.695s] Level 5:colcon.colcon_core.verb:set package 'turtlesim_catch_them_all' build argument 'cmake_args' from command line to 'None'
[1.695s] Level 5:colcon.colcon_core.verb:set package 'turtlesim_catch_them_all' build argument 'cmake_target' from command line to 'None'
[1.695s] Level 5:colcon.colcon_core.verb:set package 'turtlesim_catch_them_all' build argument 'cmake_target_skip_unavailable' from command line to 'False'
[1.695s] Level 5:colcon.colcon_core.verb:set package 'turtlesim_catch_them_all' build argument 'cmake_clean_cache' from command line to 'False'
[1.695s] Level 5:colcon.colcon_core.verb:set package 'turtlesim_catch_them_all' build argument 'cmake_clean_first' from command line to 'False'
[1.695s] Level 5:colcon.colcon_core.verb:set package 'turtlesim_catch_them_all' build argument 'cmake_force_configure' from command line to 'False'
[1.695s] Level 5:colcon.colcon_core.verb:set package 'turtlesim_catch_them_all' build argument 'ament_cmake_args' from command line to 'None'
[1.695s] Level 5:colcon.colcon_core.verb:set package 'turtlesim_catch_them_all' build argument 'catkin_cmake_args' from command line to 'None'
[1.695s] Level 5:colcon.colcon_core.verb:set package 'turtlesim_catch_them_all' build argument 'catkin_skip_building_tests' from command line to 'False'
[1.695s] DEBUG:colcon.colcon_core.verb:Building package 'turtlesim_catch_them_all' with the following arguments: {'ament_cmake_args': None, 'build_base': '/home/othmene/Turtlesim-Catch-Them-All-project/build/turtlesim_catch_them_all', 'catkin_cmake_args': None, 'catkin_skip_building_tests': False, 'cmake_args': None, 'cmake_clean_cache': False, 'cmake_clean_first': False, 'cmake_force_configure': False, 'cmake_target': None, 'cmake_target_skip_unavailable': False, 'install_base': '/home/othmene/Turtlesim-Catch-Them-All-project/install/turtlesim_catch_them_all', 'merge_install': False, 'path': '/home/othmene/Turtlesim-Catch-Them-All-project/src/turtlesim_catch_them_all', 'symlink_install': False, 'test_result_base': None}
[1.715s] INFO:colcon.colcon_core.executor:Executing jobs using 'parallel' executor
[1.737s] DEBUG:colcon.colcon_parallel_executor.executor.parallel:run_until_complete
[1.738s] INFO:colcon.colcon_ros.task.ament_cmake.build:Building ROS package in '/home/othmene/Turtlesim-Catch-Them-All-project/src/turtlesim_interfaces' with build type 'ament_cmake'
[1.738s] INFO:colcon.colcon_cmake.task.cmake.build:Building CMake package in '/home/othmene/Turtlesim-Catch-Them-All-project/src/turtlesim_interfaces'
[1.759s] INFO:colcon.colcon_core.plugin_system:Skipping extension 'colcon_core.shell.bat': Not used on non-Windows systems
[1.759s] INFO:colcon.colcon_core.shell:Skip shell extension 'powershell' for command environment: Not usable outside of PowerShell
[1.759s] DEBUG:colcon.colcon_core.shell:Skip shell extension 'dsv' for command environment
[1.819s] INFO:colcon.colcon_ros.task.ament_cmake.build:Building ROS package in '/home/othmene/Turtlesim-Catch-Them-All-project/src/turtlesim_bringup' with build type 'ament_cmake'
[1.819s] INFO:colcon.colcon_cmake.task.cmake.build:Building CMake package in '/home/othmene/Turtlesim-Catch-Them-All-project/src/turtlesim_bringup'
[1.838s] INFO:colcon.colcon_core.shell:Skip shell extension 'powershell' for command environment: Not usable outside of PowerShell
[1.838s] DEBUG:colcon.colcon_core.shell:Skip shell extension 'dsv' for command environment
[1.917s] DEBUG:colcon.colcon_core.event_handler.log_command:Invoking command in '/home/othmene/Turtlesim-Catch-Them-All-project/build/turtlesim_interfaces': CMAKE_PREFIX_PATH=${CMAKE_PREFIX_PATH}:/home/othmene/Turtlesim-Catch-Them-All-project/install/turtlesim_catch_them_all:/opt/ros/humble /usr/bin/cmake --build /home/othmene/Turtlesim-Catch-Them-All-project/build/turtlesim_interfaces -- -j4 -l4
[1.922s] DEBUG:colcon.colcon_core.event_handler.log_command:Invoking command in '/home/othmene/Turtlesim-Catch-Them-All-project/build/turtlesim_bringup': CMAKE_PREFIX_PATH=${CMAKE_PREFIX_PATH}:/home/othmene/Turtlesim-Catch-Them-All-project/install/turtlesim_catch_them_all:/opt/ros/humble /usr/bin/cmake --build /home/othmene/Turtlesim-Catch-Them-All-project/build/turtlesim_bringup -- -j4 -l4
[1.984s] DEBUG:colcon.colcon_core.event_handler.log_command:Invoked command in '/home/othmene/Turtlesim-Catch-Them-All-project/build/turtlesim_bringup' returned '0': CMAKE_PREFIX_PATH=${CMAKE_PREFIX_PATH}:/home/othmene/Turtlesim-Catch-Them-All-project/install/turtlesim_catch_them_all:/opt/ros/humble /usr/bin/cmake --build /home/othmene/Turtlesim-Catch-Them-All-project/build/turtlesim_bringup -- -j4 -l4
[2.031s] DEBUG:colcon.colcon_core.event_handler.log_command:Invoking command in '/home/othmene/Turtlesim-Catch-Them-All-project/build/turtlesim_bringup': CMAKE_PREFIX_PATH=${CMAKE_PREFIX_PATH}:/home/othmene/Turtlesim-Catch-Them-All-project/install/turtlesim_catch_them_all:/opt/ros/humble /usr/bin/cmake --install /home/othmene/Turtlesim-Catch-Them-All-project/build/turtlesim_bringup
[2.045s] Level 1:colcon.colcon_core.environment:create_environment_scripts_only(turtlesim_bringup)
[2.046s] DEBUG:colcon.colcon_core.event_handler.log_command:Invoked command in '/home/othmene/Turtlesim-Catch-Them-All-project/build/turtlesim_bringup' returned '0': CMAKE_PREFIX_PATH=${CMAKE_PREFIX_PATH}:/home/othmene/Turtlesim-Catch-Them-All-project/install/turtlesim_catch_them_all:/opt/ros/humble /usr/bin/cmake --install /home/othmene/Turtlesim-Catch-Them-All-project/build/turtlesim_bringup
[2.071s] Level 1:colcon.colcon_core.environment:checking '/home/othmene/Turtlesim-Catch-Them-All-project/install/turtlesim_bringup' for CMake module files
[2.072s] Level 1:colcon.colcon_core.environment:checking '/home/othmene/Turtlesim-Catch-Them-All-project/install/turtlesim_bringup' for CMake config files
[2.072s] Level 1:colcon.colcon_core.shell:create_environment_hook('turtlesim_bringup', 'cmake_prefix_path')
[2.093s] INFO:colcon.colcon_core.shell:Creating environment hook '/home/othmene/Turtlesim-Catch-Them-All-project/install/turtlesim_bringup/share/turtlesim_bringup/hook/cmake_prefix_path.ps1'
[2.094s] INFO:colcon.colcon_core.shell:Creating environment descriptor '/home/othmene/Turtlesim-Catch-Them-All-project/install/turtlesim_bringup/share/turtlesim_bringup/hook/cmake_prefix_path.dsv'
[2.095s] INFO:colcon.colcon_core.shell:Creating environment hook '/home/othmene/Turtlesim-Catch-Them-All-project/install/turtlesim_bringup/share/turtlesim_bringup/hook/cmake_prefix_path.sh'
[2.097s] Level 1:colcon.colcon_core.environment:checking '/home/othmene/Turtlesim-Catch-Them-All-project/install/turtlesim_bringup/bin'
[2.097s] Level 1:colcon.colcon_core.environment:checking '/home/othmene/Turtlesim-Catch-Them-All-project/install/turtlesim_bringup/lib/pkgconfig/turtlesim_bringup.pc'
[2.097s] Level 1:colcon.colcon_core.environment:checking '/home/othmene/Turtlesim-Catch-Them-All-project/install/turtlesim_bringup/lib/python3.10/site-packages'
[2.097s] Level 1:colcon.colcon_core.environment:checking '/home/othmene/Turtlesim-Catch-Them-All-project/install/turtlesim_bringup/bin'
[2.118s] INFO:colcon.colcon_core.shell:Creating package script '/home/othmene/Turtlesim-Catch-Them-All-project/install/turtlesim_bringup/share/turtlesim_bringup/package.ps1'
[2.120s] INFO:colcon.colcon_core.shell:Creating package descriptor '/home/othmene/Turtlesim-Catch-Them-All-project/install/turtlesim_bringup/share/turtlesim_bringup/package.dsv'
[2.121s] INFO:colcon.colcon_core.shell:Creating package script '/home/othmene/Turtlesim-Catch-Them-All-project/install/turtlesim_bringup/share/turtlesim_bringup/package.sh'
[2.123s] INFO:colcon.colcon_core.shell:Creating package script '/home/othmene/Turtlesim-Catch-Them-All-project/install/turtlesim_bringup/share/turtlesim_bringup/package.bash'
[2.124s] INFO:colcon.colcon_core.shell:Creating package script '/home/othmene/Turtlesim-Catch-Them-All-project/install/turtlesim_bringup/share/turtlesim_bringup/package.zsh'
[2.125s] Level 1:colcon.colcon_core.environment:create_file_with_runtime_dependencies(/home/othmene/Turtlesim-Catch-Them-All-project/install/turtlesim_bringup/share/colcon-core/packages/turtlesim_bringup)
[2.178s] Level 1:colcon.colcon_core.environment:create_environment_scripts_only(turtlesim_bringup)
[2.196s] Level 1:colcon.colcon_core.environment:checking '/home/othmene/Turtlesim-Catch-Them-All-project/install/turtlesim_bringup' for CMake module files
[2.197s] Level 1:colcon.colcon_core.environment:checking '/home/othmene/Turtlesim-Catch-Them-All-project/install/turtlesim_bringup' for CMake config files
[2.197s] Level 1:colcon.colcon_core.shell:create_environment_hook('turtlesim_bringup', 'cmake_prefix_path')
[2.214s] INFO:colcon.colcon_core.shell:Creating environment hook '/home/othmene/Turtlesim-Catch-Them-All-project/install/turtlesim_bringup/share/turtlesim_bringup/hook/cmake_prefix_path.ps1'
[2.215s] INFO:colcon.colcon_core.shell:Creating environment descriptor '/home/othmene/Turtlesim-Catch-Them-All-project/install/turtlesim_bringup/share/turtlesim_bringup/hook/cmake_prefix_path.dsv'
[2.216s] INFO:colcon.colcon_core.shell:Creating environment hook '/home/othmene/Turtlesim-Catch-Them-All-project/install/turtlesim_bringup/share/turtlesim_bringup/hook/cmake_prefix_path.sh'
[2.217s] Level 1:colcon.colcon_core.environment:checking '/home/othmene/Turtlesim-Catch-Them-All-project/install/turtlesim_bringup/bin'
[2.218s] Level 1:colcon.colcon_core.environment:checking '/home/othmene/Turtlesim-Catch-Them-All-project/install/turtlesim_bringup/lib/pkgconfig/turtlesim_bringup.pc'
[2.218s] Level 1:colcon.colcon_core.environment:checking '/home/othmene/Turtlesim-Catch-Them-All-project/install/turtlesim_bringup/lib/python3.10/site-packages'
[2.218s] Level 1:colcon.colcon_core.environment:checking '/home/othmene/Turtlesim-Catch-Them-All-project/install/turtlesim_bringup/bin'
[2.237s] INFO:colcon.colcon_core.shell:Creating package script '/home/othmene/Turtlesim-Catch-Them-All-project/install/turtlesim_bringup/share/turtlesim_bringup/package.ps1'
[2.239s] INFO:colcon.colcon_core.shell:Creating package descriptor '/home/othmene/Turtlesim-Catch-Them-All-project/install/turtlesim_bringup/share/turtlesim_bringup/package.dsv'
[2.240s] INFO:colcon.colcon_core.shell:Creating package script '/home/othmene/Turtlesim-Catch-Them-All-project/install/turtlesim_bringup/share/turtlesim_bringup/package.sh'
[2.241s] INFO:colcon.colcon_core.shell:Creating package script '/home/othmene/Turtlesim-Catch-Them-All-project/install/turtlesim_bringup/share/turtlesim_bringup/package.bash'
[2.242s] INFO:colcon.colcon_core.shell:Creating package script '/home/othmene/Turtlesim-Catch-Them-All-project/install/turtlesim_bringup/share/turtlesim_bringup/package.zsh'
[2.242s] Level 1:colcon.colcon_core.environment:create_file_with_runtime_dependencies(/home/othmene/Turtlesim-Catch-Them-All-project/install/turtlesim_bringup/share/colcon-core/packages/turtlesim_bringup)
[8.947s] DEBUG:colcon.colcon_core.event_handler.log_command:Invoked command in '/home/othmene/Turtlesim-Catch-Them-All-project/build/turtlesim_interfaces' returned '0': CMAKE_PREFIX_PATH=${CMAKE_PREFIX_PATH}:/home/othmene/Turtlesim-Catch-Them-All-project/install/turtlesim_catch_them_all:/opt/ros/humble /usr/bin/cmake --build /home/othmene/Turtlesim-Catch-Them-All-project/build/turtlesim_interfaces -- -j4 -l4
[9.101s] DEBUG:colcon.colcon_core.event_handler.log_command:Invoking command in '/home/othmene/Turtlesim-Catch-Them-All-project/build/turtlesim_interfaces': CMAKE_PREFIX_PATH=${CMAKE_PREFIX_PATH}:/home/othmene/Turtlesim-Catch-Them-All-project/install/turtlesim_catch_them_all:/opt/ros/humble /usr/bin/cmake --install /home/othmene/Turtlesim-Catch-Them-All-project/build/turtlesim_interfaces
[9.454s] Level 1:colcon.colcon_core.environment:create_environment_scripts_only(turtlesim_interfaces)
[9.455s] DEBUG:colcon.colcon_core.event_handler.log_command:Invoked command in '/home/othmene/Turtlesim-Catch-Them-All-project/build/turtlesim_interfaces' returned '0': CMAKE_PREFIX_PATH=${CMAKE_PREFIX_PATH}:/home/othmene/Turtlesim-Catch-Them-All-project/install/turtlesim_catch_them_all:/opt/ros/humble /usr/bin/cmake --install /home/othmene/Turtlesim-Catch-Them-All-project/build/turtlesim_interfaces
[9.474s] Level 1:colcon.colcon_core.environment:checking '/home/othmene/Turtlesim-Catch-Them-All-project/install/turtlesim_interfaces' for CMake module files
[9.475s] Level 1:colcon.colcon_core.environment:checking '/home/othmene/Turtlesim-Catch-Them-All-project/install/turtlesim_interfaces' for CMake config files
[9.476s] Level 1:colcon.colcon_core.shell:create_environment_hook('turtlesim_interfaces', 'cmake_prefix_path')
[9.494s] INFO:colcon.colcon_core.shell:Creating environment hook '/home/othmene/Turtlesim-Catch-Them-All-project/install/turtlesim_interfaces/share/turtlesim_interfaces/hook/cmake_prefix_path.ps1'
[9.494s] INFO:colcon.colcon_core.shell:Creating environment descriptor '/home/othmene/Turtlesim-Catch-Them-All-project/install/turtlesim_interfaces/share/turtlesim_interfaces/hook/cmake_prefix_path.dsv'
[9.495s] INFO:colcon.colcon_core.shell:Creating environment hook '/home/othmene/Turtlesim-Catch-Them-All-project/install/turtlesim_interfaces/share/turtlesim_interfaces/hook/cmake_prefix_path.sh'
[9.496s] Level 1:colcon.colcon_core.environment:checking '/home/othmene/Turtlesim-Catch-Them-All-project/install/turtlesim_interfaces/lib'
[9.496s] Level 1:colcon.colcon_core.shell:create_environment_hook('turtlesim_interfaces', 'ld_library_path_lib')
[9.515s] INFO:colcon.colcon_core.shell:Creating environment hook '/home/othmene/Turtlesim-Catch-Them-All-project/install/turtlesim_interfaces/share/turtlesim_interfaces/hook/ld_library_path_lib.ps1'
[9.515s] INFO:colcon.colcon_core.shell:Creating environment descriptor '/home/othmene/Turtlesim-Catch-Them-All-project/install/turtlesim_interfaces/share/turtlesim_interfaces/hook/ld_library_path_lib.dsv'
[9.516s] INFO:colcon.colcon_core.shell:Creating environment hook '/home/othmene/Turtlesim-Catch-Them-All-project/install/turtlesim_interfaces/share/turtlesim_interfaces/hook/ld_library_path_lib.sh'
[9.516s] Level 1:colcon.colcon_core.environment:checking '/home/othmene/Turtlesim-Catch-Them-All-project/install/turtlesim_interfaces/bin'
[9.516s] Level 1:colcon.colcon_core.environment:checking '/home/othmene/Turtlesim-Catch-Them-All-project/install/turtlesim_interfaces/lib/pkgconfig/turtlesim_interfaces.pc'
[9.517s] Level 1:colcon.colcon_core.environment:checking '/home/othmene/Turtlesim-Catch-Them-All-project/install/turtlesim_interfaces/lib/python3.10/site-packages'
[9.517s] Level 1:colcon.colcon_core.environment:checking '/home/othmene/Turtlesim-Catch-Them-All-project/install/turtlesim_interfaces/bin'
[9.537s] INFO:colcon.colcon_core.shell:Creating package script '/home/othmene/Turtlesim-Catch-Them-All-project/install/turtlesim_interfaces/share/turtlesim_interfaces/package.ps1'
[9.538s] INFO:colcon.colcon_core.shell:Creating package descriptor '/home/othmene/Turtlesim-Catch-Them-All-project/install/turtlesim_interfaces/share/turtlesim_interfaces/package.dsv'
[9.539s] INFO:colcon.colcon_core.shell:Creating package script '/home/othmene/Turtlesim-Catch-Them-All-project/install/turtlesim_interfaces/share/turtlesim_interfaces/package.sh'
[9.540s] INFO:colcon.colcon_core.shell:Creating package script '/home/othmene/Turtlesim-Catch-Them-All-project/install/turtlesim_interfaces/share/turtlesim_interfaces/package.bash'
[9.541s] INFO:colcon.colcon_core.shell:Creating package script '/home/othmene/Turtlesim-Catch-Them-All-project/install/turtlesim_interfaces/share/turtlesim_interfaces/package.zsh'
[9.541s] Level 1:colcon.colcon_core.environment:create_file_with_runtime_dependencies(/home/othmene/Turtlesim-Catch-Them-All-project/install/turtlesim_interfaces/share/colcon-core/packages/turtlesim_interfaces)
[9.722s] Level 1:colcon.colcon_core.environment:create_environment_scripts_only(turtlesim_interfaces)
[9.742s] Level 1:colcon.colcon_core.environment:checking '/home/othmene/Turtlesim-Catch-Them-All-project/install/turtlesim_interfaces' for CMake module files
[9.742s] Level 1:colcon.colcon_core.environment:checking '/home/othmene/Turtlesim-Catch-Them-All-project/install/turtlesim_interfaces' for CMake config files
[9.743s] Level 1:colcon.colcon_core.shell:create_environment_hook('turtlesim_interfaces', 'cmake_prefix_path')
[9.762s] INFO:colcon.colcon_core.shell:Creating environment hook '/home/othmene/Turtlesim-Catch-Them-All-project/install/turtlesim_interfaces/share/turtlesim_interfaces/hook/cmake_prefix_path.ps1'
[9.763s] INFO:colcon.colcon_core.shell:Creating environment descriptor '/home/othmene/Turtlesim-Catch-Them-All-project/install/turtlesim_interfaces/share/turtlesim_interfaces/hook/cmake_prefix_path.dsv'
[9.763s] INFO:colcon.colcon_core.shell:Creating environment hook '/home/othmene/Turtlesim-Catch-Them-All-project/install/turtlesim_interfaces/share/turtlesim_interfaces/hook/cmake_prefix_path.sh'
[9.764s] Level 1:colcon.colcon_core.environment:checking '/home/othmene/Turtlesim-Catch-Them-All-project/install/turtlesim_interfaces/lib'
[9.764s] Level 1:colcon.colcon_core.shell:create_environment_hook('turtlesim_interfaces', 'ld_library_path_lib')
[9.781s] INFO:colcon.colcon_core.shell:Creating environment hook '/home/othmene/Turtlesim-Catch-Them-All-project/install/turtlesim_interfaces/share/turtlesim_interfaces/hook/ld_library_path_lib.ps1'
[9.782s] INFO:colcon.colcon_core.shell:Creating environment descriptor '/home/othmene/Turtlesim-Catch-Them-All-project/install/turtlesim_interfaces/share/turtlesim_interfaces/hook/ld_library_path_lib.dsv'
[9.782s] INFO:colcon.colcon_core.shell:Creating environment hook '/home/othmene/Turtlesim-Catch-Them-All-project/install/turtlesim_interfaces/share/turtlesim_interfaces/hook/ld_library_path_lib.sh'
[9.783s] Level 1:colcon.colcon_core.environment:checking '/home/othmene/Turtlesim-Catch-Them-All-project/install/turtlesim_interfaces/bin'
[9.783s] Level 1:colcon.colcon_core.environment:checking '/home/othmene/Turtlesim-Catch-Them-All-project/install/turtlesim_interfaces/lib/pkgconfig/turtlesim_interfaces.pc'
[9.783s] Level 1:colcon.colcon_core.environment:checking '/home/othmene/Turtlesim-Catch-Them-All-project/install/turtlesim_interfaces/lib/python3.10/site-packages'
[9.784s] Level 1:colcon.colcon_core.environment:checking '/home/othmene/Turtlesim-Catch-Them-All-project/install/turtlesim_interfaces/bin'
[9.802s] INFO:colcon.colcon_core.shell:Creating package script '/home/othmene/Turtlesim-Catch-Them-All-project/install/turtlesim_interfaces/share/turtlesim_interfaces/package.ps1'
[9.803s] INFO:colcon.colcon_core.shell:Creating package descriptor '/home/othmene/Turtlesim-Catch-Them-All-project/install/turtlesim_interfaces/share/turtlesim_interfaces/package.dsv'
[9.804s] INFO:colcon.colcon_core.shell:Creating package script '/home/othmene/Turtlesim-Catch-Them-All-project/install/turtlesim_interfaces/share/turtlesim_interfaces/package.sh'
[9.805s] INFO:colcon.colcon_core.shell:Creating package script '/home/othmene/Turtlesim-Catch-Them-All-project/install/turtlesim_interfaces/share/turtlesim_interfaces/package.bash'
[9.806s] INFO:colcon.colcon_core.shell:Creating package script '/home/othmene/Turtlesim-Catch-Them-All-project/install/turtlesim_interfaces/share/turtlesim_interfaces/package.zsh'
[9.806s] Level 1:colcon.colcon_core.environment:create_file_with_runtime_dependencies(/home/othmene/Turtlesim-Catch-Them-All-project/install/turtlesim_interfaces/share/colcon-core/packages/turtlesim_interfaces)
[9.807s] INFO:colcon.colcon_ros.task.ament_python.build:Building ROS package in '/home/othmene/Turtlesim-Catch-Them-All-project/src/turtlesim_catch_them_all' with build type 'ament_python'
[9.808s] Level 1:colcon.colcon_core.shell:create_environment_hook('turtlesim_catch_them_all', 'ament_prefix_path')
[9.827s] INFO:colcon.colcon_core.shell:Creating environment hook '/home/othmene/Turtlesim-Catch-Them-All-project/install/turtlesim_catch_them_all/share/turtlesim_catch_them_all/hook/ament_prefix_path.ps1'
[9.827s] INFO:colcon.colcon_core.shell:Creating environment descriptor '/home/othmene/Turtlesim-Catch-Them-All-project/install/turtlesim_catch_them_all/share/turtlesim_catch_them_all/hook/ament_prefix_path.dsv'
[9.828s] INFO:colcon.colcon_core.shell:Creating environment hook '/home/othmene/Turtlesim-Catch-Them-All-project/install/turtlesim_catch_them_all/share/turtlesim_catch_them_all/hook/ament_prefix_path.sh'
[9.850s] INFO:colcon.colcon_core.shell:Skip shell extension 'powershell' for command environment: Not usable outside of PowerShell
[9.850s] DEBUG:colcon.colcon_core.shell:Skip shell extension 'dsv' for command environment
[10.345s] INFO:colcon.colcon_core.task.python.build:Building Python package in '/home/othmene/Turtlesim-Catch-Them-All-project/src/turtlesim_catch_them_all'
[10.370s] INFO:colcon.colcon_core.shell:Skip shell extension 'powershell' for command environment: Not usable outside of PowerShell
[10.370s] DEBUG:colcon.colcon_core.shell:Skip shell extension 'dsv' for command environment
[11.017s] DEBUG:colcon.colcon_core.event_handler.log_command:Invoking command in '/home/othmene/Turtlesim-Catch-Them-All-project/src/turtlesim_catch_them_all': PYTHONPATH=/home/othmene/Turtlesim-Catch-Them-All-project/build/turtlesim_catch_them_all/prefix_override:/home/othmene/Turtlesim-Catch-Them-All-project/install/turtlesim_catch_them_all/lib/python3.10/site-packages:${PYTHONPATH} /usr/bin/python3 setup.py egg_info --egg-base ../../build/turtlesim_catch_them_all build --build-base /home/othmene/Turtlesim-Catch-Them-All-project/build/turtlesim_catch_them_all/build install --record /home/othmene/Turtlesim-Catch-Them-All-project/build/turtlesim_catch_them_all/install.log --single-version-externally-managed
[11.460s] DEBUG:colcon.colcon_core.event_handler.log_command:Invoked command in '/home/othmene/Turtlesim-Catch-Them-All-project/src/turtlesim_catch_them_all' returned '0': PYTHONPATH=/home/othmene/Turtlesim-Catch-Them-All-project/build/turtlesim_catch_them_all/prefix_override:/home/othmene/Turtlesim-Catch-Them-All-project/install/turtlesim_catch_them_all/lib/python3.10/site-packages:${PYTHONPATH} /usr/bin/python3 setup.py egg_info --egg-base ../../build/turtlesim_catch_them_all build --build-base /home/othmene/Turtlesim-Catch-Them-All-project/build/turtlesim_catch_them_all/build install --record /home/othmene/Turtlesim-Catch-Them-All-project/build/turtlesim_catch_them_all/install.log --single-version-externally-managed
[11.480s] Level 1:colcon.colcon_core.environment:checking '/home/othmene/Turtlesim-Catch-Them-All-project/install/turtlesim_catch_them_all' for CMake module files
[11.480s] Level 1:colcon.colcon_core.environment:checking '/home/othmene/Turtlesim-Catch-Them-All-project/install/turtlesim_catch_them_all' for CMake config files
[11.481s] Level 1:colcon.colcon_core.environment:checking '/home/othmene/Turtlesim-Catch-Them-All-project/install/turtlesim_catch_them_all/lib'
[11.481s] Level 1:colcon.colcon_core.environment:checking '/home/othmene/Turtlesim-Catch-Them-All-project/install/turtlesim_catch_them_all/bin'
[11.481s] Level 1:colcon.colcon_core.environment:checking '/home/othmene/Turtlesim-Catch-Them-All-project/install/turtlesim_catch_them_all/lib/pkgconfig/turtlesim_catch_them_all.pc'
[11.481s] Level 1:colcon.colcon_core.environment:checking '/home/othmene/Turtlesim-Catch-Them-All-project/install/turtlesim_catch_them_all/lib/python3.10/site-packages'
[11.481s] Level 1:colcon.colcon_core.shell:create_environment_hook('turtlesim_catch_them_all', 'pythonpath')
[11.502s] INFO:colcon.colcon_core.shell:Creating environment hook '/home/othmene/Turtlesim-Catch-Them-All-project/install/turtlesim_catch_them_all/share/turtlesim_catch_them_all/hook/pythonpath.ps1'
[11.503s] INFO:colcon.colcon_core.shell:Creating environment descriptor '/home/othmene/Turtlesim-Catch-Them-All-project/install/turtlesim_catch_them_all/share/turtlesim_catch_them_all/hook/pythonpath.dsv'
[11.504s] INFO:colcon.colcon_core.shell:Creating environment hook '/home/othmene/Turtlesim-Catch-Them-All-project/install/turtlesim_catch_them_all/share/turtlesim_catch_them_all/hook/pythonpath.sh'
[11.505s] Level 1:colcon.colcon_core.environment:checking '/home/othmene/Turtlesim-Catch-Them-All-project/install/turtlesim_catch_them_all/bin'
[11.505s] Level 1:colcon.colcon_core.environment:create_environment_scripts_only(turtlesim_catch_them_all)
[11.524s] INFO:colcon.colcon_core.shell:Creating package script '/home/othmene/Turtlesim-Catch-Them-All-project/install/turtlesim_catch_them_all/share/turtlesim_catch_them_all/package.ps1'
[11.525s] INFO:colcon.colcon_core.shell:Creating package descriptor '/home/othmene/Turtlesim-Catch-Them-All-project/install/turtlesim_catch_them_all/share/turtlesim_catch_them_all/package.dsv'
[11.525s] INFO:colcon.colcon_core.shell:Creating package script '/home/othmene/Turtlesim-Catch-Them-All-project/install/turtlesim_catch_them_all/share/turtlesim_catch_them_all/package.sh'
[11.526s] INFO:colcon.colcon_core.shell:Creating package script '/home/othmene/Turtlesim-Catch-Them-All-project/install/turtlesim_catch_them_all/share/turtlesim_catch_them_all/package.bash'
[11.526s] INFO:colcon.colcon_core.shell:Creating package script '/home/othmene/Turtlesim-Catch-Them-All-project/install/turtlesim_catch_them_all/share/turtlesim_catch_them_all/package.zsh'
[11.527s] Level 1:colcon.colcon_core.environment:create_file_with_runtime_dependencies(/home/othmene/Turtlesim-Catch-Them-All-project/install/turtlesim_catch_them_all/share/colcon-core/packages/turtlesim_catch_them_all)
[11.528s] DEBUG:colcon.colcon_parallel_executor.executor.parallel:closing loop
[11.528s] DEBUG:colcon.colcon_parallel_executor.executor.parallel:loop closed
[11.528s] DEBUG:colcon.colcon_parallel_executor.executor.parallel:run_until_complete finished with '0'
[11.528s] DEBUG:colcon.colcon_core.event_reactor:joining thread
[11.565s] INFO:colcon.colcon_core.plugin_system:Skipping extension 'colcon_notification.desktop_notification.terminal_notifier': Not used on non-Darwin systems
[11.565s] INFO:colcon.colcon_core.plugin_system:Skipping extension 'colcon_notification.desktop_notification.win32': Not used on non-Windows systems
[11.565s] INFO:colcon.colcon_notification.desktop_notification:Sending desktop notification using 'notify2'
[11.584s] DEBUG:colcon.colcon_core.event_reactor:joined thread
[11.605s] INFO:colcon.colcon_core.shell:Creating prefix script '/home/othmene/Turtlesim-Catch-Them-All-project/install/local_setup.ps1'
[11.606s] INFO:colcon.colcon_core.shell:Creating prefix util module '/home/othmene/Turtlesim-Catch-Them-All-project/install/_local_setup_util_ps1.py'
[11.608s] INFO:colcon.colcon_core.shell:Creating prefix chain script '/home/othmene/Turtlesim-Catch-Them-All-project/install/setup.ps1'
[11.629s] INFO:colcon.colcon_core.shell:Creating prefix script '/home/othmene/Turtlesim-Catch-Them-All-project/install/local_setup.sh'
[11.630s] INFO:colcon.colcon_core.shell:Creating prefix util module '/home/othmene/Turtlesim-Catch-Them-All-project/install/_local_setup_util_sh.py'
[11.631s] INFO:colcon.colcon_core.shell:Creating prefix chain script '/home/othmene/Turtlesim-Catch-Them-All-project/install/setup.sh'
[11.653s] INFO:colcon.colcon_core.shell:Creating prefix script '/home/othmene/Turtlesim-Catch-Them-All-project/install/local_setup.bash'
[11.656s] INFO:colcon.colcon_core.shell:Creating prefix chain script '/home/othmene/Turtlesim-Catch-Them-All-project/install/setup.bash'
[11.676s] INFO:colcon.colcon_core.shell:Creating prefix script '/home/othmene/Turtlesim-Catch-Them-All-project/install/local_setup.zsh'
[11.677s] INFO:colcon.colcon_core.shell:Creating prefix chain script '/home/othmene/Turtlesim-Catch-Them-All-project/install/setup.zsh'
