[1.403s] DEBUG:colcon:Command line arguments: ['/usr/bin/colcon', 'build']
[1.403s] DEBUG:colcon:Parsed command line arguments: Namespace(log_base=None, log_level=None, verb_name='build', build_base='build', install_base='install', merge_install=False, symlink_install=False, test_result_base=None, continue_on_error=False, executor='parallel', parallel_workers=4, event_handlers=None, ignore_user_meta=False, metas=['./colcon.meta'], base_paths=['.'], packages_ignore=None, packages_ignore_regex=None, paths=None, packages_up_to=None, packages_up_to_regex=None, packages_above=None, packages_above_and_dependencies=None, packages_above_depth=None, packages_select_by_dep=None, packages_skip_by_dep=None, packages_skip_up_to=None, packages_select_build_failed=False, packages_skip_build_finished=False, packages_select_test_failures=False, packages_skip_test_passed=False, packages_select=None, packages_skip=None, packages_select_regex=None, packages_skip_regex=None, packages_start=None, packages_end=None, allow_overriding=[], cmake_args=None, cmake_target=None, cmake_target_skip_unavailable=False, cmake_clean_cache=False, cmake_clean_first=False, cmake_force_configure=False, ament_cmake_args=None, catkin_cmake_args=None, catkin_skip_building_tests=False, verb_parser=<colcon_defaults.argument_parser.defaults.DefaultArgumentsDecorator object at 0x7af8b24c2aa0>, verb_extension=<colcon_core.verb.build.BuildVerb object at 0x7af8b24c01c0>, main=<bound method BuildVerb.main of <colcon_core.verb.build.BuildVerb object at 0x7af8b24c01c0>>)
[1.466s] Level 1:colcon.colcon_core.package_discovery:discover_packages(colcon_meta) check parameters
[1.467s] Level 1:colcon.colcon_core.package_discovery:discover_packages(recursive) check parameters
[1.467s] Level 1:colcon.colcon_core.package_discovery:discover_packages(ignore) check parameters
[1.467s] Level 1:colcon.colcon_core.package_discovery:discover_packages(path) check parameters
[1.467s] Level 1:colcon.colcon_core.package_discovery:discover_packages(colcon_meta) discover
[1.467s] Level 1:colcon.colcon_core.package_discovery:discover_packages(recursive) discover
[1.467s] INFO:colcon.colcon_core.package_discovery:Crawling recursively for packages in '/home/othmene/Turtlesim-Catch-Them-All-project'
[1.467s] Level 1:colcon.colcon_core.package_identification:_identify(.) by extensions ['ignore', 'ignore_ament_install']
[1.467s] Level 1:colcon.colcon_core.package_identification:_identify(.) by extension 'ignore'
[1.467s] Level 1:colcon.colcon_core.package_identification:_identify(.) by extension 'ignore_ament_install'
[1.467s] Level 1:colcon.colcon_core.package_identification:_identify(.) by extensions ['colcon_pkg']
[1.467s] Level 1:colcon.colcon_core.package_identification:_identify(.) by extension 'colcon_pkg'
[1.467s] Level 1:colcon.colcon_core.package_identification:_identify(.) by extensions ['colcon_meta']
[1.467s] Level 1:colcon.colcon_core.package_identification:_identify(.) by extension 'colcon_meta'
[1.467s] Level 1:colcon.colcon_core.package_identification:_identify(.) by extensions ['ros']
[1.467s] Level 1:colcon.colcon_core.package_identification:_identify(.) by extension 'ros'
[1.481s] Level 1:colcon.colcon_core.package_identification:_identify(.) by extensions ['cmake', 'python']
[1.481s] Level 1:colcon.colcon_core.package_identification:_identify(.) by extension 'cmake'
[1.481s] Level 1:colcon.colcon_core.package_identification:_identify(.) by extension 'python'
[1.481s] Level 1:colcon.colcon_core.package_identification:_identify(.) by extensions ['python_setup_py']
[1.481s] Level 1:colcon.colcon_core.package_identification:_identify(.) by extension 'python_setup_py'
[1.481s] Level 1:colcon.colcon_core.package_identification:_identify(build) by extensions ['ignore', 'ignore_ament_install']
[1.481s] Level 1:colcon.colcon_core.package_identification:_identify(build) by extension 'ignore'
[1.481s] Level 1:colcon.colcon_core.package_identification:_identify(build) ignored
[1.481s] Level 1:colcon.colcon_core.package_identification:_identify(install) by extensions ['ignore', 'ignore_ament_install']
[1.481s] Level 1:colcon.colcon_core.package_identification:_identify(install) by extension 'ignore'
[1.482s] Level 1:colcon.colcon_core.package_identification:_identify(install) ignored
[1.482s] Level 1:colcon.colcon_core.package_identification:_identify(log) by extensions ['ignore', 'ignore_ament_install']
[1.482s] Level 1:colcon.colcon_core.package_identification:_identify(log) by extension 'ignore'
[1.482s] Level 1:colcon.colcon_core.package_identification:_identify(log) ignored
[1.482s] Level 1:colcon.colcon_core.package_identification:_identify(src) by extensions ['ignore', 'ignore_ament_install']
[1.482s] Level 1:colcon.colcon_core.package_identification:_identify(src) by extension 'ignore'
[1.482s] Level 1:colcon.colcon_core.package_identification:_identify(src) by extension 'ignore_ament_install'
[1.482s] Level 1:colcon.colcon_core.package_identification:_identify(src) by extensions ['colcon_pkg']
[1.482s] Level 1:colcon.colcon_core.package_identification:_identify(src) by extension 'colcon_pkg'
[1.482s] Level 1:colcon.colcon_core.package_identification:_identify(src) by extensions ['colcon_meta']
[1.482s] Level 1:colcon.colcon_core.package_identification:_identify(src) by extension 'colcon_meta'
[1.482s] Level 1:colcon.colcon_core.package_identification:_identify(src) by extensions ['ros']
[1.482s] Level 1:colcon.colcon_core.package_identification:_identify(src) by extension 'ros'
[1.482s] Level 1:colcon.colcon_core.package_identification:_identify(src) by extensions ['cmake', 'python']
[1.482s] Level 1:colcon.colcon_core.package_identification:_identify(src) by extension 'cmake'
[1.482s] Level 1:colcon.colcon_core.package_identification:_identify(src) by extension 'python'
[1.482s] Level 1:colcon.colcon_core.package_identification:_identify(src) by extensions ['python_setup_py']
[1.482s] Level 1:colcon.colcon_core.package_identification:_identify(src) by extension 'python_setup_py'
[1.483s] Level 1:colcon.colcon_core.package_identification:_identify(src/build) by extensions ['ignore', 'ignore_ament_install']
[1.483s] Level 1:colcon.colcon_core.package_identification:_identify(src/build) by extension 'ignore'
[1.483s] Level 1:colcon.colcon_core.package_identification:_identify(src/build) ignored
[1.483s] Level 1:colcon.colcon_core.package_identification:_identify(src/install) by extensions ['ignore', 'ignore_ament_install']
[1.483s] Level 1:colcon.colcon_core.package_identification:_identify(src/install) by extension 'ignore'
[1.483s] Level 1:colcon.colcon_core.package_identification:_identify(src/install) ignored
[1.483s] Level 1:colcon.colcon_core.package_identification:_identify(src/log) by extensions ['ignore', 'ignore_ament_install']
[1.483s] Level 1:colcon.colcon_core.package_identification:_identify(src/log) by extension 'ignore'
[1.483s] Level 1:colcon.colcon_core.package_identification:_identify(src/log) ignored
[1.483s] Level 1:colcon.colcon_core.package_identification:_identify(src/turtlesim_bringup) by extensions ['ignore', 'ignore_ament_install']
[1.483s] Level 1:colcon.colcon_core.package_identification:_identify(src/turtlesim_bringup) by extension 'ignore'
[1.483s] Level 1:colcon.colcon_core.package_identification:_identify(src/turtlesim_bringup) by extension 'ignore_ament_install'
[1.483s] Level 1:colcon.colcon_core.package_identification:_identify(src/turtlesim_bringup) by extensions ['colcon_pkg']
[1.483s] Level 1:colcon.colcon_core.package_identification:_identify(src/turtlesim_bringup) by extension 'colcon_pkg'
[1.484s] Level 1:colcon.colcon_core.package_identification:_identify(src/turtlesim_bringup) by extensions ['colcon_meta']
[1.484s] Level 1:colcon.colcon_core.package_identification:_identify(src/turtlesim_bringup) by extension 'colcon_meta'
[1.484s] Level 1:colcon.colcon_core.package_identification:_identify(src/turtlesim_bringup) by extensions ['ros']
[1.484s] Level 1:colcon.colcon_core.package_identification:_identify(src/turtlesim_bringup) by extension 'ros'
[1.486s] DEBUG:colcon.colcon_core.package_identification:Package 'src/turtlesim_bringup' with type 'ros.ament_cmake' and name 'turtlesim_bringup'
[1.487s] Level 1:colcon.colcon_core.package_identification:_identify(src/turtlesim_catch_them_all) by extensions ['ignore', 'ignore_ament_install']
[1.487s] Level 1:colcon.colcon_core.package_identification:_identify(src/turtlesim_catch_them_all) by extension 'ignore'
[1.487s] Level 1:colcon.colcon_core.package_identification:_identify(src/turtlesim_catch_them_all) by extension 'ignore_ament_install'
[1.487s] Level 1:colcon.colcon_core.package_identification:_identify(src/turtlesim_catch_them_all) by extensions ['colcon_pkg']
[1.487s] Level 1:colcon.colcon_core.package_identification:_identify(src/turtlesim_catch_them_all) by extension 'colcon_pkg'
[1.487s] Level 1:colcon.colcon_core.package_identification:_identify(src/turtlesim_catch_them_all) by extensions ['colcon_meta']
[1.487s] Level 1:colcon.colcon_core.package_identification:_identify(src/turtlesim_catch_them_all) by extension 'colcon_meta'
[1.487s] Level 1:colcon.colcon_core.package_identification:_identify(src/turtlesim_catch_them_all) by extensions ['ros']
[1.487s] Level 1:colcon.colcon_core.package_identification:_identify(src/turtlesim_catch_them_all) by extension 'ros'
[1.488s] DEBUG:colcon.colcon_core.package_identification:Package 'src/turtlesim_catch_them_all' with type 'ros.ament_python' and name 'turtlesim_catch_them_all'
[1.488s] Level 1:colcon.colcon_core.package_identification:_identify(src/turtlesim_interfaces) by extensions ['ignore', 'ignore_ament_install']
[1.488s] Level 1:colcon.colcon_core.package_identification:_identify(src/turtlesim_interfaces) by extension 'ignore'
[1.488s] Level 1:colcon.colcon_core.package_identification:_identify(src/turtlesim_interfaces) by extension 'ignore_ament_install'
[1.488s] Level 1:colcon.colcon_core.package_identification:_identify(src/turtlesim_interfaces) by extensions ['colcon_pkg']
[1.488s] Level 1:colcon.colcon_core.package_identification:_identify(src/turtlesim_interfaces) by extension 'colcon_pkg'
[1.488s] Level 1:colcon.colcon_core.package_identification:_identify(src/turtlesim_interfaces) by extensions ['colcon_meta']
[1.488s] Level 1:colcon.colcon_core.package_identification:_identify(src/turtlesim_interfaces) by extension 'colcon_meta'
[1.489s] Level 1:colcon.colcon_core.package_identification:_identify(src/turtlesim_interfaces) by extensions ['ros']
[1.489s] Level 1:colcon.colcon_core.package_identification:_identify(src/turtlesim_interfaces) by extension 'ros'
[1.489s] DEBUG:colcon.colcon_core.package_identification:Package 'src/turtlesim_interfaces' with type 'ros.ament_cmake' and name 'turtlesim_interfaces'
[1.489s] Level 1:colcon.colcon_core.package_discovery:discover_packages(recursive) using defaults
[1.489s] Level 1:colcon.colcon_core.package_discovery:discover_packages(ignore) discover
[1.489s] Level 1:colcon.colcon_core.package_discovery:discover_packages(ignore) using defaults
[1.489s] Level 1:colcon.colcon_core.package_discovery:discover_packages(path) discover
[1.489s] Level 1:colcon.colcon_core.package_discovery:discover_packages(path) using defaults
[1.599s] Level 1:colcon.colcon_core.package_discovery:discover_packages(prefix_path) check parameters
[1.599s] Level 1:colcon.colcon_core.package_discovery:discover_packages(prefix_path) discover
[1.637s] DEBUG:colcon.colcon_installed_package_information.package_discovery:Found 3 installed packages in /home/othmene/Turtlesim-Catch-Them-All-project/install
[1.656s] DEBUG:colcon.colcon_installed_package_information.package_discovery:Found 328 installed packages in /opt/ros/humble
[1.658s] Level 1:colcon.colcon_core.package_discovery:discover_packages(prefix_path) using defaults
[1.787s] Level 5:colcon.colcon_core.verb:set package 'turtlesim_bringup' build argument 'cmake_args' from command line to 'None'
[1.787s] Level 5:colcon.colcon_core.verb:set package 'turtlesim_bringup' build argument 'cmake_target' from command line to 'None'
[1.787s] Level 5:colcon.colcon_core.verb:set package 'turtlesim_bringup' build argument 'cmake_target_skip_unavailable' from command line to 'False'
[1.787s] Level 5:colcon.colcon_core.verb:set package 'turtlesim_bringup' build argument 'cmake_clean_cache' from command line to 'False'
[1.787s] Level 5:colcon.colcon_core.verb:set package 'turtlesim_bringup' build argument 'cmake_clean_first' from command line to 'False'
[1.787s] Level 5:colcon.colcon_core.verb:set package 'turtlesim_bringup' build argument 'cmake_force_configure' from command line to 'False'
[1.787s] Level 5:colcon.colcon_core.verb:set package 'turtlesim_bringup' build argument 'ament_cmake_args' from command line to 'None'
[1.787s] Level 5:colcon.colcon_core.verb:set package 'turtlesim_bringup' build argument 'catkin_cmake_args' from command line to 'None'
[1.787s] Level 5:colcon.colcon_core.verb:set package 'turtlesim_bringup' build argument 'catkin_skip_building_tests' from command line to 'False'
[1.787s] DEBUG:colcon.colcon_core.verb:Building package 'turtlesim_bringup' with the following arguments: {'ament_cmake_args': None, 'build_base': '/home/othmene/Turtlesim-Catch-Them-All-project/build/turtlesim_bringup', 'catkin_cmake_args': None, 'catkin_skip_building_tests': False, 'cmake_args': None, 'cmake_clean_cache': False, 'cmake_clean_first': False, 'cmake_force_configure': False, 'cmake_target': None, 'cmake_target_skip_unavailable': False, 'install_base': '/home/othmene/Turtlesim-Catch-Them-All-project/install/turtlesim_bringup', 'merge_install': False, 'path': '/home/othmene/Turtlesim-Catch-Them-All-project/src/turtlesim_bringup', 'symlink_install': False, 'test_result_base': None}
[1.807s] Level 5:colcon.colcon_core.verb:set package 'turtlesim_interfaces' build argument 'cmake_args' from command line to 'None'
[1.807s] Level 5:colcon.colcon_core.verb:set package 'turtlesim_interfaces' build argument 'cmake_target' from command line to 'None'
[1.807s] Level 5:colcon.colcon_core.verb:set package 'turtlesim_interfaces' build argument 'cmake_target_skip_unavailable' from command line to 'False'
[1.808s] Level 5:colcon.colcon_core.verb:set package 'turtlesim_interfaces' build argument 'cmake_clean_cache' from command line to 'False'
[1.808s] Level 5:colcon.colcon_core.verb:set package 'turtlesim_interfaces' build argument 'cmake_clean_first' from command line to 'False'
[1.808s] Level 5:colcon.colcon_core.verb:set package 'turtlesim_interfaces' build argument 'cmake_force_configure' from command line to 'False'
[1.808s] Level 5:colcon.colcon_core.verb:set package 'turtlesim_interfaces' build argument 'ament_cmake_args' from command line to 'None'
[1.808s] Level 5:colcon.colcon_core.verb:set package 'turtlesim_interfaces' build argument 'catkin_cmake_args' from command line to 'None'
[1.808s] Level 5:colcon.colcon_core.verb:set package 'turtlesim_interfaces' build argument 'catkin_skip_building_tests' from command line to 'False'
[1.808s] DEBUG:colcon.colcon_core.verb:Building package 'turtlesim_interfaces' with the following arguments: {'ament_cmake_args': None, 'build_base': '/home/othmene/Turtlesim-Catch-Them-All-project/build/turtlesim_interfaces', 'catkin_cmake_args': None, 'catkin_skip_building_tests': False, 'cmake_args': None, 'cmake_clean_cache': False, 'cmake_clean_first': False, 'cmake_force_configure': False, 'cmake_target': None, 'cmake_target_skip_unavailable': False, 'install_base': '/home/othmene/Turtlesim-Catch-Them-All-project/install/turtlesim_interfaces', 'merge_install': False, 'path': '/home/othmene/Turtlesim-Catch-Them-All-project/src/turtlesim_interfaces', 'symlink_install': False, 'test_result_base': None}
[1.826s] Level 5:colcon.colcon_core.verb:set package 'turtlesim_catch_them_all' build argument 'cmake_args' from command line to 'None'
[1.826s] Level 5:colcon.colcon_core.verb:set package 'turtlesim_catch_them_all' build argument 'cmake_target' from command line to 'None'
[1.827s] Level 5:colcon.colcon_core.verb:set package 'turtlesim_catch_them_all' build argument 'cmake_target_skip_unavailable' from command line to 'False'
[1.827s] Level 5:colcon.colcon_core.verb:set package 'turtlesim_catch_them_all' build argument 'cmake_clean_cache' from command line to 'False'
[1.827s] Level 5:colcon.colcon_core.verb:set package 'turtlesim_catch_them_all' build argument 'cmake_clean_first' from command line to 'False'
[1.827s] Level 5:colcon.colcon_core.verb:set package 'turtlesim_catch_them_all' build argument 'cmake_force_configure' from command line to 'False'
[1.827s] Level 5:colcon.colcon_core.verb:set package 'turtlesim_catch_them_all' build argument 'ament_cmake_args' from command line to 'None'
[1.827s] Level 5:colcon.colcon_core.verb:set package 'turtlesim_catch_them_all' build argument 'catkin_cmake_args' from command line to 'None'
[1.827s] Level 5:colcon.colcon_core.verb:set package 'turtlesim_catch_them_all' build argument 'catkin_skip_building_tests' from command line to 'False'
[1.827s] DEBUG:colcon.colcon_core.verb:Building package 'turtlesim_catch_them_all' with the following arguments: {'ament_cmake_args': None, 'build_base': '/home/othmene/Turtlesim-Catch-Them-All-project/build/turtlesim_catch_them_all', 'catkin_cmake_args': None, 'catkin_skip_building_tests': False, 'cmake_args': None, 'cmake_clean_cache': False, 'cmake_clean_first': False, 'cmake_force_configure': False, 'cmake_target': None, 'cmake_target_skip_unavailable': False, 'install_base': '/home/othmene/Turtlesim-Catch-Them-All-project/install/turtlesim_catch_them_all', 'merge_install': False, 'path': '/home/othmene/Turtlesim-Catch-Them-All-project/src/turtlesim_catch_them_all', 'symlink_install': False, 'test_result_base': None}
[1.845s] INFO:colcon.colcon_core.executor:Executing jobs using 'parallel' executor
[1.864s] DEBUG:colcon.colcon_parallel_executor.executor.parallel:run_until_complete
[1.865s] INFO:colcon.colcon_ros.task.ament_cmake.build:Building ROS package in '/home/othmene/Turtlesim-Catch-Them-All-project/src/turtlesim_interfaces' with build type 'ament_cmake'
[1.865s] INFO:colcon.colcon_cmake.task.cmake.build:Building CMake package in '/home/othmene/Turtlesim-Catch-Them-All-project/src/turtlesim_interfaces'
[1.889s] INFO:colcon.colcon_core.plugin_system:Skipping extension 'colcon_core.shell.bat': Not used on non-Windows systems
[1.889s] INFO:colcon.colcon_core.shell:Skip shell extension 'powershell' for command environment: Not usable outside of PowerShell
[1.889s] DEBUG:colcon.colcon_core.shell:Skip shell extension 'dsv' for command environment
[1.966s] INFO:colcon.colcon_ros.task.ament_cmake.build:Building ROS package in '/home/othmene/Turtlesim-Catch-Them-All-project/src/turtlesim_bringup' with build type 'ament_cmake'
[1.967s] INFO:colcon.colcon_cmake.task.cmake.build:Building CMake package in '/home/othmene/Turtlesim-Catch-Them-All-project/src/turtlesim_bringup'
[1.991s] INFO:colcon.colcon_core.shell:Skip shell extension 'powershell' for command environment: Not usable outside of PowerShell
[1.991s] DEBUG:colcon.colcon_core.shell:Skip shell extension 'dsv' for command environment
[2.088s] DEBUG:colcon.colcon_core.event_handler.log_command:Invoking command in '/home/othmene/Turtlesim-Catch-Them-All-project/build/turtlesim_interfaces': CMAKE_PREFIX_PATH=${CMAKE_PREFIX_PATH}:/home/othmene/Turtlesim-Catch-Them-All-project/install/turtlesim_catch_them_all:/opt/ros/humble /usr/bin/cmake --build /home/othmene/Turtlesim-Catch-Them-All-project/build/turtlesim_interfaces -- -j4 -l4
[2.096s] DEBUG:colcon.colcon_core.event_handler.log_command:Invoking command in '/home/othmene/Turtlesim-Catch-Them-All-project/build/turtlesim_bringup': CMAKE_PREFIX_PATH=${CMAKE_PREFIX_PATH}:/home/othmene/Turtlesim-Catch-Them-All-project/install/turtlesim_catch_them_all:/opt/ros/humble /usr/bin/cmake --build /home/othmene/Turtlesim-Catch-Them-All-project/build/turtlesim_bringup -- -j4 -l4
[2.172s] DEBUG:colcon.colcon_core.event_handler.log_command:Invoked command in '/home/othmene/Turtlesim-Catch-Them-All-project/build/turtlesim_bringup' returned '0': CMAKE_PREFIX_PATH=${CMAKE_PREFIX_PATH}:/home/othmene/Turtlesim-Catch-Them-All-project/install/turtlesim_catch_them_all:/opt/ros/humble /usr/bin/cmake --build /home/othmene/Turtlesim-Catch-Them-All-project/build/turtlesim_bringup -- -j4 -l4
[2.268s] DEBUG:colcon.colcon_core.event_handler.log_command:Invoking command in '/home/othmene/Turtlesim-Catch-Them-All-project/build/turtlesim_bringup': CMAKE_PREFIX_PATH=${CMAKE_PREFIX_PATH}:/home/othmene/Turtlesim-Catch-Them-All-project/install/turtlesim_catch_them_all:/opt/ros/humble /usr/bin/cmake --install /home/othmene/Turtlesim-Catch-Them-All-project/build/turtlesim_bringup
[2.287s] Level 1:colcon.colcon_core.environment:create_environment_scripts_only(turtlesim_bringup)
[2.288s] DEBUG:colcon.colcon_core.event_handler.log_command:Invoked command in '/home/othmene/Turtlesim-Catch-Them-All-project/build/turtlesim_bringup' returned '0': CMAKE_PREFIX_PATH=${CMAKE_PREFIX_PATH}:/home/othmene/Turtlesim-Catch-Them-All-project/install/turtlesim_catch_them_all:/opt/ros/humble /usr/bin/cmake --install /home/othmene/Turtlesim-Catch-Them-All-project/build/turtlesim_bringup
[2.312s] Level 1:colcon.colcon_core.environment:checking '/home/othmene/Turtlesim-Catch-Them-All-project/install/turtlesim_bringup' for CMake module files
[2.313s] Level 1:colcon.colcon_core.environment:checking '/home/othmene/Turtlesim-Catch-Them-All-project/install/turtlesim_bringup' for CMake config files
[2.314s] Level 1:colcon.colcon_core.shell:create_environment_hook('turtlesim_bringup', 'cmake_prefix_path')
[2.350s] INFO:colcon.colcon_core.shell:Creating environment hook '/home/othmene/Turtlesim-Catch-Them-All-project/install/turtlesim_bringup/share/turtlesim_bringup/hook/cmake_prefix_path.ps1'
[2.353s] INFO:colcon.colcon_core.shell:Creating environment descriptor '/home/othmene/Turtlesim-Catch-Them-All-project/install/turtlesim_bringup/share/turtlesim_bringup/hook/cmake_prefix_path.dsv'
[2.354s] INFO:colcon.colcon_core.shell:Creating environment hook '/home/othmene/Turtlesim-Catch-Them-All-project/install/turtlesim_bringup/share/turtlesim_bringup/hook/cmake_prefix_path.sh'
[2.356s] Level 1:colcon.colcon_core.environment:checking '/home/othmene/Turtlesim-Catch-Them-All-project/install/turtlesim_bringup/bin'
[2.356s] Level 1:colcon.colcon_core.environment:checking '/home/othmene/Turtlesim-Catch-Them-All-project/install/turtlesim_bringup/lib/pkgconfig/turtlesim_bringup.pc'
[2.357s] Level 1:colcon.colcon_core.environment:checking '/home/othmene/Turtlesim-Catch-Them-All-project/install/turtlesim_bringup/lib/python3.10/site-packages'
[2.357s] Level 1:colcon.colcon_core.environment:checking '/home/othmene/Turtlesim-Catch-Them-All-project/install/turtlesim_bringup/bin'
[2.384s] INFO:colcon.colcon_core.shell:Creating package script '/home/othmene/Turtlesim-Catch-Them-All-project/install/turtlesim_bringup/share/turtlesim_bringup/package.ps1'
[2.386s] INFO:colcon.colcon_core.shell:Creating package descriptor '/home/othmene/Turtlesim-Catch-Them-All-project/install/turtlesim_bringup/share/turtlesim_bringup/package.dsv'
[2.388s] INFO:colcon.colcon_core.shell:Creating package script '/home/othmene/Turtlesim-Catch-Them-All-project/install/turtlesim_bringup/share/turtlesim_bringup/package.sh'
[2.389s] INFO:colcon.colcon_core.shell:Creating package script '/home/othmene/Turtlesim-Catch-Them-All-project/install/turtlesim_bringup/share/turtlesim_bringup/package.bash'
[2.390s] INFO:colcon.colcon_core.shell:Creating package script '/home/othmene/Turtlesim-Catch-Them-All-project/install/turtlesim_bringup/share/turtlesim_bringup/package.zsh'
[2.391s] Level 1:colcon.colcon_core.environment:create_file_with_runtime_dependencies(/home/othmene/Turtlesim-Catch-Them-All-project/install/turtlesim_bringup/share/colcon-core/packages/turtlesim_bringup)
[2.467s] Level 1:colcon.colcon_core.environment:create_environment_scripts_only(turtlesim_bringup)
[2.490s] Level 1:colcon.colcon_core.environment:checking '/home/othmene/Turtlesim-Catch-Them-All-project/install/turtlesim_bringup' for CMake module files
[2.491s] Level 1:colcon.colcon_core.environment:checking '/home/othmene/Turtlesim-Catch-Them-All-project/install/turtlesim_bringup' for CMake config files
[2.491s] Level 1:colcon.colcon_core.shell:create_environment_hook('turtlesim_bringup', 'cmake_prefix_path')
[2.515s] INFO:colcon.colcon_core.shell:Creating environment hook '/home/othmene/Turtlesim-Catch-Them-All-project/install/turtlesim_bringup/share/turtlesim_bringup/hook/cmake_prefix_path.ps1'
[2.516s] INFO:colcon.colcon_core.shell:Creating environment descriptor '/home/othmene/Turtlesim-Catch-Them-All-project/install/turtlesim_bringup/share/turtlesim_bringup/hook/cmake_prefix_path.dsv'
[2.516s] INFO:colcon.colcon_core.shell:Creating environment hook '/home/othmene/Turtlesim-Catch-Them-All-project/install/turtlesim_bringup/share/turtlesim_bringup/hook/cmake_prefix_path.sh'
[2.524s] Level 1:colcon.colcon_core.environment:checking '/home/othmene/Turtlesim-Catch-Them-All-project/install/turtlesim_bringup/bin'
[2.524s] Level 1:colcon.colcon_core.environment:checking '/home/othmene/Turtlesim-Catch-Them-All-project/install/turtlesim_bringup/lib/pkgconfig/turtlesim_bringup.pc'
[2.525s] Level 1:colcon.colcon_core.environment:checking '/home/othmene/Turtlesim-Catch-Them-All-project/install/turtlesim_bringup/lib/python3.10/site-packages'
[2.525s] Level 1:colcon.colcon_core.environment:checking '/home/othmene/Turtlesim-Catch-Them-All-project/install/turtlesim_bringup/bin'
[2.549s] INFO:colcon.colcon_core.shell:Creating package script '/home/othmene/Turtlesim-Catch-Them-All-project/install/turtlesim_bringup/share/turtlesim_bringup/package.ps1'
[2.550s] INFO:colcon.colcon_core.shell:Creating package descriptor '/home/othmene/Turtlesim-Catch-Them-All-project/install/turtlesim_bringup/share/turtlesim_bringup/package.dsv'
[2.551s] INFO:colcon.colcon_core.shell:Creating package script '/home/othmene/Turtlesim-Catch-Them-All-project/install/turtlesim_bringup/share/turtlesim_bringup/package.sh'
[2.552s] INFO:colcon.colcon_core.shell:Creating package script '/home/othmene/Turtlesim-Catch-Them-All-project/install/turtlesim_bringup/share/turtlesim_bringup/package.bash'
[2.552s] INFO:colcon.colcon_core.shell:Creating package script '/home/othmene/Turtlesim-Catch-Them-All-project/install/turtlesim_bringup/share/turtlesim_bringup/package.zsh'
[2.553s] Level 1:colcon.colcon_core.environment:create_file_with_runtime_dependencies(/home/othmene/Turtlesim-Catch-Them-All-project/install/turtlesim_bringup/share/colcon-core/packages/turtlesim_bringup)
[2.645s] DEBUG:colcon.colcon_core.event_handler.log_command:Invoked command in '/home/othmene/Turtlesim-Catch-Them-All-project/build/turtlesim_interfaces' returned '0': CMAKE_PREFIX_PATH=${CMAKE_PREFIX_PATH}:/home/othmene/Turtlesim-Catch-Them-All-project/install/turtlesim_catch_them_all:/opt/ros/humble /usr/bin/cmake --build /home/othmene/Turtlesim-Catch-Them-All-project/build/turtlesim_interfaces -- -j4 -l4
[2.851s] DEBUG:colcon.colcon_core.event_handler.log_command:Invoking command in '/home/othmene/Turtlesim-Catch-Them-All-project/build/turtlesim_interfaces': CMAKE_PREFIX_PATH=${CMAKE_PREFIX_PATH}:/home/othmene/Turtlesim-Catch-Them-All-project/install/turtlesim_catch_them_all:/opt/ros/humble /usr/bin/cmake --install /home/othmene/Turtlesim-Catch-Them-All-project/build/turtlesim_interfaces
[2.970s] Level 1:colcon.colcon_core.environment:create_environment_scripts_only(turtlesim_interfaces)
[2.970s] DEBUG:colcon.colcon_core.event_handler.log_command:Invoked command in '/home/othmene/Turtlesim-Catch-Them-All-project/build/turtlesim_interfaces' returned '0': CMAKE_PREFIX_PATH=${CMAKE_PREFIX_PATH}:/home/othmene/Turtlesim-Catch-Them-All-project/install/turtlesim_catch_them_all:/opt/ros/humble /usr/bin/cmake --install /home/othmene/Turtlesim-Catch-Them-All-project/build/turtlesim_interfaces
[2.990s] Level 1:colcon.colcon_core.environment:checking '/home/othmene/Turtlesim-Catch-Them-All-project/install/turtlesim_interfaces' for CMake module files
[2.991s] Level 1:colcon.colcon_core.environment:checking '/home/othmene/Turtlesim-Catch-Them-All-project/install/turtlesim_interfaces' for CMake config files
[2.991s] Level 1:colcon.colcon_core.shell:create_environment_hook('turtlesim_interfaces', 'cmake_prefix_path')
[3.009s] INFO:colcon.colcon_core.shell:Creating environment hook '/home/othmene/Turtlesim-Catch-Them-All-project/install/turtlesim_interfaces/share/turtlesim_interfaces/hook/cmake_prefix_path.ps1'
[3.010s] INFO:colcon.colcon_core.shell:Creating environment descriptor '/home/othmene/Turtlesim-Catch-Them-All-project/install/turtlesim_interfaces/share/turtlesim_interfaces/hook/cmake_prefix_path.dsv'
[3.011s] INFO:colcon.colcon_core.shell:Creating environment hook '/home/othmene/Turtlesim-Catch-Them-All-project/install/turtlesim_interfaces/share/turtlesim_interfaces/hook/cmake_prefix_path.sh'
[3.012s] Level 1:colcon.colcon_core.environment:checking '/home/othmene/Turtlesim-Catch-Them-All-project/install/turtlesim_interfaces/lib'
[3.013s] Level 1:colcon.colcon_core.shell:create_environment_hook('turtlesim_interfaces', 'ld_library_path_lib')
[3.032s] INFO:colcon.colcon_core.shell:Creating environment hook '/home/othmene/Turtlesim-Catch-Them-All-project/install/turtlesim_interfaces/share/turtlesim_interfaces/hook/ld_library_path_lib.ps1'
[3.033s] INFO:colcon.colcon_core.shell:Creating environment descriptor '/home/othmene/Turtlesim-Catch-Them-All-project/install/turtlesim_interfaces/share/turtlesim_interfaces/hook/ld_library_path_lib.dsv'
[3.034s] INFO:colcon.colcon_core.shell:Creating environment hook '/home/othmene/Turtlesim-Catch-Them-All-project/install/turtlesim_interfaces/share/turtlesim_interfaces/hook/ld_library_path_lib.sh'
[3.034s] Level 1:colcon.colcon_core.environment:checking '/home/othmene/Turtlesim-Catch-Them-All-project/install/turtlesim_interfaces/bin'
[3.035s] Level 1:colcon.colcon_core.environment:checking '/home/othmene/Turtlesim-Catch-Them-All-project/install/turtlesim_interfaces/lib/pkgconfig/turtlesim_interfaces.pc'
[3.035s] Level 1:colcon.colcon_core.environment:checking '/home/othmene/Turtlesim-Catch-Them-All-project/install/turtlesim_interfaces/lib/python3.10/site-packages'
[3.035s] Level 1:colcon.colcon_core.environment:checking '/home/othmene/Turtlesim-Catch-Them-All-project/install/turtlesim_interfaces/bin'
[3.058s] INFO:colcon.colcon_core.shell:Creating package script '/home/othmene/Turtlesim-Catch-Them-All-project/install/turtlesim_interfaces/share/turtlesim_interfaces/package.ps1'
[3.059s] INFO:colcon.colcon_core.shell:Creating package descriptor '/home/othmene/Turtlesim-Catch-Them-All-project/install/turtlesim_interfaces/share/turtlesim_interfaces/package.dsv'
[3.061s] INFO:colcon.colcon_core.shell:Creating package script '/home/othmene/Turtlesim-Catch-Them-All-project/install/turtlesim_interfaces/share/turtlesim_interfaces/package.sh'
[3.063s] INFO:colcon.colcon_core.shell:Creating package script '/home/othmene/Turtlesim-Catch-Them-All-project/install/turtlesim_interfaces/share/turtlesim_interfaces/package.bash'
[3.064s] INFO:colcon.colcon_core.shell:Creating package script '/home/othmene/Turtlesim-Catch-Them-All-project/install/turtlesim_interfaces/share/turtlesim_interfaces/package.zsh'
[3.065s] Level 1:colcon.colcon_core.environment:create_file_with_runtime_dependencies(/home/othmene/Turtlesim-Catch-Them-All-project/install/turtlesim_interfaces/share/colcon-core/packages/turtlesim_interfaces)
[3.254s] Level 1:colcon.colcon_core.environment:create_environment_scripts_only(turtlesim_interfaces)
[3.281s] Level 1:colcon.colcon_core.environment:checking '/home/othmene/Turtlesim-Catch-Them-All-project/install/turtlesim_interfaces' for CMake module files
[3.282s] Level 1:colcon.colcon_core.environment:checking '/home/othmene/Turtlesim-Catch-Them-All-project/install/turtlesim_interfaces' for CMake config files
[3.283s] Level 1:colcon.colcon_core.shell:create_environment_hook('turtlesim_interfaces', 'cmake_prefix_path')
[3.314s] INFO:colcon.colcon_core.shell:Creating environment hook '/home/othmene/Turtlesim-Catch-Them-All-project/install/turtlesim_interfaces/share/turtlesim_interfaces/hook/cmake_prefix_path.ps1'
[3.315s] INFO:colcon.colcon_core.shell:Creating environment descriptor '/home/othmene/Turtlesim-Catch-Them-All-project/install/turtlesim_interfaces/share/turtlesim_interfaces/hook/cmake_prefix_path.dsv'
[3.316s] INFO:colcon.colcon_core.shell:Creating environment hook '/home/othmene/Turtlesim-Catch-Them-All-project/install/turtlesim_interfaces/share/turtlesim_interfaces/hook/cmake_prefix_path.sh'
[3.318s] Level 1:colcon.colcon_core.environment:checking '/home/othmene/Turtlesim-Catch-Them-All-project/install/turtlesim_interfaces/lib'
[3.318s] Level 1:colcon.colcon_core.shell:create_environment_hook('turtlesim_interfaces', 'ld_library_path_lib')
[3.345s] INFO:colcon.colcon_core.shell:Creating environment hook '/home/othmene/Turtlesim-Catch-Them-All-project/install/turtlesim_interfaces/share/turtlesim_interfaces/hook/ld_library_path_lib.ps1'
[3.346s] INFO:colcon.colcon_core.shell:Creating environment descriptor '/home/othmene/Turtlesim-Catch-Them-All-project/install/turtlesim_interfaces/share/turtlesim_interfaces/hook/ld_library_path_lib.dsv'
[3.346s] INFO:colcon.colcon_core.shell:Creating environment hook '/home/othmene/Turtlesim-Catch-Them-All-project/install/turtlesim_interfaces/share/turtlesim_interfaces/hook/ld_library_path_lib.sh'
[3.347s] Level 1:colcon.colcon_core.environment:checking '/home/othmene/Turtlesim-Catch-Them-All-project/install/turtlesim_interfaces/bin'
[3.347s] Level 1:colcon.colcon_core.environment:checking '/home/othmene/Turtlesim-Catch-Them-All-project/install/turtlesim_interfaces/lib/pkgconfig/turtlesim_interfaces.pc'
[3.347s] Level 1:colcon.colcon_core.environment:checking '/home/othmene/Turtlesim-Catch-Them-All-project/install/turtlesim_interfaces/lib/python3.10/site-packages'
[3.348s] Level 1:colcon.colcon_core.environment:checking '/home/othmene/Turtlesim-Catch-Them-All-project/install/turtlesim_interfaces/bin'
[3.378s] INFO:colcon.colcon_core.shell:Creating package script '/home/othmene/Turtlesim-Catch-Them-All-project/install/turtlesim_interfaces/share/turtlesim_interfaces/package.ps1'
[3.379s] INFO:colcon.colcon_core.shell:Creating package descriptor '/home/othmene/Turtlesim-Catch-Them-All-project/install/turtlesim_interfaces/share/turtlesim_interfaces/package.dsv'
[3.380s] INFO:colcon.colcon_core.shell:Creating package script '/home/othmene/Turtlesim-Catch-Them-All-project/install/turtlesim_interfaces/share/turtlesim_interfaces/package.sh'
[3.382s] INFO:colcon.colcon_core.shell:Creating package script '/home/othmene/Turtlesim-Catch-Them-All-project/install/turtlesim_interfaces/share/turtlesim_interfaces/package.bash'
[3.383s] INFO:colcon.colcon_core.shell:Creating package script '/home/othmene/Turtlesim-Catch-Them-All-project/install/turtlesim_interfaces/share/turtlesim_interfaces/package.zsh'
[3.384s] Level 1:colcon.colcon_core.environment:create_file_with_runtime_dependencies(/home/othmene/Turtlesim-Catch-Them-All-project/install/turtlesim_interfaces/share/colcon-core/packages/turtlesim_interfaces)
[3.384s] INFO:colcon.colcon_ros.task.ament_python.build:Building ROS package in '/home/othmene/Turtlesim-Catch-Them-All-project/src/turtlesim_catch_them_all' with build type 'ament_python'
[3.385s] Level 1:colcon.colcon_core.shell:create_environment_hook('turtlesim_catch_them_all', 'ament_prefix_path')
[3.408s] INFO:colcon.colcon_core.shell:Creating environment hook '/home/othmene/Turtlesim-Catch-Them-All-project/install/turtlesim_catch_them_all/share/turtlesim_catch_them_all/hook/ament_prefix_path.ps1'
[3.409s] INFO:colcon.colcon_core.shell:Creating environment descriptor '/home/othmene/Turtlesim-Catch-Them-All-project/install/turtlesim_catch_them_all/share/turtlesim_catch_them_all/hook/ament_prefix_path.dsv'
[3.410s] INFO:colcon.colcon_core.shell:Creating environment hook '/home/othmene/Turtlesim-Catch-Them-All-project/install/turtlesim_catch_them_all/share/turtlesim_catch_them_all/hook/ament_prefix_path.sh'
[3.435s] INFO:colcon.colcon_core.shell:Skip shell extension 'powershell' for command environment: Not usable outside of PowerShell
[3.435s] DEBUG:colcon.colcon_core.shell:Skip shell extension 'dsv' for command environment
[3.932s] INFO:colcon.colcon_core.task.python.build:Building Python package in '/home/othmene/Turtlesim-Catch-Them-All-project/src/turtlesim_catch_them_all'
[3.951s] INFO:colcon.colcon_core.shell:Skip shell extension 'powershell' for command environment: Not usable outside of PowerShell
[3.952s] DEBUG:colcon.colcon_core.shell:Skip shell extension 'dsv' for command environment
[4.517s] DEBUG:colcon.colcon_core.event_handler.log_command:Invoking command in '/home/othmene/Turtlesim-Catch-Them-All-project/src/turtlesim_catch_them_all': PYTHONPATH=/home/othmene/Turtlesim-Catch-Them-All-project/build/turtlesim_catch_them_all/prefix_override:/home/othmene/Turtlesim-Catch-Them-All-project/install/turtlesim_catch_them_all/lib/python3.10/site-packages:${PYTHONPATH} /usr/bin/python3 setup.py egg_info --egg-base ../../build/turtlesim_catch_them_all build --build-base /home/othmene/Turtlesim-Catch-Them-All-project/build/turtlesim_catch_them_all/build install --record /home/othmene/Turtlesim-Catch-Them-All-project/build/turtlesim_catch_them_all/install.log --single-version-externally-managed
[4.953s] DEBUG:colcon.colcon_core.event_handler.log_command:Invoked command in '/home/othmene/Turtlesim-Catch-Them-All-project/src/turtlesim_catch_them_all' returned '0': PYTHONPATH=/home/othmene/Turtlesim-Catch-Them-All-project/build/turtlesim_catch_them_all/prefix_override:/home/othmene/Turtlesim-Catch-Them-All-project/install/turtlesim_catch_them_all/lib/python3.10/site-packages:${PYTHONPATH} /usr/bin/python3 setup.py egg_info --egg-base ../../build/turtlesim_catch_them_all build --build-base /home/othmene/Turtlesim-Catch-Them-All-project/build/turtlesim_catch_them_all/build install --record /home/othmene/Turtlesim-Catch-Them-All-project/build/turtlesim_catch_them_all/install.log --single-version-externally-managed
[4.973s] Level 1:colcon.colcon_core.environment:checking '/home/othmene/Turtlesim-Catch-Them-All-project/install/turtlesim_catch_them_all' for CMake module files
[4.974s] Level 1:colcon.colcon_core.environment:checking '/home/othmene/Turtlesim-Catch-Them-All-project/install/turtlesim_catch_them_all' for CMake config files
[4.974s] Level 1:colcon.colcon_core.environment:checking '/home/othmene/Turtlesim-Catch-Them-All-project/install/turtlesim_catch_them_all/lib'
[4.974s] Level 1:colcon.colcon_core.environment:checking '/home/othmene/Turtlesim-Catch-Them-All-project/install/turtlesim_catch_them_all/bin'
[4.974s] Level 1:colcon.colcon_core.environment:checking '/home/othmene/Turtlesim-Catch-Them-All-project/install/turtlesim_catch_them_all/lib/pkgconfig/turtlesim_catch_them_all.pc'
[4.975s] Level 1:colcon.colcon_core.environment:checking '/home/othmene/Turtlesim-Catch-Them-All-project/install/turtlesim_catch_them_all/lib/python3.10/site-packages'
[4.975s] Level 1:colcon.colcon_core.shell:create_environment_hook('turtlesim_catch_them_all', 'pythonpath')
[4.994s] INFO:colcon.colcon_core.shell:Creating environment hook '/home/othmene/Turtlesim-Catch-Them-All-project/install/turtlesim_catch_them_all/share/turtlesim_catch_them_all/hook/pythonpath.ps1'
[4.995s] INFO:colcon.colcon_core.shell:Creating environment descriptor '/home/othmene/Turtlesim-Catch-Them-All-project/install/turtlesim_catch_them_all/share/turtlesim_catch_them_all/hook/pythonpath.dsv'
[4.996s] INFO:colcon.colcon_core.shell:Creating environment hook '/home/othmene/Turtlesim-Catch-Them-All-project/install/turtlesim_catch_them_all/share/turtlesim_catch_them_all/hook/pythonpath.sh'
[4.997s] Level 1:colcon.colcon_core.environment:checking '/home/othmene/Turtlesim-Catch-Them-All-project/install/turtlesim_catch_them_all/bin'
[4.997s] Level 1:colcon.colcon_core.environment:create_environment_scripts_only(turtlesim_catch_them_all)
[5.016s] INFO:colcon.colcon_core.shell:Creating package script '/home/othmene/Turtlesim-Catch-Them-All-project/install/turtlesim_catch_them_all/share/turtlesim_catch_them_all/package.ps1'
[5.017s] INFO:colcon.colcon_core.shell:Creating package descriptor '/home/othmene/Turtlesim-Catch-Them-All-project/install/turtlesim_catch_them_all/share/turtlesim_catch_them_all/package.dsv'
[5.017s] INFO:colcon.colcon_core.shell:Creating package script '/home/othmene/Turtlesim-Catch-Them-All-project/install/turtlesim_catch_them_all/share/turtlesim_catch_them_all/package.sh'
[5.018s] INFO:colcon.colcon_core.shell:Creating package script '/home/othmene/Turtlesim-Catch-Them-All-project/install/turtlesim_catch_them_all/share/turtlesim_catch_them_all/package.bash'
[5.018s] INFO:colcon.colcon_core.shell:Creating package script '/home/othmene/Turtlesim-Catch-Them-All-project/install/turtlesim_catch_them_all/share/turtlesim_catch_them_all/package.zsh'
[5.019s] Level 1:colcon.colcon_core.environment:create_file_with_runtime_dependencies(/home/othmene/Turtlesim-Catch-Them-All-project/install/turtlesim_catch_them_all/share/colcon-core/packages/turtlesim_catch_them_all)
[5.019s] DEBUG:colcon.colcon_parallel_executor.executor.parallel:closing loop
[5.020s] DEBUG:colcon.colcon_parallel_executor.executor.parallel:loop closed
[5.020s] DEBUG:colcon.colcon_parallel_executor.executor.parallel:run_until_complete finished with '0'
[5.020s] DEBUG:colcon.colcon_core.event_reactor:joining thread
[5.048s] INFO:colcon.colcon_core.plugin_system:Skipping extension 'colcon_notification.desktop_notification.terminal_notifier': Not used on non-Darwin systems
[5.049s] INFO:colcon.colcon_core.plugin_system:Skipping extension 'colcon_notification.desktop_notification.win32': Not used on non-Windows systems
[5.049s] INFO:colcon.colcon_notification.desktop_notification:Sending desktop notification using 'notify2'
[5.087s] DEBUG:colcon.colcon_core.event_reactor:joined thread
[5.106s] INFO:colcon.colcon_core.shell:Creating prefix script '/home/othmene/Turtlesim-Catch-Them-All-project/install/local_setup.ps1'
[5.107s] INFO:colcon.colcon_core.shell:Creating prefix util module '/home/othmene/Turtlesim-Catch-Them-All-project/install/_local_setup_util_ps1.py'
[5.109s] INFO:colcon.colcon_core.shell:Creating prefix chain script '/home/othmene/Turtlesim-Catch-Them-All-project/install/setup.ps1'
[5.130s] INFO:colcon.colcon_core.shell:Creating prefix script '/home/othmene/Turtlesim-Catch-Them-All-project/install/local_setup.sh'
[5.131s] INFO:colcon.colcon_core.shell:Creating prefix util module '/home/othmene/Turtlesim-Catch-Them-All-project/install/_local_setup_util_sh.py'
[5.132s] INFO:colcon.colcon_core.shell:Creating prefix chain script '/home/othmene/Turtlesim-Catch-Them-All-project/install/setup.sh'
[5.153s] INFO:colcon.colcon_core.shell:Creating prefix script '/home/othmene/Turtlesim-Catch-Them-All-project/install/local_setup.bash'
[5.154s] INFO:colcon.colcon_core.shell:Creating prefix chain script '/home/othmene/Turtlesim-Catch-Them-All-project/install/setup.bash'
[5.175s] INFO:colcon.colcon_core.shell:Creating prefix script '/home/othmene/Turtlesim-Catch-Them-All-project/install/local_setup.zsh'
[5.176s] INFO:colcon.colcon_core.shell:Creating prefix chain script '/home/othmene/Turtlesim-Catch-Them-All-project/install/setup.zsh'
