[0.104s] Invoking command in '/home/othmene/Turtlesim-Catch-Them-All-project/build/turtlesim_interfaces': CMAKE_PREFIX_PATH=${CMAKE_PREFIX_PATH}:/home/othmene/Turtlesim-Catch-Them-All-project/install/turtlesim_catch_them_all:/opt/ros/humble /usr/bin/cmake --build /home/othmene/Turtlesim-Catch-Them-All-project/build/turtlesim_interfaces -- -j4 -l4
[0.180s] [  2%] Built target turtlesim_interfaces__cpp
[0.182s] [ 12%] Built target turtlesim_interfaces__rosidl_generator_c
[0.192s] [ 12%] Built target ament_cmake_python_symlink_turtlesim_interfaces
[0.216s] [ 34%] Built target turtlesim_interfaces__rosidl_typesupport_fastrtps_cpp
[0.216s] [ 34%] Built target turtlesim_interfaces__rosidl_typesupport_cpp
[0.223s] [ 44%] Built target turtlesim_interfaces__rosidl_typesupport_introspection_cpp
[0.249s] [ 55%] Built target turtlesim_interfaces__rosidl_typesupport_fastrtps_c
[0.259s] [ 65%] Built target turtlesim_interfaces__rosidl_typesupport_introspection_c
[0.261s] [ 76%] Built target turtlesim_interfaces__rosidl_typesupport_c
[0.290s] [ 76%] Built target turtlesim_interfaces
[0.321s] [ 78%] Built target turtlesim_interfaces__py
[0.369s] [ 87%] Built target turtlesim_interfaces__rosidl_generator_py
[0.401s] [ 91%] Built target turtlesim_interfaces__rosidl_typesupport_introspection_c__pyext
[0.402s] [ 95%] Built target turtlesim_interfaces__rosidl_typesupport_fastrtps_c__pyext
[0.406s] [100%] Built target turtlesim_interfaces__rosidl_typesupport_c__pyext
[0.570s] running egg_info
[0.571s] writing turtlesim_interfaces.egg-info/PKG-INFO
[0.572s] writing dependency_links to turtlesim_interfaces.egg-info/dependency_links.txt
[0.572s] writing top-level names to turtlesim_interfaces.egg-info/top_level.txt
[0.575s] reading manifest file 'turtlesim_interfaces.egg-info/SOURCES.txt'
[0.576s] writing manifest file 'turtlesim_interfaces.egg-info/SOURCES.txt'
[0.617s] [100%] Built target ament_cmake_python_build_turtlesim_interfaces_egg
[0.636s] Invoked command in '/home/othmene/Turtlesim-Catch-Them-All-project/build/turtlesim_interfaces' returned '0': CMAKE_PREFIX_PATH=${CMAKE_PREFIX_PATH}:/home/othmene/Turtlesim-Catch-Them-All-project/install/turtlesim_catch_them_all:/opt/ros/humble /usr/bin/cmake --build /home/othmene/Turtlesim-Catch-Them-All-project/build/turtlesim_interfaces -- -j4 -l4
[0.816s] Invoking command in '/home/othmene/Turtlesim-Catch-Them-All-project/build/turtlesim_interfaces': CMAKE_PREFIX_PATH=${CMAKE_PREFIX_PATH}:/home/othmene/Turtlesim-Catch-Them-All-project/install/turtlesim_catch_them_all:/opt/ros/humble /usr/bin/cmake --install /home/othmene/Turtlesim-Catch-Them-All-project/build/turtlesim_interfaces
[0.825s] -- Install configuration: ""
[0.826s] -- Execute custom install script
[0.826s] -- Up-to-date symlink: /home/othmene/Turtlesim-Catch-Them-All-project/install/turtlesim_interfaces/share/ament_index/resource_index/rosidl_interfaces/turtlesim_interfaces
[0.827s] -- Up-to-date symlink: /home/othmene/Turtlesim-Catch-Them-All-project/install/turtlesim_interfaces/include/turtlesim_interfaces/turtlesim_interfaces/msg/detail/turtle__functions.h
[0.827s] -- Up-to-date symlink: /home/othmene/Turtlesim-Catch-Them-All-project/install/turtlesim_interfaces/include/turtlesim_interfaces/turtlesim_interfaces/msg/detail/turtle__struct.h
[0.827s] -- Up-to-date symlink: /home/othmene/Turtlesim-Catch-Them-All-project/install/turtlesim_interfaces/include/turtlesim_interfaces/turtlesim_interfaces/msg/detail/turtle__type_support.h
[0.827s] -- Up-to-date symlink: /home/othmene/Turtlesim-Catch-Them-All-project/install/turtlesim_interfaces/include/turtlesim_interfaces/turtlesim_interfaces/msg/detail/turtle_array__functions.h
[0.828s] -- Up-to-date symlink: /home/othmene/Turtlesim-Catch-Them-All-project/install/turtlesim_interfaces/include/turtlesim_interfaces/turtlesim_interfaces/msg/detail/turtle_array__struct.h
[0.828s] -- Up-to-date symlink: /home/othmene/Turtlesim-Catch-Them-All-project/install/turtlesim_interfaces/include/turtlesim_interfaces/turtlesim_interfaces/msg/detail/turtle_array__type_support.h
[0.828s] -- Up-to-date symlink: /home/othmene/Turtlesim-Catch-Them-All-project/install/turtlesim_interfaces/include/turtlesim_interfaces/turtlesim_interfaces/msg/rosidl_generator_c__visibility_control.h
[0.828s] -- Up-to-date symlink: /home/othmene/Turtlesim-Catch-Them-All-project/install/turtlesim_interfaces/include/turtlesim_interfaces/turtlesim_interfaces/msg/turtle.h
[0.828s] -- Up-to-date symlink: /home/othmene/Turtlesim-Catch-Them-All-project/install/turtlesim_interfaces/include/turtlesim_interfaces/turtlesim_interfaces/msg/turtle_array.h
[0.828s] -- Up-to-date symlink: /home/othmene/Turtlesim-Catch-Them-All-project/install/turtlesim_interfaces/include/turtlesim_interfaces/turtlesim_interfaces/srv/catch_turtle.h
[0.829s] -- Up-to-date symlink: /home/othmene/Turtlesim-Catch-Them-All-project/install/turtlesim_interfaces/include/turtlesim_interfaces/turtlesim_interfaces/srv/detail/catch_turtle__functions.h
[0.829s] -- Up-to-date symlink: /home/othmene/Turtlesim-Catch-Them-All-project/install/turtlesim_interfaces/include/turtlesim_interfaces/turtlesim_interfaces/srv/detail/catch_turtle__struct.h
[0.829s] -- Up-to-date symlink: /home/othmene/Turtlesim-Catch-Them-All-project/install/turtlesim_interfaces/include/turtlesim_interfaces/turtlesim_interfaces/srv/detail/catch_turtle__type_support.h
[0.829s] -- Up-to-date symlink: /home/othmene/Turtlesim-Catch-Them-All-project/install/turtlesim_interfaces/share/turtlesim_interfaces/environment/library_path.sh
[0.829s] -- Up-to-date symlink: /home/othmene/Turtlesim-Catch-Them-All-project/install/turtlesim_interfaces/share/turtlesim_interfaces/environment/library_path.dsv
[0.830s] -- Up-to-date symlink: /home/othmene/Turtlesim-Catch-Them-All-project/install/turtlesim_interfaces/include/turtlesim_interfaces/turtlesim_interfaces/msg/detail/turtle__rosidl_typesupport_fastrtps_c.h
[0.830s] -- Up-to-date symlink: /home/othmene/Turtlesim-Catch-Them-All-project/install/turtlesim_interfaces/include/turtlesim_interfaces/turtlesim_interfaces/msg/detail/turtle_array__rosidl_typesupport_fastrtps_c.h
[0.830s] -- Up-to-date symlink: /home/othmene/Turtlesim-Catch-Them-All-project/install/turtlesim_interfaces/include/turtlesim_interfaces/turtlesim_interfaces/msg/rosidl_typesupport_fastrtps_c__visibility_control.h
[0.830s] -- Up-to-date symlink: /home/othmene/Turtlesim-Catch-Them-All-project/install/turtlesim_interfaces/include/turtlesim_interfaces/turtlesim_interfaces/srv/detail/catch_turtle__rosidl_typesupport_fastrtps_c.h
[0.831s] -- Up-to-date symlink: /home/othmene/Turtlesim-Catch-Them-All-project/install/turtlesim_interfaces/include/turtlesim_interfaces/turtlesim_interfaces/msg/detail/turtle__rosidl_typesupport_introspection_c.h
[0.831s] -- Up-to-date symlink: /home/othmene/Turtlesim-Catch-Them-All-project/install/turtlesim_interfaces/include/turtlesim_interfaces/turtlesim_interfaces/msg/detail/turtle_array__rosidl_typesupport_introspection_c.h
[0.831s] -- Up-to-date symlink: /home/othmene/Turtlesim-Catch-Them-All-project/install/turtlesim_interfaces/include/turtlesim_interfaces/turtlesim_interfaces/msg/rosidl_typesupport_introspection_c__visibility_control.h
[0.831s] -- Up-to-date symlink: /home/othmene/Turtlesim-Catch-Them-All-project/install/turtlesim_interfaces/include/turtlesim_interfaces/turtlesim_interfaces/srv/detail/catch_turtle__rosidl_typesupport_introspection_c.h
[0.832s] -- Up-to-date symlink: /home/othmene/Turtlesim-Catch-Them-All-project/install/turtlesim_interfaces/include/turtlesim_interfaces/turtlesim_interfaces/msg/detail/turtle__builder.hpp
[0.832s] -- Up-to-date symlink: /home/othmene/Turtlesim-Catch-Them-All-project/install/turtlesim_interfaces/include/turtlesim_interfaces/turtlesim_interfaces/msg/detail/turtle__struct.hpp
[0.832s] -- Up-to-date symlink: /home/othmene/Turtlesim-Catch-Them-All-project/install/turtlesim_interfaces/include/turtlesim_interfaces/turtlesim_interfaces/msg/detail/turtle__traits.hpp
[0.832s] -- Up-to-date symlink: /home/othmene/Turtlesim-Catch-Them-All-project/install/turtlesim_interfaces/include/turtlesim_interfaces/turtlesim_interfaces/msg/detail/turtle_array__builder.hpp
[0.833s] -- Up-to-date symlink: /home/othmene/Turtlesim-Catch-Them-All-project/install/turtlesim_interfaces/include/turtlesim_interfaces/turtlesim_interfaces/msg/detail/turtle_array__struct.hpp
[0.833s] -- Up-to-date symlink: /home/othmene/Turtlesim-Catch-Them-All-project/install/turtlesim_interfaces/include/turtlesim_interfaces/turtlesim_interfaces/msg/detail/turtle_array__traits.hpp
[0.833s] -- Up-to-date symlink: /home/othmene/Turtlesim-Catch-Them-All-project/install/turtlesim_interfaces/include/turtlesim_interfaces/turtlesim_interfaces/msg/turtle.hpp
[0.833s] -- Up-to-date symlink: /home/othmene/Turtlesim-Catch-Them-All-project/install/turtlesim_interfaces/include/turtlesim_interfaces/turtlesim_interfaces/msg/turtle_array.hpp
[0.834s] -- Up-to-date symlink: /home/othmene/Turtlesim-Catch-Them-All-project/install/turtlesim_interfaces/include/turtlesim_interfaces/turtlesim_interfaces/srv/catch_turtle.hpp
[0.834s] -- Up-to-date symlink: /home/othmene/Turtlesim-Catch-Them-All-project/install/turtlesim_interfaces/include/turtlesim_interfaces/turtlesim_interfaces/srv/detail/catch_turtle__builder.hpp
[0.834s] -- Up-to-date symlink: /home/othmene/Turtlesim-Catch-Them-All-project/install/turtlesim_interfaces/include/turtlesim_interfaces/turtlesim_interfaces/srv/detail/catch_turtle__struct.hpp
[0.834s] -- Up-to-date symlink: /home/othmene/Turtlesim-Catch-Them-All-project/install/turtlesim_interfaces/include/turtlesim_interfaces/turtlesim_interfaces/srv/detail/catch_turtle__traits.hpp
[0.834s] -- Up-to-date symlink: /home/othmene/Turtlesim-Catch-Them-All-project/install/turtlesim_interfaces/include/turtlesim_interfaces/turtlesim_interfaces/msg/detail/turtle__rosidl_typesupport_fastrtps_cpp.hpp
[0.835s] -- Up-to-date symlink: /home/othmene/Turtlesim-Catch-Them-All-project/install/turtlesim_interfaces/include/turtlesim_interfaces/turtlesim_interfaces/msg/detail/turtle_array__rosidl_typesupport_fastrtps_cpp.hpp
[0.835s] -- Up-to-date symlink: /home/othmene/Turtlesim-Catch-Them-All-project/install/turtlesim_interfaces/include/turtlesim_interfaces/turtlesim_interfaces/msg/rosidl_typesupport_fastrtps_cpp__visibility_control.h
[0.835s] -- Up-to-date symlink: /home/othmene/Turtlesim-Catch-Them-All-project/install/turtlesim_interfaces/include/turtlesim_interfaces/turtlesim_interfaces/srv/detail/catch_turtle__rosidl_typesupport_fastrtps_cpp.hpp
[0.835s] -- Up-to-date symlink: /home/othmene/Turtlesim-Catch-Them-All-project/install/turtlesim_interfaces/include/turtlesim_interfaces/turtlesim_interfaces/msg/detail/turtle__rosidl_typesupport_introspection_cpp.hpp
[0.836s] -- Up-to-date symlink: /home/othmene/Turtlesim-Catch-Them-All-project/install/turtlesim_interfaces/include/turtlesim_interfaces/turtlesim_interfaces/msg/detail/turtle_array__rosidl_typesupport_introspection_cpp.hpp
[0.836s] -- Up-to-date symlink: /home/othmene/Turtlesim-Catch-Them-All-project/install/turtlesim_interfaces/include/turtlesim_interfaces/turtlesim_interfaces/srv/detail/catch_turtle__rosidl_typesupport_introspection_cpp.hpp
[0.836s] -- Up-to-date symlink: /home/othmene/Turtlesim-Catch-Them-All-project/install/turtlesim_interfaces/share/turtlesim_interfaces/environment/pythonpath.sh
[0.836s] -- Up-to-date symlink: /home/othmene/Turtlesim-Catch-Them-All-project/install/turtlesim_interfaces/share/turtlesim_interfaces/environment/pythonpath.dsv
[0.837s] -- Up-to-date symlink: /home/othmene/Turtlesim-Catch-Them-All-project/install/turtlesim_interfaces/local/lib/python3.10/dist-packages/turtlesim_interfaces-0.0.0-py3.10.egg-info/PKG-INFO
[0.837s] -- Up-to-date symlink: /home/othmene/Turtlesim-Catch-Them-All-project/install/turtlesim_interfaces/local/lib/python3.10/dist-packages/turtlesim_interfaces-0.0.0-py3.10.egg-info/SOURCES.txt
[0.837s] -- Up-to-date symlink: /home/othmene/Turtlesim-Catch-Them-All-project/install/turtlesim_interfaces/local/lib/python3.10/dist-packages/turtlesim_interfaces-0.0.0-py3.10.egg-info/dependency_links.txt
[0.837s] -- Up-to-date symlink: /home/othmene/Turtlesim-Catch-Them-All-project/install/turtlesim_interfaces/local/lib/python3.10/dist-packages/turtlesim_interfaces-0.0.0-py3.10.egg-info/top_level.txt
[0.839s] -- Up-to-date symlink: /home/othmene/Turtlesim-Catch-Them-All-project/install/turtlesim_interfaces/local/lib/python3.10/dist-packages/turtlesim_interfaces/__init__.py
[0.845s] -- Up-to-date symlink: /home/othmene/Turtlesim-Catch-Them-All-project/install/turtlesim_interfaces/local/lib/python3.10/dist-packages/turtlesim_interfaces/_turtlesim_interfaces_s.ep.rosidl_typesupport_c.c
[0.846s] -- Up-to-date symlink: /home/othmene/Turtlesim-Catch-Them-All-project/install/turtlesim_interfaces/local/lib/python3.10/dist-packages/turtlesim_interfaces/_turtlesim_interfaces_s.ep.rosidl_typesupport_fastrtps_c.c
[0.846s] -- Up-to-date symlink: /home/othmene/Turtlesim-Catch-Them-All-project/install/turtlesim_interfaces/local/lib/python3.10/dist-packages/turtlesim_interfaces/_turtlesim_interfaces_s.ep.rosidl_typesupport_introspection_c.c
[0.846s] -- Up-to-date symlink: /home/othmene/Turtlesim-Catch-Them-All-project/install/turtlesim_interfaces/local/lib/python3.10/dist-packages/turtlesim_interfaces/libturtlesim_interfaces__rosidl_generator_py.so
[0.846s] -- Up-to-date symlink: /home/othmene/Turtlesim-Catch-Them-All-project/install/turtlesim_interfaces/local/lib/python3.10/dist-packages/turtlesim_interfaces/msg/__init__.py
[0.846s] -- Up-to-date symlink: /home/othmene/Turtlesim-Catch-Them-All-project/install/turtlesim_interfaces/local/lib/python3.10/dist-packages/turtlesim_interfaces/msg/_turtle.py
[0.846s] -- Up-to-date symlink: /home/othmene/Turtlesim-Catch-Them-All-project/install/turtlesim_interfaces/local/lib/python3.10/dist-packages/turtlesim_interfaces/msg/_turtle_array.py
[0.847s] -- Up-to-date symlink: /home/othmene/Turtlesim-Catch-Them-All-project/install/turtlesim_interfaces/local/lib/python3.10/dist-packages/turtlesim_interfaces/msg/_turtle_array_s.c
[0.847s] -- Up-to-date symlink: /home/othmene/Turtlesim-Catch-Them-All-project/install/turtlesim_interfaces/local/lib/python3.10/dist-packages/turtlesim_interfaces/msg/_turtle_s.c
[0.847s] -- Up-to-date symlink: /home/othmene/Turtlesim-Catch-Them-All-project/install/turtlesim_interfaces/local/lib/python3.10/dist-packages/turtlesim_interfaces/srv/__init__.py
[0.847s] -- Up-to-date symlink: /home/othmene/Turtlesim-Catch-Them-All-project/install/turtlesim_interfaces/local/lib/python3.10/dist-packages/turtlesim_interfaces/srv/_catch_turtle.py
[0.847s] -- Up-to-date symlink: /home/othmene/Turtlesim-Catch-Them-All-project/install/turtlesim_interfaces/local/lib/python3.10/dist-packages/turtlesim_interfaces/srv/_catch_turtle_s.c
[0.847s] -- Up-to-date symlink: /home/othmene/Turtlesim-Catch-Them-All-project/install/turtlesim_interfaces/local/lib/python3.10/dist-packages/turtlesim_interfaces/turtlesim_interfaces_s__rosidl_typesupport_c.cpython-310-x86_64-linux-gnu.so
[0.847s] -- Up-to-date symlink: /home/othmene/Turtlesim-Catch-Them-All-project/install/turtlesim_interfaces/local/lib/python3.10/dist-packages/turtlesim_interfaces/turtlesim_interfaces_s__rosidl_typesupport_fastrtps_c.cpython-310-x86_64-linux-gnu.so
[0.847s] -- Up-to-date symlink: /home/othmene/Turtlesim-Catch-Them-All-project/install/turtlesim_interfaces/local/lib/python3.10/dist-packages/turtlesim_interfaces/turtlesim_interfaces_s__rosidl_typesupport_introspection_c.cpython-310-x86_64-linux-gnu.so
[0.847s] -- Up-to-date symlink: /home/othmene/Turtlesim-Catch-Them-All-project/install/turtlesim_interfaces/local/lib/python3.10/dist-packages/turtlesim_interfaces/turtlesim_interfaces_s__rosidl_typesupport_fastrtps_c.cpython-310-x86_64-linux-gnu.so
[0.847s] -- Up-to-date symlink: /home/othmene/Turtlesim-Catch-Them-All-project/install/turtlesim_interfaces/local/lib/python3.10/dist-packages/turtlesim_interfaces/turtlesim_interfaces_s__rosidl_typesupport_introspection_c.cpython-310-x86_64-linux-gnu.so
[0.847s] -- Up-to-date symlink: /home/othmene/Turtlesim-Catch-Them-All-project/install/turtlesim_interfaces/local/lib/python3.10/dist-packages/turtlesim_interfaces/turtlesim_interfaces_s__rosidl_typesupport_c.cpython-310-x86_64-linux-gnu.so
[0.847s] -- Up-to-date symlink: /home/othmene/Turtlesim-Catch-Them-All-project/install/turtlesim_interfaces/share/turtlesim_interfaces/msg/Turtle.idl
[0.847s] -- Up-to-date symlink: /home/othmene/Turtlesim-Catch-Them-All-project/install/turtlesim_interfaces/share/turtlesim_interfaces/msg/TurtleArray.idl
[0.848s] -- Up-to-date symlink: /home/othmene/Turtlesim-Catch-Them-All-project/install/turtlesim_interfaces/share/turtlesim_interfaces/srv/CatchTurtle.idl
[0.848s] -- Up-to-date symlink: /home/othmene/Turtlesim-Catch-Them-All-project/install/turtlesim_interfaces/share/turtlesim_interfaces/msg/Turtle.msg
[0.848s] -- Up-to-date symlink: /home/othmene/Turtlesim-Catch-Them-All-project/install/turtlesim_interfaces/share/turtlesim_interfaces/msg/TurtleArray.msg
[0.848s] -- Up-to-date symlink: /home/othmene/Turtlesim-Catch-Them-All-project/install/turtlesim_interfaces/share/turtlesim_interfaces/srv/CatchTurtle.srv
[0.848s] -- Up-to-date symlink: /home/othmene/Turtlesim-Catch-Them-All-project/install/turtlesim_interfaces/share/turtlesim_interfaces/srv/CatchTurtle_Request.msg
[0.848s] -- Up-to-date symlink: /home/othmene/Turtlesim-Catch-Them-All-project/install/turtlesim_interfaces/share/turtlesim_interfaces/srv/CatchTurtle_Response.msg
[0.848s] -- Up-to-date symlink: /home/othmene/Turtlesim-Catch-Them-All-project/install/turtlesim_interfaces/share/ament_index/resource_index/package_run_dependencies/turtlesim_interfaces
[0.848s] -- Up-to-date symlink: /home/othmene/Turtlesim-Catch-Them-All-project/install/turtlesim_interfaces/share/ament_index/resource_index/parent_prefix_path/turtlesim_interfaces
[0.848s] -- Up-to-date symlink: /home/othmene/Turtlesim-Catch-Them-All-project/install/turtlesim_interfaces/share/turtlesim_interfaces/environment/ament_prefix_path.sh
[0.848s] -- Up-to-date symlink: /home/othmene/Turtlesim-Catch-Them-All-project/install/turtlesim_interfaces/share/turtlesim_interfaces/environment/ament_prefix_path.dsv
[0.848s] -- Up-to-date symlink: /home/othmene/Turtlesim-Catch-Them-All-project/install/turtlesim_interfaces/share/turtlesim_interfaces/environment/path.sh
[0.848s] -- Up-to-date symlink: /home/othmene/Turtlesim-Catch-Them-All-project/install/turtlesim_interfaces/share/turtlesim_interfaces/environment/path.dsv
[0.848s] -- Up-to-date symlink: /home/othmene/Turtlesim-Catch-Them-All-project/install/turtlesim_interfaces/share/turtlesim_interfaces/local_setup.bash
[0.848s] -- Up-to-date symlink: /home/othmene/Turtlesim-Catch-Them-All-project/install/turtlesim_interfaces/share/turtlesim_interfaces/local_setup.sh
[0.849s] -- Up-to-date symlink: /home/othmene/Turtlesim-Catch-Them-All-project/install/turtlesim_interfaces/share/turtlesim_interfaces/local_setup.zsh
[0.849s] -- Up-to-date symlink: /home/othmene/Turtlesim-Catch-Them-All-project/install/turtlesim_interfaces/share/turtlesim_interfaces/local_setup.dsv
[0.849s] -- Symlinking: /home/othmene/Turtlesim-Catch-Them-All-project/install/turtlesim_interfaces/share/turtlesim_interfaces/package.dsv
[0.859s] -- Up-to-date symlink: /home/othmene/Turtlesim-Catch-Them-All-project/install/turtlesim_interfaces/share/ament_index/resource_index/packages/turtlesim_interfaces
[0.860s] -- Up-to-date symlink: /home/othmene/Turtlesim-Catch-Them-All-project/install/turtlesim_interfaces/share/turtlesim_interfaces/cmake/rosidl_cmake-extras.cmake
[0.860s] -- Up-to-date symlink: /home/othmene/Turtlesim-Catch-Them-All-project/install/turtlesim_interfaces/share/turtlesim_interfaces/cmake/ament_cmake_export_include_directories-extras.cmake
[0.860s] -- Up-to-date symlink: /home/othmene/Turtlesim-Catch-Them-All-project/install/turtlesim_interfaces/share/turtlesim_interfaces/cmake/ament_cmake_export_libraries-extras.cmake
[0.860s] -- Up-to-date symlink: /home/othmene/Turtlesim-Catch-Them-All-project/install/turtlesim_interfaces/share/turtlesim_interfaces/cmake/ament_cmake_export_targets-extras.cmake
[0.860s] -- Up-to-date symlink: /home/othmene/Turtlesim-Catch-Them-All-project/install/turtlesim_interfaces/share/turtlesim_interfaces/cmake/rosidl_cmake_export_typesupport_targets-extras.cmake
[0.861s] -- Up-to-date symlink: /home/othmene/Turtlesim-Catch-Them-All-project/install/turtlesim_interfaces/share/turtlesim_interfaces/cmake/ament_cmake_export_dependencies-extras.cmake
[0.862s] -- Up-to-date symlink: /home/othmene/Turtlesim-Catch-Them-All-project/install/turtlesim_interfaces/share/turtlesim_interfaces/cmake/rosidl_cmake_export_typesupport_libraries-extras.cmake
[0.862s] -- Up-to-date symlink: /home/othmene/Turtlesim-Catch-Them-All-project/install/turtlesim_interfaces/share/turtlesim_interfaces/cmake/turtlesim_interfacesConfig.cmake
[0.862s] -- Up-to-date symlink: /home/othmene/Turtlesim-Catch-Them-All-project/install/turtlesim_interfaces/share/turtlesim_interfaces/cmake/turtlesim_interfacesConfig-version.cmake
[0.862s] -- Up-to-date symlink: /home/othmene/Turtlesim-Catch-Them-All-project/install/turtlesim_interfaces/share/turtlesim_interfaces/package.xml
[0.862s] -- Up-to-date: /home/othmene/Turtlesim-Catch-Them-All-project/install/turtlesim_interfaces/lib/libturtlesim_interfaces__rosidl_generator_c.so
[0.863s] -- Up-to-date: /home/othmene/Turtlesim-Catch-Them-All-project/install/turtlesim_interfaces/lib/libturtlesim_interfaces__rosidl_typesupport_fastrtps_c.so
[0.863s] -- Up-to-date: /home/othmene/Turtlesim-Catch-Them-All-project/install/turtlesim_interfaces/lib/libturtlesim_interfaces__rosidl_typesupport_introspection_c.so
[0.863s] -- Up-to-date: /home/othmene/Turtlesim-Catch-Them-All-project/install/turtlesim_interfaces/lib/libturtlesim_interfaces__rosidl_typesupport_c.so
[0.864s] -- Up-to-date: /home/othmene/Turtlesim-Catch-Them-All-project/install/turtlesim_interfaces/lib/libturtlesim_interfaces__rosidl_typesupport_fastrtps_cpp.so
[0.864s] -- Up-to-date: /home/othmene/Turtlesim-Catch-Them-All-project/install/turtlesim_interfaces/lib/libturtlesim_interfaces__rosidl_typesupport_introspection_cpp.so
[0.865s] -- Up-to-date: /home/othmene/Turtlesim-Catch-Them-All-project/install/turtlesim_interfaces/lib/libturtlesim_interfaces__rosidl_typesupport_cpp.so
[0.898s] Listing '/home/othmene/Turtlesim-Catch-Them-All-project/install/turtlesim_interfaces/local/lib/python3.10/dist-packages/turtlesim_interfaces'...
[0.899s] Listing '/home/othmene/Turtlesim-Catch-Them-All-project/install/turtlesim_interfaces/local/lib/python3.10/dist-packages/turtlesim_interfaces/msg'...
[0.899s] Listing '/home/othmene/Turtlesim-Catch-Them-All-project/install/turtlesim_interfaces/local/lib/python3.10/dist-packages/turtlesim_interfaces/srv'...
[0.904s] -- Up-to-date: /home/othmene/Turtlesim-Catch-Them-All-project/install/turtlesim_interfaces/lib/libturtlesim_interfaces__rosidl_generator_py.so
[0.904s] -- Up-to-date: /home/othmene/Turtlesim-Catch-Them-All-project/install/turtlesim_interfaces/share/turtlesim_interfaces/cmake/export_turtlesim_interfaces__rosidl_generator_cExport.cmake
[0.905s] -- Up-to-date: /home/othmene/Turtlesim-Catch-Them-All-project/install/turtlesim_interfaces/share/turtlesim_interfaces/cmake/export_turtlesim_interfaces__rosidl_generator_cExport-noconfig.cmake
[0.905s] -- Up-to-date: /home/othmene/Turtlesim-Catch-Them-All-project/install/turtlesim_interfaces/share/turtlesim_interfaces/cmake/export_turtlesim_interfaces__rosidl_typesupport_fastrtps_cExport.cmake
[0.905s] -- Up-to-date: /home/othmene/Turtlesim-Catch-Them-All-project/install/turtlesim_interfaces/share/turtlesim_interfaces/cmake/export_turtlesim_interfaces__rosidl_typesupport_fastrtps_cExport-noconfig.cmake
[0.905s] -- Up-to-date: /home/othmene/Turtlesim-Catch-Them-All-project/install/turtlesim_interfaces/share/turtlesim_interfaces/cmake/turtlesim_interfaces__rosidl_typesupport_introspection_cExport.cmake
[0.906s] -- Up-to-date: /home/othmene/Turtlesim-Catch-Them-All-project/install/turtlesim_interfaces/share/turtlesim_interfaces/cmake/turtlesim_interfaces__rosidl_typesupport_introspection_cExport-noconfig.cmake
[0.906s] -- Up-to-date: /home/othmene/Turtlesim-Catch-Them-All-project/install/turtlesim_interfaces/share/turtlesim_interfaces/cmake/turtlesim_interfaces__rosidl_typesupport_cExport.cmake
[0.906s] -- Up-to-date: /home/othmene/Turtlesim-Catch-Them-All-project/install/turtlesim_interfaces/share/turtlesim_interfaces/cmake/turtlesim_interfaces__rosidl_typesupport_cExport-noconfig.cmake
[0.906s] -- Up-to-date: /home/othmene/Turtlesim-Catch-Them-All-project/install/turtlesim_interfaces/share/turtlesim_interfaces/cmake/export_turtlesim_interfaces__rosidl_generator_cppExport.cmake
[0.906s] -- Up-to-date: /home/othmene/Turtlesim-Catch-Them-All-project/install/turtlesim_interfaces/share/turtlesim_interfaces/cmake/export_turtlesim_interfaces__rosidl_typesupport_fastrtps_cppExport.cmake
[0.907s] -- Up-to-date: /home/othmene/Turtlesim-Catch-Them-All-project/install/turtlesim_interfaces/share/turtlesim_interfaces/cmake/export_turtlesim_interfaces__rosidl_typesupport_fastrtps_cppExport-noconfig.cmake
[0.907s] -- Up-to-date: /home/othmene/Turtlesim-Catch-Them-All-project/install/turtlesim_interfaces/share/turtlesim_interfaces/cmake/turtlesim_interfaces__rosidl_typesupport_introspection_cppExport.cmake
[0.907s] -- Up-to-date: /home/othmene/Turtlesim-Catch-Them-All-project/install/turtlesim_interfaces/share/turtlesim_interfaces/cmake/turtlesim_interfaces__rosidl_typesupport_introspection_cppExport-noconfig.cmake
[0.907s] -- Up-to-date: /home/othmene/Turtlesim-Catch-Them-All-project/install/turtlesim_interfaces/share/turtlesim_interfaces/cmake/turtlesim_interfaces__rosidl_typesupport_cppExport.cmake
[0.907s] -- Up-to-date: /home/othmene/Turtlesim-Catch-Them-All-project/install/turtlesim_interfaces/share/turtlesim_interfaces/cmake/turtlesim_interfaces__rosidl_typesupport_cppExport-noconfig.cmake
[0.907s] -- Up-to-date: /home/othmene/Turtlesim-Catch-Them-All-project/install/turtlesim_interfaces/share/turtlesim_interfaces/cmake/export_turtlesim_interfaces__rosidl_generator_pyExport.cmake
[0.908s] -- Up-to-date: /home/othmene/Turtlesim-Catch-Them-All-project/install/turtlesim_interfaces/share/turtlesim_interfaces/cmake/export_turtlesim_interfaces__rosidl_generator_pyExport-noconfig.cmake
[0.911s] Invoked command in '/home/othmene/Turtlesim-Catch-Them-All-project/build/turtlesim_interfaces' returned '0': CMAKE_PREFIX_PATH=${CMAKE_PREFIX_PATH}:/home/othmene/Turtlesim-Catch-Them-All-project/install/turtlesim_catch_them_all:/opt/ros/humble /usr/bin/cmake --install /home/othmene/Turtlesim-Catch-Them-All-project/build/turtlesim_interfaces
