[0.178s] Invoking command in '/home/othmene/Turtlesim-Catch-Them-All-project/build/turtlesim_interfaces': CMAKE_PREFIX_PATH=${CMAKE_PREFIX_PATH}:/home/othmene/Turtlesim-Catch-Them-All-project/install/turtlesim_catch_them_all:/opt/ros/humble /usr/bin/cmake /home/othmene/Turtlesim-Catch-Them-All-project/src/turtlesim_interfaces -DCMAKE_INSTALL_PREFIX=/home/othmene/Turtlesim-Catch-Them-All-project/install/turtlesim_interfaces
[0.224s] -- Found ament_cmake: 1.3.7 (/opt/ros/humble/share/ament_cmake/cmake)
[0.509s] -- Override CMake install command with custom implementation using symlinks instead of copying resources
[0.558s] -- Found rosidl_default_generators: 1.2.0 (/opt/ros/humble/share/rosidl_default_generators/cmake)
[0.566s] -- Using all available rosidl_typesupport_c: rosidl_typesupport_fastrtps_c;rosidl_typesupport_introspection_c
[0.577s] -- Found rosidl_adapter: 3.1.5 (/opt/ros/humble/share/rosidl_adapter/cmake)
[0.662s] -- Using all available rosidl_typesupport_cpp: rosidl_typesupport_fastrtps_cpp;rosidl_typesupport_introspection_cpp
[1.068s] -- Found ament_cmake_ros: 0.10.0 (/opt/ros/humble/share/ament_cmake_ros/cmake)
[1.298s] -- Using all available rosidl_typesupport_c: rosidl_typesupport_fastrtps_c;rosidl_typesupport_introspection_c
[1.604s] -- Using all available rosidl_typesupport_cpp: rosidl_typesupport_fastrtps_cpp;rosidl_typesupport_introspection_cpp
[1.636s] -- Found python_cmake_module: 0.10.0 (/opt/ros/humble/share/python_cmake_module/cmake)
[1.672s] -- Using PYTHON_EXECUTABLE: /usr/bin/python3
[1.672s] -- Using PYTHON_INCLUDE_DIRS: /usr/include/python3.10
[1.672s] -- Using PYTHON_LIBRARIES: /usr/lib/x86_64-linux-gnu/libpython3.10.so
[1.713s] -- Configuring done
[1.805s] -- Generating done
[1.809s] -- Build files have been written to: /home/othmene/Turtlesim-Catch-Them-All-project/build/turtlesim_interfaces
[1.817s] Invoked command in '/home/othmene/Turtlesim-Catch-Them-All-project/build/turtlesim_interfaces' returned '0': CMAKE_PREFIX_PATH=${CMAKE_PREFIX_PATH}:/home/othmene/Turtlesim-Catch-Them-All-project/install/turtlesim_catch_them_all:/opt/ros/humble /usr/bin/cmake /home/othmene/Turtlesim-Catch-Them-All-project/src/turtlesim_interfaces -DCMAKE_INSTALL_PREFIX=/home/othmene/Turtlesim-Catch-Them-All-project/install/turtlesim_interfaces
[1.820s] Invoking command in '/home/othmene/Turtlesim-Catch-Them-All-project/build/turtlesim_interfaces': CMAKE_PREFIX_PATH=${CMAKE_PREFIX_PATH}:/home/othmene/Turtlesim-Catch-Them-All-project/install/turtlesim_catch_them_all:/opt/ros/humble /usr/bin/cmake --build /home/othmene/Turtlesim-Catch-Them-All-project/build/turtlesim_interfaces -- -j4 -l4
[1.874s] [35m[1mConsolidate compiler generated dependencies of target turtlesim_interfaces__rosidl_generator_c[0m
[1.886s] [  2%] Built target turtlesim_interfaces__cpp
[1.892s] [ 12%] Built target turtlesim_interfaces__rosidl_generator_c
[1.900s] [ 12%] Built target ament_cmake_python_symlink_turtlesim_interfaces
[1.902s] [35m[1mConsolidate compiler generated dependencies of target turtlesim_interfaces__rosidl_typesupport_fastrtps_cpp[0m
[1.905s] [35m[1mConsolidate compiler generated dependencies of target turtlesim_interfaces__rosidl_typesupport_introspection_cpp[0m
[1.908s] [35m[1mConsolidate compiler generated dependencies of target turtlesim_interfaces__rosidl_typesupport_cpp[0m
[1.922s] [35m[1mConsolidate compiler generated dependencies of target turtlesim_interfaces__rosidl_typesupport_fastrtps_c[0m
[1.925s] [ 23%] Built target turtlesim_interfaces__rosidl_typesupport_fastrtps_cpp
[1.925s] [ 33%] Built target turtlesim_interfaces__rosidl_typesupport_cpp
[1.927s] [ 43%] Built target turtlesim_interfaces__rosidl_typesupport_introspection_cpp
[1.940s] [35m[1mConsolidate compiler generated dependencies of target turtlesim_interfaces__rosidl_typesupport_introspection_c[0m
[1.941s] [35m[1mConsolidate compiler generated dependencies of target turtlesim_interfaces__rosidl_typesupport_c[0m
[1.947s] [ 53%] Built target turtlesim_interfaces__rosidl_typesupport_fastrtps_c
[1.955s] [ 64%] Built target turtlesim_interfaces__rosidl_typesupport_introspection_c
[1.958s] [ 74%] Built target turtlesim_interfaces__rosidl_typesupport_c
[1.985s] [ 74%] Built target turtlesim_interfaces
[2.016s] [ 76%] Built target turtlesim_interfaces__py
[2.032s] [35m[1mConsolidate compiler generated dependencies of target turtlesim_interfaces__rosidl_generator_py[0m
[2.052s] [ 84%] Built target turtlesim_interfaces__rosidl_generator_py
[2.071s] [35m[1mConsolidate compiler generated dependencies of target turtlesim_interfaces__rosidl_typesupport_fastrtps_c__pyext[0m
[2.071s] [35m[1mConsolidate compiler generated dependencies of target turtlesim_interfaces__rosidl_typesupport_c__pyext[0m
[2.077s] [35m[1mConsolidate compiler generated dependencies of target turtlesim_interfaces__rosidl_typesupport_introspection_c__pyext[0m
[2.090s] [ 89%] Built target turtlesim_interfaces__rosidl_typesupport_c__pyext
[2.093s] [ 94%] Built target turtlesim_interfaces__rosidl_typesupport_fastrtps_c__pyext
[2.100s] [100%] Built target turtlesim_interfaces__rosidl_typesupport_introspection_c__pyext
[2.282s] running egg_info
[2.283s] writing turtlesim_interfaces.egg-info/PKG-INFO
[2.283s] writing dependency_links to turtlesim_interfaces.egg-info/dependency_links.txt
[2.283s] writing top-level names to turtlesim_interfaces.egg-info/top_level.txt
[2.288s] reading manifest file 'turtlesim_interfaces.egg-info/SOURCES.txt'
[2.289s] writing manifest file 'turtlesim_interfaces.egg-info/SOURCES.txt'
[2.327s] [100%] Built target ament_cmake_python_build_turtlesim_interfaces_egg
[2.346s] Invoked command in '/home/othmene/Turtlesim-Catch-Them-All-project/build/turtlesim_interfaces' returned '0': CMAKE_PREFIX_PATH=${CMAKE_PREFIX_PATH}:/home/othmene/Turtlesim-Catch-Them-All-project/install/turtlesim_catch_them_all:/opt/ros/humble /usr/bin/cmake --build /home/othmene/Turtlesim-Catch-Them-All-project/build/turtlesim_interfaces -- -j4 -l4
[2.485s] Invoking command in '/home/othmene/Turtlesim-Catch-Them-All-project/build/turtlesim_interfaces': CMAKE_PREFIX_PATH=${CMAKE_PREFIX_PATH}:/home/othmene/Turtlesim-Catch-Them-All-project/install/turtlesim_catch_them_all:/opt/ros/humble /usr/bin/cmake --install /home/othmene/Turtlesim-Catch-Them-All-project/build/turtlesim_interfaces
[2.495s] -- Install configuration: ""
[2.495s] -- Execute custom install script
[2.498s] -- Up-to-date symlink: /home/othmene/Turtlesim-Catch-Them-All-project/install/turtlesim_interfaces/share/ament_index/resource_index/rosidl_interfaces/turtlesim_interfaces
[2.500s] -- Up-to-date symlink: /home/othmene/Turtlesim-Catch-Them-All-project/install/turtlesim_interfaces/include/turtlesim_interfaces/turtlesim_interfaces/msg/detail/turtle__functions.h
[2.501s] -- Up-to-date symlink: /home/othmene/Turtlesim-Catch-Them-All-project/install/turtlesim_interfaces/include/turtlesim_interfaces/turtlesim_interfaces/msg/detail/turtle__struct.h
[2.501s] -- Up-to-date symlink: /home/othmene/Turtlesim-Catch-Them-All-project/install/turtlesim_interfaces/include/turtlesim_interfaces/turtlesim_interfaces/msg/detail/turtle__type_support.h
[2.502s] -- Up-to-date symlink: /home/othmene/Turtlesim-Catch-Them-All-project/install/turtlesim_interfaces/include/turtlesim_interfaces/turtlesim_interfaces/msg/detail/turtle_array__functions.h
[2.502s] -- Up-to-date symlink: /home/othmene/Turtlesim-Catch-Them-All-project/install/turtlesim_interfaces/include/turtlesim_interfaces/turtlesim_interfaces/msg/detail/turtle_array__struct.h
[2.503s] -- Up-to-date symlink: /home/othmene/Turtlesim-Catch-Them-All-project/install/turtlesim_interfaces/include/turtlesim_interfaces/turtlesim_interfaces/msg/detail/turtle_array__type_support.h
[2.503s] -- Up-to-date symlink: /home/othmene/Turtlesim-Catch-Them-All-project/install/turtlesim_interfaces/include/turtlesim_interfaces/turtlesim_interfaces/msg/rosidl_generator_c__visibility_control.h
[2.504s] -- Up-to-date symlink: /home/othmene/Turtlesim-Catch-Them-All-project/install/turtlesim_interfaces/include/turtlesim_interfaces/turtlesim_interfaces/msg/turtle.h
[2.504s] -- Up-to-date symlink: /home/othmene/Turtlesim-Catch-Them-All-project/install/turtlesim_interfaces/include/turtlesim_interfaces/turtlesim_interfaces/msg/turtle_array.h
[2.505s] -- Up-to-date symlink: /home/othmene/Turtlesim-Catch-Them-All-project/install/turtlesim_interfaces/share/turtlesim_interfaces/environment/library_path.sh
[2.505s] -- Up-to-date symlink: /home/othmene/Turtlesim-Catch-Them-All-project/install/turtlesim_interfaces/share/turtlesim_interfaces/environment/library_path.dsv
[2.506s] -- Up-to-date symlink: /home/othmene/Turtlesim-Catch-Them-All-project/install/turtlesim_interfaces/include/turtlesim_interfaces/turtlesim_interfaces/msg/detail/turtle__rosidl_typesupport_fastrtps_c.h
[2.507s] -- Up-to-date symlink: /home/othmene/Turtlesim-Catch-Them-All-project/install/turtlesim_interfaces/include/turtlesim_interfaces/turtlesim_interfaces/msg/detail/turtle_array__rosidl_typesupport_fastrtps_c.h
[2.507s] -- Up-to-date symlink: /home/othmene/Turtlesim-Catch-Them-All-project/install/turtlesim_interfaces/include/turtlesim_interfaces/turtlesim_interfaces/msg/rosidl_typesupport_fastrtps_c__visibility_control.h
[2.508s] -- Up-to-date symlink: /home/othmene/Turtlesim-Catch-Them-All-project/install/turtlesim_interfaces/include/turtlesim_interfaces/turtlesim_interfaces/msg/detail/turtle__rosidl_typesupport_introspection_c.h
[2.509s] -- Up-to-date symlink: /home/othmene/Turtlesim-Catch-Them-All-project/install/turtlesim_interfaces/include/turtlesim_interfaces/turtlesim_interfaces/msg/detail/turtle_array__rosidl_typesupport_introspection_c.h
[2.510s] -- Up-to-date symlink: /home/othmene/Turtlesim-Catch-Them-All-project/install/turtlesim_interfaces/include/turtlesim_interfaces/turtlesim_interfaces/msg/rosidl_typesupport_introspection_c__visibility_control.h
[2.511s] -- Up-to-date symlink: /home/othmene/Turtlesim-Catch-Them-All-project/install/turtlesim_interfaces/include/turtlesim_interfaces/turtlesim_interfaces/msg/detail/turtle__builder.hpp
[2.512s] -- Up-to-date symlink: /home/othmene/Turtlesim-Catch-Them-All-project/install/turtlesim_interfaces/include/turtlesim_interfaces/turtlesim_interfaces/msg/detail/turtle__struct.hpp
[2.513s] -- Up-to-date symlink: /home/othmene/Turtlesim-Catch-Them-All-project/install/turtlesim_interfaces/include/turtlesim_interfaces/turtlesim_interfaces/msg/detail/turtle__traits.hpp
[2.513s] -- Up-to-date symlink: /home/othmene/Turtlesim-Catch-Them-All-project/install/turtlesim_interfaces/include/turtlesim_interfaces/turtlesim_interfaces/msg/detail/turtle_array__builder.hpp
[2.514s] -- Up-to-date symlink: /home/othmene/Turtlesim-Catch-Them-All-project/install/turtlesim_interfaces/include/turtlesim_interfaces/turtlesim_interfaces/msg/detail/turtle_array__struct.hpp
[2.514s] -- Up-to-date symlink: /home/othmene/Turtlesim-Catch-Them-All-project/install/turtlesim_interfaces/include/turtlesim_interfaces/turtlesim_interfaces/msg/detail/turtle_array__traits.hpp
[2.515s] -- Up-to-date symlink: /home/othmene/Turtlesim-Catch-Them-All-project/install/turtlesim_interfaces/include/turtlesim_interfaces/turtlesim_interfaces/msg/turtle.hpp
[2.515s] -- Up-to-date symlink: /home/othmene/Turtlesim-Catch-Them-All-project/install/turtlesim_interfaces/include/turtlesim_interfaces/turtlesim_interfaces/msg/turtle_array.hpp
[2.516s] -- Up-to-date symlink: /home/othmene/Turtlesim-Catch-Them-All-project/install/turtlesim_interfaces/include/turtlesim_interfaces/turtlesim_interfaces/msg/detail/turtle__rosidl_typesupport_fastrtps_cpp.hpp
[2.517s] -- Up-to-date symlink: /home/othmene/Turtlesim-Catch-Them-All-project/install/turtlesim_interfaces/include/turtlesim_interfaces/turtlesim_interfaces/msg/detail/turtle_array__rosidl_typesupport_fastrtps_cpp.hpp
[2.517s] -- Up-to-date symlink: /home/othmene/Turtlesim-Catch-Them-All-project/install/turtlesim_interfaces/include/turtlesim_interfaces/turtlesim_interfaces/msg/rosidl_typesupport_fastrtps_cpp__visibility_control.h
[2.518s] -- Up-to-date symlink: /home/othmene/Turtlesim-Catch-Them-All-project/install/turtlesim_interfaces/include/turtlesim_interfaces/turtlesim_interfaces/msg/detail/turtle__rosidl_typesupport_introspection_cpp.hpp
[2.519s] -- Up-to-date symlink: /home/othmene/Turtlesim-Catch-Them-All-project/install/turtlesim_interfaces/include/turtlesim_interfaces/turtlesim_interfaces/msg/detail/turtle_array__rosidl_typesupport_introspection_cpp.hpp
[2.519s] -- Up-to-date symlink: /home/othmene/Turtlesim-Catch-Them-All-project/install/turtlesim_interfaces/share/turtlesim_interfaces/environment/pythonpath.sh
[2.519s] -- Up-to-date symlink: /home/othmene/Turtlesim-Catch-Them-All-project/install/turtlesim_interfaces/share/turtlesim_interfaces/environment/pythonpath.dsv
[2.520s] -- Up-to-date symlink: /home/othmene/Turtlesim-Catch-Them-All-project/install/turtlesim_interfaces/local/lib/python3.10/dist-packages/turtlesim_interfaces-0.0.0-py3.10.egg-info/PKG-INFO
[2.520s] -- Up-to-date symlink: /home/othmene/Turtlesim-Catch-Them-All-project/install/turtlesim_interfaces/local/lib/python3.10/dist-packages/turtlesim_interfaces-0.0.0-py3.10.egg-info/SOURCES.txt
[2.521s] -- Up-to-date symlink: /home/othmene/Turtlesim-Catch-Them-All-project/install/turtlesim_interfaces/local/lib/python3.10/dist-packages/turtlesim_interfaces-0.0.0-py3.10.egg-info/dependency_links.txt
[2.521s] -- Up-to-date symlink: /home/othmene/Turtlesim-Catch-Them-All-project/install/turtlesim_interfaces/local/lib/python3.10/dist-packages/turtlesim_interfaces-0.0.0-py3.10.egg-info/top_level.txt
[2.523s] -- Up-to-date symlink: /home/othmene/Turtlesim-Catch-Them-All-project/install/turtlesim_interfaces/local/lib/python3.10/dist-packages/turtlesim_interfaces/__init__.py
[2.523s] -- Up-to-date symlink: /home/othmene/Turtlesim-Catch-Them-All-project/install/turtlesim_interfaces/local/lib/python3.10/dist-packages/turtlesim_interfaces/_turtlesim_interfaces_s.ep.rosidl_typesupport_c.c
[2.523s] -- Up-to-date symlink: /home/othmene/Turtlesim-Catch-Them-All-project/install/turtlesim_interfaces/local/lib/python3.10/dist-packages/turtlesim_interfaces/_turtlesim_interfaces_s.ep.rosidl_typesupport_fastrtps_c.c
[2.524s] -- Up-to-date symlink: /home/othmene/Turtlesim-Catch-Them-All-project/install/turtlesim_interfaces/local/lib/python3.10/dist-packages/turtlesim_interfaces/_turtlesim_interfaces_s.ep.rosidl_typesupport_introspection_c.c
[2.525s] -- Up-to-date symlink: /home/othmene/Turtlesim-Catch-Them-All-project/install/turtlesim_interfaces/local/lib/python3.10/dist-packages/turtlesim_interfaces/libturtlesim_interfaces__rosidl_generator_py.so
[2.525s] -- Up-to-date symlink: /home/othmene/Turtlesim-Catch-Them-All-project/install/turtlesim_interfaces/local/lib/python3.10/dist-packages/turtlesim_interfaces/msg/__init__.py
[2.526s] -- Up-to-date symlink: /home/othmene/Turtlesim-Catch-Them-All-project/install/turtlesim_interfaces/local/lib/python3.10/dist-packages/turtlesim_interfaces/msg/_turtle.py
[2.526s] -- Up-to-date symlink: /home/othmene/Turtlesim-Catch-Them-All-project/install/turtlesim_interfaces/local/lib/python3.10/dist-packages/turtlesim_interfaces/msg/_turtle_array.py
[2.526s] -- Up-to-date symlink: /home/othmene/Turtlesim-Catch-Them-All-project/install/turtlesim_interfaces/local/lib/python3.10/dist-packages/turtlesim_interfaces/msg/_turtle_array_s.c
[2.527s] -- Up-to-date symlink: /home/othmene/Turtlesim-Catch-Them-All-project/install/turtlesim_interfaces/local/lib/python3.10/dist-packages/turtlesim_interfaces/msg/_turtle_s.c
[2.528s] -- Up-to-date symlink: /home/othmene/Turtlesim-Catch-Them-All-project/install/turtlesim_interfaces/local/lib/python3.10/dist-packages/turtlesim_interfaces/turtlesim_interfaces_s__rosidl_typesupport_c.cpython-310-x86_64-linux-gnu.so
[2.529s] -- Up-to-date symlink: /home/othmene/Turtlesim-Catch-Them-All-project/install/turtlesim_interfaces/local/lib/python3.10/dist-packages/turtlesim_interfaces/turtlesim_interfaces_s__rosidl_typesupport_fastrtps_c.cpython-310-x86_64-linux-gnu.so
[2.529s] -- Up-to-date symlink: /home/othmene/Turtlesim-Catch-Them-All-project/install/turtlesim_interfaces/local/lib/python3.10/dist-packages/turtlesim_interfaces/turtlesim_interfaces_s__rosidl_typesupport_introspection_c.cpython-310-x86_64-linux-gnu.so
[2.530s] -- Up-to-date symlink: /home/othmene/Turtlesim-Catch-Them-All-project/install/turtlesim_interfaces/local/lib/python3.10/dist-packages/turtlesim_interfaces/turtlesim_interfaces_s__rosidl_typesupport_fastrtps_c.cpython-310-x86_64-linux-gnu.so
[2.530s] -- Up-to-date symlink: /home/othmene/Turtlesim-Catch-Them-All-project/install/turtlesim_interfaces/local/lib/python3.10/dist-packages/turtlesim_interfaces/turtlesim_interfaces_s__rosidl_typesupport_introspection_c.cpython-310-x86_64-linux-gnu.so
[2.531s] -- Up-to-date symlink: /home/othmene/Turtlesim-Catch-Them-All-project/install/turtlesim_interfaces/local/lib/python3.10/dist-packages/turtlesim_interfaces/turtlesim_interfaces_s__rosidl_typesupport_c.cpython-310-x86_64-linux-gnu.so
[2.532s] -- Up-to-date symlink: /home/othmene/Turtlesim-Catch-Them-All-project/install/turtlesim_interfaces/share/turtlesim_interfaces/msg/Turtle.idl
[2.532s] -- Up-to-date symlink: /home/othmene/Turtlesim-Catch-Them-All-project/install/turtlesim_interfaces/share/turtlesim_interfaces/msg/TurtleArray.idl
[2.533s] -- Up-to-date symlink: /home/othmene/Turtlesim-Catch-Them-All-project/install/turtlesim_interfaces/share/turtlesim_interfaces/msg/Turtle.msg
[2.533s] -- Up-to-date symlink: /home/othmene/Turtlesim-Catch-Them-All-project/install/turtlesim_interfaces/share/turtlesim_interfaces/msg/TurtleArray.msg
[2.534s] -- Up-to-date symlink: /home/othmene/Turtlesim-Catch-Them-All-project/install/turtlesim_interfaces/share/ament_index/resource_index/package_run_dependencies/turtlesim_interfaces
[2.534s] -- Up-to-date symlink: /home/othmene/Turtlesim-Catch-Them-All-project/install/turtlesim_interfaces/share/ament_index/resource_index/parent_prefix_path/turtlesim_interfaces
[2.535s] -- Up-to-date symlink: /home/othmene/Turtlesim-Catch-Them-All-project/install/turtlesim_interfaces/share/turtlesim_interfaces/environment/ament_prefix_path.sh
[2.535s] -- Up-to-date symlink: /home/othmene/Turtlesim-Catch-Them-All-project/install/turtlesim_interfaces/share/turtlesim_interfaces/environment/ament_prefix_path.dsv
[2.536s] -- Up-to-date symlink: /home/othmene/Turtlesim-Catch-Them-All-project/install/turtlesim_interfaces/share/turtlesim_interfaces/environment/path.sh
[2.536s] -- Up-to-date symlink: /home/othmene/Turtlesim-Catch-Them-All-project/install/turtlesim_interfaces/share/turtlesim_interfaces/environment/path.dsv
[2.537s] -- Up-to-date symlink: /home/othmene/Turtlesim-Catch-Them-All-project/install/turtlesim_interfaces/share/turtlesim_interfaces/local_setup.bash
[2.537s] -- Up-to-date symlink: /home/othmene/Turtlesim-Catch-Them-All-project/install/turtlesim_interfaces/share/turtlesim_interfaces/local_setup.sh
[2.538s] -- Up-to-date symlink: /home/othmene/Turtlesim-Catch-Them-All-project/install/turtlesim_interfaces/share/turtlesim_interfaces/local_setup.zsh
[2.538s] -- Up-to-date symlink: /home/othmene/Turtlesim-Catch-Them-All-project/install/turtlesim_interfaces/share/turtlesim_interfaces/local_setup.dsv
[2.538s] -- Symlinking: /home/othmene/Turtlesim-Catch-Them-All-project/install/turtlesim_interfaces/share/turtlesim_interfaces/package.dsv
[2.551s] -- Up-to-date symlink: /home/othmene/Turtlesim-Catch-Them-All-project/install/turtlesim_interfaces/share/ament_index/resource_index/packages/turtlesim_interfaces
[2.552s] -- Up-to-date symlink: /home/othmene/Turtlesim-Catch-Them-All-project/install/turtlesim_interfaces/share/turtlesim_interfaces/cmake/rosidl_cmake-extras.cmake
[2.553s] -- Up-to-date symlink: /home/othmene/Turtlesim-Catch-Them-All-project/install/turtlesim_interfaces/share/turtlesim_interfaces/cmake/ament_cmake_export_include_directories-extras.cmake
[2.553s] -- Up-to-date symlink: /home/othmene/Turtlesim-Catch-Them-All-project/install/turtlesim_interfaces/share/turtlesim_interfaces/cmake/ament_cmake_export_libraries-extras.cmake
[2.554s] -- Up-to-date symlink: /home/othmene/Turtlesim-Catch-Them-All-project/install/turtlesim_interfaces/share/turtlesim_interfaces/cmake/ament_cmake_export_targets-extras.cmake
[2.555s] -- Up-to-date symlink: /home/othmene/Turtlesim-Catch-Them-All-project/install/turtlesim_interfaces/share/turtlesim_interfaces/cmake/rosidl_cmake_export_typesupport_targets-extras.cmake
[2.556s] -- Up-to-date symlink: /home/othmene/Turtlesim-Catch-Them-All-project/install/turtlesim_interfaces/share/turtlesim_interfaces/cmake/ament_cmake_export_dependencies-extras.cmake
[2.557s] -- Up-to-date symlink: /home/othmene/Turtlesim-Catch-Them-All-project/install/turtlesim_interfaces/share/turtlesim_interfaces/cmake/rosidl_cmake_export_typesupport_libraries-extras.cmake
[2.560s] -- Up-to-date symlink: /home/othmene/Turtlesim-Catch-Them-All-project/install/turtlesim_interfaces/share/turtlesim_interfaces/cmake/turtlesim_interfacesConfig.cmake
[2.561s] -- Up-to-date symlink: /home/othmene/Turtlesim-Catch-Them-All-project/install/turtlesim_interfaces/share/turtlesim_interfaces/cmake/turtlesim_interfacesConfig-version.cmake
[2.563s] -- Up-to-date symlink: /home/othmene/Turtlesim-Catch-Them-All-project/install/turtlesim_interfaces/share/turtlesim_interfaces/package.xml
[2.565s] -- Up-to-date: /home/othmene/Turtlesim-Catch-Them-All-project/install/turtlesim_interfaces/lib/libturtlesim_interfaces__rosidl_generator_c.so
[2.566s] -- Up-to-date: /home/othmene/Turtlesim-Catch-Them-All-project/install/turtlesim_interfaces/lib/libturtlesim_interfaces__rosidl_typesupport_fastrtps_c.so
[2.567s] -- Up-to-date: /home/othmene/Turtlesim-Catch-Them-All-project/install/turtlesim_interfaces/lib/libturtlesim_interfaces__rosidl_typesupport_introspection_c.so
[2.568s] -- Up-to-date: /home/othmene/Turtlesim-Catch-Them-All-project/install/turtlesim_interfaces/lib/libturtlesim_interfaces__rosidl_typesupport_c.so
[2.569s] -- Up-to-date: /home/othmene/Turtlesim-Catch-Them-All-project/install/turtlesim_interfaces/lib/libturtlesim_interfaces__rosidl_typesupport_fastrtps_cpp.so
[2.571s] -- Up-to-date: /home/othmene/Turtlesim-Catch-Them-All-project/install/turtlesim_interfaces/lib/libturtlesim_interfaces__rosidl_typesupport_introspection_cpp.so
[2.572s] -- Up-to-date: /home/othmene/Turtlesim-Catch-Them-All-project/install/turtlesim_interfaces/lib/libturtlesim_interfaces__rosidl_typesupport_cpp.so
[2.620s] Listing '/home/othmene/Turtlesim-Catch-Them-All-project/install/turtlesim_interfaces/local/lib/python3.10/dist-packages/turtlesim_interfaces'...
[2.620s] Compiling '/home/othmene/Turtlesim-Catch-Them-All-project/install/turtlesim_interfaces/local/lib/python3.10/dist-packages/turtlesim_interfaces/__init__.py'...
[2.621s] Listing '/home/othmene/Turtlesim-Catch-Them-All-project/install/turtlesim_interfaces/local/lib/python3.10/dist-packages/turtlesim_interfaces/msg'...
[2.627s] -- Up-to-date: /home/othmene/Turtlesim-Catch-Them-All-project/install/turtlesim_interfaces/lib/libturtlesim_interfaces__rosidl_generator_py.so
[2.628s] -- Up-to-date: /home/othmene/Turtlesim-Catch-Them-All-project/install/turtlesim_interfaces/share/turtlesim_interfaces/cmake/export_turtlesim_interfaces__rosidl_generator_cExport.cmake
[2.628s] -- Up-to-date: /home/othmene/Turtlesim-Catch-Them-All-project/install/turtlesim_interfaces/share/turtlesim_interfaces/cmake/export_turtlesim_interfaces__rosidl_generator_cExport-noconfig.cmake
[2.628s] -- Up-to-date: /home/othmene/Turtlesim-Catch-Them-All-project/install/turtlesim_interfaces/share/turtlesim_interfaces/cmake/export_turtlesim_interfaces__rosidl_typesupport_fastrtps_cExport.cmake
[2.629s] -- Up-to-date: /home/othmene/Turtlesim-Catch-Them-All-project/install/turtlesim_interfaces/share/turtlesim_interfaces/cmake/export_turtlesim_interfaces__rosidl_typesupport_fastrtps_cExport-noconfig.cmake
[2.629s] -- Up-to-date: /home/othmene/Turtlesim-Catch-Them-All-project/install/turtlesim_interfaces/share/turtlesim_interfaces/cmake/turtlesim_interfaces__rosidl_typesupport_introspection_cExport.cmake
[2.629s] -- Up-to-date: /home/othmene/Turtlesim-Catch-Them-All-project/install/turtlesim_interfaces/share/turtlesim_interfaces/cmake/turtlesim_interfaces__rosidl_typesupport_introspection_cExport-noconfig.cmake
[2.630s] -- Up-to-date: /home/othmene/Turtlesim-Catch-Them-All-project/install/turtlesim_interfaces/share/turtlesim_interfaces/cmake/turtlesim_interfaces__rosidl_typesupport_cExport.cmake
[2.630s] -- Up-to-date: /home/othmene/Turtlesim-Catch-Them-All-project/install/turtlesim_interfaces/share/turtlesim_interfaces/cmake/turtlesim_interfaces__rosidl_typesupport_cExport-noconfig.cmake
[2.630s] -- Up-to-date: /home/othmene/Turtlesim-Catch-Them-All-project/install/turtlesim_interfaces/share/turtlesim_interfaces/cmake/export_turtlesim_interfaces__rosidl_generator_cppExport.cmake
[2.631s] -- Up-to-date: /home/othmene/Turtlesim-Catch-Them-All-project/install/turtlesim_interfaces/share/turtlesim_interfaces/cmake/export_turtlesim_interfaces__rosidl_typesupport_fastrtps_cppExport.cmake
[2.631s] -- Up-to-date: /home/othmene/Turtlesim-Catch-Them-All-project/install/turtlesim_interfaces/share/turtlesim_interfaces/cmake/export_turtlesim_interfaces__rosidl_typesupport_fastrtps_cppExport-noconfig.cmake
[2.632s] -- Up-to-date: /home/othmene/Turtlesim-Catch-Them-All-project/install/turtlesim_interfaces/share/turtlesim_interfaces/cmake/turtlesim_interfaces__rosidl_typesupport_introspection_cppExport.cmake
[2.632s] -- Up-to-date: /home/othmene/Turtlesim-Catch-Them-All-project/install/turtlesim_interfaces/share/turtlesim_interfaces/cmake/turtlesim_interfaces__rosidl_typesupport_introspection_cppExport-noconfig.cmake
[2.632s] -- Up-to-date: /home/othmene/Turtlesim-Catch-Them-All-project/install/turtlesim_interfaces/share/turtlesim_interfaces/cmake/turtlesim_interfaces__rosidl_typesupport_cppExport.cmake
[2.633s] -- Up-to-date: /home/othmene/Turtlesim-Catch-Them-All-project/install/turtlesim_interfaces/share/turtlesim_interfaces/cmake/turtlesim_interfaces__rosidl_typesupport_cppExport-noconfig.cmake
[2.633s] -- Up-to-date: /home/othmene/Turtlesim-Catch-Them-All-project/install/turtlesim_interfaces/share/turtlesim_interfaces/cmake/export_turtlesim_interfaces__rosidl_generator_pyExport.cmake
[2.633s] -- Up-to-date: /home/othmene/Turtlesim-Catch-Them-All-project/install/turtlesim_interfaces/share/turtlesim_interfaces/cmake/export_turtlesim_interfaces__rosidl_generator_pyExport-noconfig.cmake
[2.637s] Invoked command in '/home/othmene/Turtlesim-Catch-Them-All-project/build/turtlesim_interfaces' returned '0': CMAKE_PREFIX_PATH=${CMAKE_PREFIX_PATH}:/home/othmene/Turtlesim-Catch-Them-All-project/install/turtlesim_catch_them_all:/opt/ros/humble /usr/bin/cmake --install /home/othmene/Turtlesim-Catch-Them-All-project/build/turtlesim_interfaces
